<?xml version="1.0" encoding="UTF-8"?>
<coverage generated="1560006624639" clover="3.2.0">
  <project timestamp="1560006624639" name="All files">
    <metrics statements="971" coveredstatements="918" conditionals="364" coveredconditionals="272" methods="170" coveredmethods="161" elements="1505" coveredelements="1351" complexity="0" loc="971" ncloc="971" packages="8" files="50" classes="50">
      <package name="src">
        <metrics statements="149" coveredstatements="131" conditionals="49" coveredconditionals="27" methods="34" coveredmethods="33"/>
        <file name="Api.ts" path="/Users/tomlai/Documents/projects/workspace/lexica-os/lexica-dialog-core/src/Api.ts">
          <metrics statements="24" coveredstatements="24" conditionals="4" coveredconditionals="4" methods="3" coveredmethods="3"/>
          <line num="2" count="1" type="stmt"/>
          <line num="3" count="1" type="stmt"/>
          <line num="4" count="1" type="stmt"/>
          <line num="5" count="1" type="stmt"/>
          <line num="6" count="1" type="stmt"/>
          <line num="8" count="1" type="stmt"/>
          <line num="9" count="1" type="stmt"/>
          <line num="10" count="1" type="stmt"/>
          <line num="11" count="1" type="stmt"/>
          <line num="13" count="1" type="stmt"/>
          <line num="15" count="1" type="stmt"/>
          <line num="16" count="1" type="stmt"/>
          <line num="17" count="1" type="stmt"/>
          <line num="18" count="1" type="stmt"/>
          <line num="19" count="1" type="stmt"/>
          <line num="20" count="1" type="stmt"/>
          <line num="21" count="1" type="stmt"/>
          <line num="22" count="1" type="stmt"/>
          <line num="23" count="1" type="stmt"/>
          <line num="24" count="1" type="stmt"/>
          <line num="26" count="1" type="stmt"/>
          <line num="29" count="4" type="stmt"/>
          <line num="30" count="4" type="stmt"/>
          <line num="33" count="1" type="stmt"/>
        </file>
        <file name="BotServer.ts" path="/Users/tomlai/Documents/projects/workspace/lexica-os/lexica-dialog-core/src/BotServer.ts">
          <metrics statements="93" coveredstatements="79" conditionals="33" coveredconditionals="16" methods="20" coveredmethods="20"/>
          <line num="2" count="1" type="stmt"/>
          <line num="3" count="1" type="stmt"/>
          <line num="4" count="1" type="stmt"/>
          <line num="5" count="1" type="stmt"/>
          <line num="6" count="1" type="stmt"/>
          <line num="7" count="1" type="stmt"/>
          <line num="8" count="1" type="stmt"/>
          <line num="9" count="1" type="stmt"/>
          <line num="10" count="1" type="stmt"/>
          <line num="11" count="1" type="stmt"/>
          <line num="12" count="1" type="stmt"/>
          <line num="13" count="1" type="stmt"/>
          <line num="14" count="1" type="stmt"/>
          <line num="15" count="1" type="stmt"/>
          <line num="16" count="1" type="stmt"/>
          <line num="17" count="1" type="stmt"/>
          <line num="18" count="1" type="stmt"/>
          <line num="19" count="1" type="stmt"/>
          <line num="22" count="1" type="stmt"/>
          <line num="23" count="1" type="stmt"/>
          <line num="24" count="1" type="stmt"/>
          <line num="25" count="1" type="stmt"/>
          <line num="26" count="1" type="stmt"/>
          <line num="27" count="1" type="stmt"/>
          <line num="28" count="1" type="stmt"/>
          <line num="29" count="1" type="stmt"/>
          <line num="32" count="1" type="stmt"/>
          <line num="33" count="1" type="stmt"/>
          <line num="34" count="1" type="stmt"/>
          <line num="35" count="1" type="stmt"/>
          <line num="36" count="1" type="stmt"/>
          <line num="37" count="1" type="stmt"/>
          <line num="42" count="1" type="stmt"/>
          <line num="43" count="1" type="cond" truecount="1" falsecount="1"/>
          <line num="44" count="0" type="cond" truecount="0" falsecount="2"/>
          <line num="45" count="0" type="stmt"/>
          <line num="48" count="0" type="stmt"/>
          <line num="52" count="1" type="stmt"/>
          <line num="54" count="1" type="cond" truecount="1" falsecount="1"/>
          <line num="55" count="0" type="stmt"/>
          <line num="57" count="1" type="cond" truecount="1" falsecount="1"/>
          <line num="58" count="1" type="stmt"/>
          <line num="60" count="0" type="cond" truecount="0" falsecount="2"/>
          <line num="61" count="0" type="stmt"/>
          <line num="63" count="1" type="cond" truecount="2" falsecount="2"/>
          <line num="64" count="0" type="stmt"/>
          <line num="66" count="1" type="cond" truecount="1" falsecount="1"/>
          <line num="67" count="1" type="stmt"/>
          <line num="69" count="0" type="cond" truecount="0" falsecount="2"/>
          <line num="70" count="0" type="stmt"/>
          <line num="72" count="1" type="stmt"/>
          <line num="73" count="1" type="stmt"/>
          <line num="74" count="1" type="stmt"/>
          <line num="75" count="1" type="stmt"/>
          <line num="76" count="1" type="stmt"/>
          <line num="77" count="1" type="stmt"/>
          <line num="78" count="1" type="cond" truecount="1" falsecount="1"/>
          <line num="79" count="1" type="stmt"/>
          <line num="87" count="0" type="stmt"/>
          <line num="89" count="1" type="stmt"/>
          <line num="90" count="1" type="stmt"/>
          <line num="93" count="1" type="stmt"/>
          <line num="94" count="1" type="stmt"/>
          <line num="95" count="1" type="stmt"/>
          <line num="98" count="6" type="cond" truecount="1" falsecount="1"/>
          <line num="99" count="6" type="stmt"/>
          <line num="101" count="0" type="stmt"/>
          <line num="104" count="1" type="stmt"/>
          <line num="105" count="1" type="stmt"/>
          <line num="106" count="127" type="cond" truecount="3" falsecount="1"/>
          <line num="108" count="32" type="stmt"/>
          <line num="109" count="1" type="stmt"/>
          <line num="110" count="1" type="stmt"/>
          <line num="113" count="1" type="stmt"/>
          <line num="145" count="31" type="stmt"/>
          <line num="148" count="1" type="stmt"/>
          <line num="153" count="1" type="stmt"/>
          <line num="158" count="1" type="stmt"/>
          <line num="164" count="1" type="stmt"/>
          <line num="165" count="1" type="stmt"/>
          <line num="168" count="1" type="stmt"/>
          <line num="169" count="43" type="stmt"/>
          <line num="192" count="43" type="stmt"/>
          <line num="193" count="43" type="stmt"/>
          <line num="194" count="43" type="stmt"/>
          <line num="195" count="43" type="cond" truecount="1" falsecount="1"/>
          <line num="196" count="0" type="stmt"/>
          <line num="200" count="0" type="stmt"/>
          <line num="201" count="0" type="stmt"/>
          <line num="206" count="1264" type="cond" truecount="2" falsecount="0"/>
          <line num="207" count="31" type="stmt"/>
          <line num="209" count="1233" type="stmt"/>
          <line num="212" count="1" type="stmt"/>
        </file>
        <file name="Utils.ts" path="/Users/tomlai/Documents/projects/workspace/lexica-os/lexica-dialog-core/src/Utils.ts">
          <metrics statements="29" coveredstatements="25" conditionals="12" coveredconditionals="7" methods="10" coveredmethods="9"/>
          <line num="2" count="1" type="stmt"/>
          <line num="3" count="1" type="stmt"/>
          <line num="4" count="1" type="stmt"/>
          <line num="5" count="1" type="stmt"/>
          <line num="6" count="1" type="stmt"/>
          <line num="7" count="1" type="stmt"/>
          <line num="9" count="5" type="stmt"/>
          <line num="10" count="5" type="stmt"/>
          <line num="11" count="5" type="stmt"/>
          <line num="14" count="1" type="stmt"/>
          <line num="17" count="45" type="cond" truecount="4" falsecount="0"/>
          <line num="18" count="38" type="stmt"/>
          <line num="19" count="38" type="stmt"/>
          <line num="21" count="42" type="stmt"/>
          <line num="25" count="38" type="stmt"/>
          <line num="27" count="7" type="cond" truecount="3" falsecount="1"/>
          <line num="28" count="11" type="stmt"/>
          <line num="34" count="7" type="stmt"/>
          <line num="41" count="0" type="cond" truecount="0" falsecount="4"/>
          <line num="42" count="0" type="stmt"/>
          <line num="47" count="0" type="stmt"/>
          <line num="54" count="0" type="stmt"/>
          <line num="56" count="45" type="stmt"/>
          <line num="58" count="1" type="stmt"/>
          <line num="60" count="56" type="stmt"/>
          <line num="61" count="56" type="stmt"/>
          <line num="63" count="1" type="stmt"/>
          <line num="65" count="308" type="stmt"/>
          <line num="67" count="1" type="stmt"/>
        </file>
        <file name="index.ts" path="/Users/tomlai/Documents/projects/workspace/lexica-os/lexica-dialog-core/src/index.ts">
          <metrics statements="3" coveredstatements="3" conditionals="0" coveredconditionals="0" methods="1" coveredmethods="1"/>
          <line num="2" count="1" type="stmt"/>
          <line num="3" count="1" type="stmt"/>
          <line num="4" count="1" type="stmt"/>
        </file>
      </package>
      <package name="src.aws">
        <metrics statements="57" coveredstatements="50" conditionals="20" coveredconditionals="14" methods="10" coveredmethods="9"/>
        <file name="ElasticTranscoderService.ts" path="/Users/tomlai/Documents/projects/workspace/lexica-os/lexica-dialog-core/src/aws/ElasticTranscoderService.ts">
          <metrics statements="29" coveredstatements="25" conditionals="12" coveredconditionals="8" methods="5" coveredmethods="5"/>
          <line num="2" count="1" type="stmt"/>
          <line num="3" count="1" type="stmt"/>
          <line num="4" count="1" type="stmt"/>
          <line num="7" count="1" type="stmt"/>
          <line num="8" count="1" type="stmt"/>
          <line num="13" count="1" type="stmt"/>
          <line num="16" count="1" type="stmt"/>
          <line num="19" count="2" type="stmt"/>
          <line num="20" count="2" type="stmt"/>
          <line num="24" count="2" type="stmt"/>
          <line num="34" count="2" type="stmt"/>
          <line num="35" count="2" type="cond" truecount="3" falsecount="1"/>
          <line num="36" count="2" type="stmt"/>
          <line num="37" count="2" type="stmt"/>
          <line num="38" count="2" type="stmt"/>
          <line num="39" count="11" type="stmt"/>
          <line num="40" count="11" type="cond" truecount="1" falsecount="1"/>
          <line num="41" count="11" type="cond" truecount="2" falsecount="0"/>
          <line num="42" count="2" type="stmt"/>
          <line num="44" count="9" type="cond" truecount="1" falsecount="1"/>
          <line num="45" count="0" type="stmt"/>
          <line num="47" count="9" type="cond" truecount="1" falsecount="1"/>
          <line num="48" count="0" type="stmt"/>
          <line num="51" count="9" type="stmt"/>
          <line num="52" count="9" type="stmt"/>
          <line num="54" count="0" type="stmt"/>
          <line num="56" count="0" type="stmt"/>
          <line num="59" count="1" type="stmt"/>
          <line num="60" count="1" type="stmt"/>
        </file>
        <file name="S3Service.ts" path="/Users/tomlai/Documents/projects/workspace/lexica-os/lexica-dialog-core/src/aws/S3Service.ts">
          <metrics statements="23" coveredstatements="20" conditionals="8" coveredconditionals="6" methods="5" coveredmethods="4"/>
          <line num="2" count="1" type="stmt"/>
          <line num="3" count="1" type="stmt"/>
          <line num="4" count="1" type="stmt"/>
          <line num="5" count="1" type="stmt"/>
          <line num="6" count="1" type="stmt"/>
          <line num="7" count="1" type="stmt"/>
          <line num="10" count="1" type="stmt"/>
          <line num="11" count="1" type="stmt"/>
          <line num="16" count="4" type="stmt"/>
          <line num="17" count="4" type="cond" truecount="2" falsecount="2"/>
          <line num="18" count="4" type="stmt"/>
          <line num="19" count="4" type="cond" truecount="2" falsecount="0"/>
          <line num="20" count="4" type="stmt"/>
          <line num="21" count="4" type="stmt"/>
          <line num="22" count="4" type="stmt"/>
          <line num="23" count="4" type="cond" truecount="2" falsecount="0"/>
          <line num="25" count="4" type="stmt"/>
          <line num="31" count="4" type="stmt"/>
          <line num="37" count="0" type="stmt"/>
          <line num="40" count="0" type="stmt"/>
          <line num="43" count="0" type="stmt"/>
          <line num="48" count="1" type="stmt"/>
          <line num="49" count="1" type="stmt"/>
        </file>
        <file name="index.ts" path="/Users/tomlai/Documents/projects/workspace/lexica-os/lexica-dialog-core/src/aws/index.ts">
          <metrics statements="5" coveredstatements="5" conditionals="0" coveredconditionals="0" methods="0" coveredmethods="0"/>
          <line num="2" count="1" type="stmt"/>
          <line num="3" count="1" type="stmt"/>
          <line num="4" count="1" type="stmt"/>
          <line num="5" count="1" type="stmt"/>
          <line num="6" count="1" type="stmt"/>
        </file>
      </package>
      <package name="src.executors">
        <metrics statements="30" coveredstatements="30" conditionals="8" coveredconditionals="5" methods="2" coveredmethods="2"/>
        <file name="CloseIssueExecutor.ts" path="/Users/tomlai/Documents/projects/workspace/lexica-os/lexica-dialog-core/src/executors/CloseIssueExecutor.ts">
          <metrics statements="12" coveredstatements="12" conditionals="2" coveredconditionals="1" methods="1" coveredmethods="1"/>
          <line num="2" count="1" type="stmt"/>
          <line num="3" count="1" type="stmt"/>
          <line num="4" count="1" type="stmt"/>
          <line num="5" count="1" type="stmt"/>
          <line num="6" count="2" type="stmt"/>
          <line num="7" count="2" type="cond" truecount="1" falsecount="1"/>
          <line num="8" count="2" type="stmt"/>
          <line num="9" count="2" type="stmt"/>
          <line num="10" count="2" type="stmt"/>
          <line num="11" count="2" type="stmt"/>
          <line num="12" count="2" type="stmt"/>
          <line num="15" count="1" type="stmt"/>
        </file>
        <file name="CreateIssueExecutor.ts" path="/Users/tomlai/Documents/projects/workspace/lexica-os/lexica-dialog-core/src/executors/CreateIssueExecutor.ts">
          <metrics statements="13" coveredstatements="13" conditionals="6" coveredconditionals="4" methods="1" coveredmethods="1"/>
          <line num="2" count="1" type="stmt"/>
          <line num="3" count="1" type="stmt"/>
          <line num="4" count="1" type="stmt"/>
          <line num="5" count="1" type="stmt"/>
          <line num="6" count="2" type="stmt"/>
          <line num="7" count="2" type="cond" truecount="3" falsecount="1"/>
          <line num="8" count="2" type="stmt"/>
          <line num="9" count="2" type="stmt"/>
          <line num="17" count="2" type="stmt"/>
          <line num="18" count="2" type="cond" truecount="1" falsecount="1"/>
          <line num="19" count="2" type="stmt"/>
          <line num="20" count="2" type="stmt"/>
          <line num="24" count="1" type="stmt"/>
        </file>
        <file name="index.ts" path="/Users/tomlai/Documents/projects/workspace/lexica-os/lexica-dialog-core/src/executors/index.ts">
          <metrics statements="5" coveredstatements="5" conditionals="0" coveredconditionals="0" methods="0" coveredmethods="0"/>
          <line num="2" count="1" type="stmt"/>
          <line num="3" count="1" type="stmt"/>
          <line num="4" count="1" type="stmt"/>
          <line num="5" count="1" type="stmt"/>
          <line num="6" count="1" type="stmt"/>
        </file>
      </package>
      <package name="src.middlewares">
        <metrics statements="631" coveredstatements="615" conditionals="261" coveredconditionals="211" methods="87" coveredmethods="84"/>
        <file name="AdditionalResponseMessageMiddleware.ts" path="/Users/tomlai/Documents/projects/workspace/lexica-os/lexica-dialog-core/src/middlewares/AdditionalResponseMessageMiddleware.ts">
          <metrics statements="27" coveredstatements="26" conditionals="17" coveredconditionals="14" methods="1" coveredmethods="1"/>
          <line num="2" count="1" type="stmt"/>
          <line num="3" count="1" type="stmt"/>
          <line num="4" count="1" type="stmt"/>
          <line num="5" count="1" type="stmt"/>
          <line num="6" count="1" type="stmt"/>
          <line num="7" count="1" type="stmt"/>
          <line num="8" count="36" type="stmt"/>
          <line num="9" count="33" type="stmt"/>
          <line num="10" count="33" type="cond" truecount="7" falsecount="0"/>
          <line num="15" count="5" type="stmt"/>
          <line num="16" count="5" type="stmt"/>
          <line num="17" count="5" type="stmt"/>
          <line num="18" count="5" type="stmt"/>
          <line num="19" count="5" type="stmt"/>
          <line num="20" count="5" type="stmt"/>
          <line num="21" count="5" type="stmt"/>
          <line num="22" count="5" type="cond" truecount="2" falsecount="0"/>
          <line num="23" count="4" type="stmt"/>
          <line num="24" count="4" type="stmt"/>
          <line num="25" count="4" type="cond" truecount="3" falsecount="1"/>
          <line num="26" count="4" type="stmt"/>
          <line num="29" count="5" type="cond" truecount="1" falsecount="1"/>
          <line num="30" count="5" type="stmt"/>
          <line num="31" count="5" type="cond" truecount="1" falsecount="1"/>
          <line num="32" count="0" type="stmt"/>
          <line num="35" count="5" type="stmt"/>
          <line num="40" count="1" type="stmt"/>
        </file>
        <file name="CommandsValidationMiddleware.ts" path="/Users/tomlai/Documents/projects/workspace/lexica-os/lexica-dialog-core/src/middlewares/CommandsValidationMiddleware.ts">
          <metrics statements="12" coveredstatements="11" conditionals="4" coveredconditionals="3" methods="2" coveredmethods="2"/>
          <line num="2" count="1" type="stmt"/>
          <line num="3" count="1" type="stmt"/>
          <line num="4" count="1" type="stmt"/>
          <line num="5" count="1" type="stmt"/>
          <line num="6" count="36" type="stmt"/>
          <line num="7" count="36" type="cond" truecount="1" falsecount="1"/>
          <line num="8" count="0" type="stmt"/>
          <line num="10" count="36" type="stmt"/>
          <line num="11" count="37" type="cond" truecount="2" falsecount="0"/>
          <line num="12" count="2" type="stmt"/>
          <line num="15" count="34" type="stmt"/>
          <line num="17" count="1" type="stmt"/>
        </file>
        <file name="ContinuousOptionsToTextMiddleware.ts" path="/Users/tomlai/Documents/projects/workspace/lexica-os/lexica-dialog-core/src/middlewares/ContinuousOptionsToTextMiddleware.ts">
          <metrics statements="15" coveredstatements="15" conditionals="7" coveredconditionals="7" methods="2" coveredmethods="2"/>
          <line num="2" count="1" type="stmt"/>
          <line num="3" count="1" type="stmt"/>
          <line num="4" count="1" type="stmt"/>
          <line num="5" count="1" type="stmt"/>
          <line num="6" count="38" type="stmt"/>
          <line num="7" count="38" type="stmt"/>
          <line num="8" count="38" type="stmt"/>
          <line num="9" count="35" type="stmt"/>
          <line num="10" count="35" type="cond" truecount="2" falsecount="0"/>
          <line num="11" count="5" type="stmt"/>
          <line num="12" count="5" type="stmt"/>
          <line num="13" count="5" type="cond" truecount="5" falsecount="0"/>
          <line num="16" count="1" type="stmt"/>
          <line num="21" count="5" type="stmt"/>
          <line num="26" count="1" type="stmt"/>
        </file>
        <file name="ConversationIntentMiddleware.ts" path="/Users/tomlai/Documents/projects/workspace/lexica-os/lexica-dialog-core/src/middlewares/ConversationIntentMiddleware.ts">
          <metrics statements="13" coveredstatements="13" conditionals="4" coveredconditionals="4" methods="3" coveredmethods="3"/>
          <line num="2" count="1" type="stmt"/>
          <line num="3" count="1" type="stmt"/>
          <line num="4" count="1" type="stmt"/>
          <line num="5" count="1" type="stmt"/>
          <line num="6" count="36" type="stmt"/>
          <line num="7" count="36" type="cond" truecount="4" falsecount="0"/>
          <line num="8" count="2" type="stmt"/>
          <line num="10" count="2" type="stmt"/>
          <line num="11" count="2" type="stmt"/>
          <line num="12" count="2" type="stmt"/>
          <line num="13" count="2" type="stmt"/>
          <line num="21" count="36" type="stmt"/>
          <line num="23" count="1" type="stmt"/>
        </file>
        <file name="FallbackResponseMiddleware.ts" path="/Users/tomlai/Documents/projects/workspace/lexica-os/lexica-dialog-core/src/middlewares/FallbackResponseMiddleware.ts">
          <metrics statements="36" coveredstatements="36" conditionals="16" coveredconditionals="14" methods="6" coveredmethods="6"/>
          <line num="2" count="1" type="stmt"/>
          <line num="3" count="1" type="stmt"/>
          <line num="4" count="1" type="stmt"/>
          <line num="5" count="1" type="stmt"/>
          <line num="6" count="1" type="stmt"/>
          <line num="7" count="1" type="stmt"/>
          <line num="10" count="3" type="stmt"/>
          <line num="13" count="3" type="cond" truecount="4" falsecount="0"/>
          <line num="14" count="1" type="stmt"/>
          <line num="16" count="2" type="stmt"/>
          <line num="18" count="3" type="stmt"/>
          <line num="19" count="3" type="cond" truecount="2" falsecount="0"/>
          <line num="20" count="1" type="stmt"/>
          <line num="22" count="2" type="cond" truecount="1" falsecount="1"/>
          <line num="23" count="2" type="stmt"/>
          <line num="25" count="3" type="stmt"/>
          <line num="27" count="1" type="stmt"/>
          <line num="28" count="42" type="stmt"/>
          <line num="29" count="42" type="stmt"/>
          <line num="32" count="3" type="stmt"/>
          <line num="33" count="3" type="stmt"/>
          <line num="34" count="3" type="stmt"/>
          <line num="35" count="3" type="stmt"/>
          <line num="42" count="3" type="cond" truecount="3" falsecount="1"/>
          <line num="43" count="3" type="stmt"/>
          <line num="44" count="3" type="stmt"/>
          <line num="45" count="3" type="cond" truecount="2" falsecount="0"/>
          <line num="46" count="2" type="stmt"/>
          <line num="47" count="2" type="stmt"/>
          <line num="48" count="2" type="stmt"/>
          <line num="49" count="2" type="stmt"/>
          <line num="50" count="2" type="stmt"/>
          <line num="53" count="3" type="cond" truecount="2" falsecount="0"/>
          <line num="54" count="1" type="stmt"/>
          <line num="58" count="1" type="stmt"/>
          <line num="62" count="1" type="stmt"/>
        </file>
        <file name="FetchIssueMiddleware.ts" path="/Users/tomlai/Documents/projects/workspace/lexica-os/lexica-dialog-core/src/middlewares/FetchIssueMiddleware.ts">
          <metrics statements="12" coveredstatements="12" conditionals="4" coveredconditionals="3" methods="1" coveredmethods="1"/>
          <line num="2" count="1" type="stmt"/>
          <line num="3" count="1" type="stmt"/>
          <line num="4" count="1" type="stmt"/>
          <line num="5" count="1" type="stmt"/>
          <line num="6" count="42" type="stmt"/>
          <line num="7" count="42" type="cond" truecount="1" falsecount="1"/>
          <line num="8" count="42" type="stmt"/>
          <line num="9" count="42" type="stmt"/>
          <line num="10" count="42" type="cond" truecount="2" falsecount="0"/>
          <line num="11" count="9" type="stmt"/>
          <line num="14" count="42" type="stmt"/>
          <line num="16" count="1" type="stmt"/>
        </file>
        <file name="FileRequestMiddleware.ts" path="/Users/tomlai/Documents/projects/workspace/lexica-os/lexica-dialog-core/src/middlewares/FileRequestMiddleware.ts">
          <metrics statements="12" coveredstatements="12" conditionals="5" coveredconditionals="5" methods="1" coveredmethods="1"/>
          <line num="2" count="1" type="stmt"/>
          <line num="3" count="1" type="stmt"/>
          <line num="4" count="1" type="stmt"/>
          <line num="5" count="1" type="stmt"/>
          <line num="11" count="1" type="stmt"/>
          <line num="12" count="42" type="stmt"/>
          <line num="13" count="42" type="cond" truecount="5" falsecount="0"/>
          <line num="14" count="4" type="stmt"/>
          <line num="15" count="4" type="stmt"/>
          <line num="16" count="4" type="stmt"/>
          <line num="18" count="42" type="stmt"/>
          <line num="20" count="1" type="stmt"/>
        </file>
        <file name="FileRequestResponseMiddleware.ts" path="/Users/tomlai/Documents/projects/workspace/lexica-os/lexica-dialog-core/src/middlewares/FileRequestResponseMiddleware.ts">
          <metrics statements="19" coveredstatements="18" conditionals="8" coveredconditionals="7" methods="3" coveredmethods="3"/>
          <line num="2" count="1" type="stmt"/>
          <line num="3" count="1" type="stmt"/>
          <line num="4" count="1" type="stmt"/>
          <line num="5" count="1" type="stmt"/>
          <line num="6" count="1" type="stmt"/>
          <line num="7" count="1" type="stmt"/>
          <line num="8" count="42" type="stmt"/>
          <line num="9" count="42" type="cond" truecount="6" falsecount="0"/>
          <line num="13" count="4" type="stmt"/>
          <line num="14" count="4" type="stmt"/>
          <line num="15" count="4" type="stmt"/>
          <line num="16" count="4" type="cond" truecount="1" falsecount="1"/>
          <line num="17" count="4" type="stmt"/>
          <line num="18" count="4" type="stmt"/>
          <line num="19" count="4" type="stmt"/>
          <line num="20" count="4" type="stmt"/>
          <line num="23" count="0" type="stmt"/>
          <line num="27" count="38" type="stmt"/>
          <line num="30" count="1" type="stmt"/>
        </file>
        <file name="FlattenResponsesMiddleware.ts" path="/Users/tomlai/Documents/projects/workspace/lexica-os/lexica-dialog-core/src/middlewares/FlattenResponsesMiddleware.ts">
          <metrics statements="8" coveredstatements="8" conditionals="0" coveredconditionals="0" methods="3" coveredmethods="3"/>
          <line num="2" count="1" type="stmt"/>
          <line num="3" count="1" type="stmt"/>
          <line num="4" count="1" type="stmt"/>
          <line num="5" count="36" type="stmt"/>
          <line num="6" count="33" type="stmt"/>
          <line num="8" count="34" type="stmt"/>
          <line num="9" count="34" type="stmt"/>
          <line num="11" count="1" type="stmt"/>
        </file>
        <file name="GlobalConfigMiddleware.ts" path="/Users/tomlai/Documents/projects/workspace/lexica-os/lexica-dialog-core/src/middlewares/GlobalConfigMiddleware.ts">
          <metrics statements="9" coveredstatements="9" conditionals="0" coveredconditionals="0" methods="1" coveredmethods="1"/>
          <line num="2" count="1" type="stmt"/>
          <line num="3" count="1" type="stmt"/>
          <line num="4" count="1" type="stmt"/>
          <line num="5" count="43" type="stmt"/>
          <line num="6" count="43" type="stmt"/>
          <line num="7" count="43" type="stmt"/>
          <line num="8" count="43" type="stmt"/>
          <line num="9" count="43" type="stmt"/>
          <line num="11" count="1" type="stmt"/>
        </file>
        <file name="IntentDefaultFeatureMiddleware.ts" path="/Users/tomlai/Documents/projects/workspace/lexica-os/lexica-dialog-core/src/middlewares/IntentDefaultFeatureMiddleware.ts">
          <metrics statements="18" coveredstatements="18" conditionals="6" coveredconditionals="5" methods="4" coveredmethods="4"/>
          <line num="2" count="1" type="stmt"/>
          <line num="3" count="1" type="stmt"/>
          <line num="4" count="1" type="stmt"/>
          <line num="5" count="1" type="stmt"/>
          <line num="6" count="33" type="stmt"/>
          <line num="7" count="33" type="cond" truecount="1" falsecount="1"/>
          <line num="8" count="33" type="stmt"/>
          <line num="9" count="33" type="stmt"/>
          <line num="10" count="34" type="stmt"/>
          <line num="11" count="34" type="cond" truecount="4" falsecount="0"/>
          <line num="12" count="2" type="stmt"/>
          <line num="13" count="2" type="stmt"/>
          <line num="14" count="2" type="stmt"/>
          <line num="15" count="2" type="stmt"/>
          <line num="16" count="2" type="stmt"/>
          <line num="17" count="2" type="stmt"/>
          <line num="21" count="33" type="stmt"/>
          <line num="23" count="1" type="stmt"/>
        </file>
        <file name="IntentExecutorMiddleware.ts" path="/Users/tomlai/Documents/projects/workspace/lexica-os/lexica-dialog-core/src/middlewares/IntentExecutorMiddleware.ts">
          <metrics statements="18" coveredstatements="17" conditionals="11" coveredconditionals="9" methods="2" coveredmethods="2"/>
          <line num="2" count="1" type="stmt"/>
          <line num="3" count="1" type="stmt"/>
          <line num="4" count="1" type="stmt"/>
          <line num="5" count="31" type="stmt"/>
          <line num="6" count="31" type="cond" truecount="3" falsecount="1"/>
          <line num="7" count="31" type="stmt"/>
          <line num="8" count="31" type="stmt"/>
          <line num="11" count="32" type="cond" truecount="5" falsecount="0"/>
          <line num="14" count="4" type="stmt"/>
          <line num="33" count="4" type="stmt"/>
          <line num="34" count="5" type="cond" truecount="1" falsecount="1"/>
          <line num="35" count="5" type="stmt"/>
          <line num="38" count="0" type="stmt"/>
          <line num="41" count="4" type="stmt"/>
          <line num="42" count="4" type="stmt"/>
          <line num="45" count="31" type="stmt"/>
          <line num="47" count="31" type="stmt"/>
          <line num="49" count="1" type="stmt"/>
        </file>
        <file name="IntentOptionMiddleware.ts" path="/Users/tomlai/Documents/projects/workspace/lexica-os/lexica-dialog-core/src/middlewares/IntentOptionMiddleware.ts">
          <metrics statements="23" coveredstatements="23" conditionals="24" coveredconditionals="20" methods="4" coveredmethods="4"/>
          <line num="2" count="1" type="stmt"/>
          <line num="3" count="1" type="stmt"/>
          <line num="4" count="1" type="stmt"/>
          <line num="5" count="1" type="stmt"/>
          <line num="6" count="1" type="stmt"/>
          <line num="7" count="38" type="stmt"/>
          <line num="8" count="38" type="cond" truecount="7" falsecount="0"/>
          <line num="13" count="5" type="stmt"/>
          <line num="15" count="9" type="cond" truecount="2" falsecount="0"/>
          <line num="18" count="5" type="cond" truecount="3" falsecount="1"/>
          <line num="19" count="5" type="stmt"/>
          <line num="20" count="5" type="stmt"/>
          <line num="27" count="5" type="stmt"/>
          <line num="30" count="38" type="stmt"/>
          <line num="31" count="35" type="stmt"/>
          <line num="33" count="42" type="stmt"/>
          <line num="34" count="35" type="cond" truecount="5" falsecount="0"/>
          <line num="35" count="6" type="stmt"/>
          <line num="36" count="6" type="cond" truecount="1" falsecount="1"/>
          <line num="37" count="10" type="cond" truecount="1" falsecount="1"/>
          <line num="43" count="6" type="cond" truecount="1" falsecount="1"/>
          <line num="44" count="6" type="stmt"/>
          <line num="49" count="1" type="stmt"/>
        </file>
        <file name="IntentPostProcessorMiddleware.ts" path="/Users/tomlai/Documents/projects/workspace/lexica-os/lexica-dialog-core/src/middlewares/IntentPostProcessorMiddleware.ts">
          <metrics statements="21" coveredstatements="21" conditionals="6" coveredconditionals="4" methods="4" coveredmethods="4"/>
          <line num="2" count="1" type="stmt"/>
          <line num="3" count="1" type="stmt"/>
          <line num="4" count="1" type="stmt"/>
          <line num="5" count="1" type="stmt"/>
          <line num="6" count="31" type="stmt"/>
          <line num="7" count="31" type="cond" truecount="1" falsecount="1"/>
          <line num="8" count="31" type="stmt"/>
          <line num="9" count="31" type="stmt"/>
          <line num="18" count="31" type="stmt"/>
          <line num="19" count="32" type="stmt"/>
          <line num="20" count="32" type="stmt"/>
          <line num="21" count="32" type="cond" truecount="3" falsecount="1"/>
          <line num="22" count="32" type="stmt"/>
          <line num="23" count="2" type="stmt"/>
          <line num="24" count="2" type="stmt"/>
          <line num="25" count="32" type="stmt"/>
          <line num="26" count="2" type="stmt"/>
          <line num="29" count="32" type="stmt"/>
          <line num="31" count="31" type="stmt"/>
          <line num="33" count="31" type="stmt"/>
          <line num="35" count="1" type="stmt"/>
        </file>
        <file name="IntentPreProcessorMiddleware.ts" path="/Users/tomlai/Documents/projects/workspace/lexica-os/lexica-dialog-core/src/middlewares/IntentPreProcessorMiddleware.ts">
          <metrics statements="21" coveredstatements="21" conditionals="6" coveredconditionals="4" methods="4" coveredmethods="4"/>
          <line num="2" count="1" type="stmt"/>
          <line num="3" count="1" type="stmt"/>
          <line num="4" count="1" type="stmt"/>
          <line num="5" count="1" type="stmt"/>
          <line num="6" count="34" type="stmt"/>
          <line num="7" count="34" type="cond" truecount="1" falsecount="1"/>
          <line num="8" count="34" type="stmt"/>
          <line num="9" count="34" type="stmt"/>
          <line num="18" count="34" type="stmt"/>
          <line num="19" count="35" type="stmt"/>
          <line num="20" count="35" type="stmt"/>
          <line num="21" count="35" type="cond" truecount="3" falsecount="1"/>
          <line num="22" count="35" type="stmt"/>
          <line num="23" count="4" type="stmt"/>
          <line num="24" count="4" type="stmt"/>
          <line num="25" count="35" type="stmt"/>
          <line num="26" count="4" type="stmt"/>
          <line num="28" count="34" type="stmt"/>
          <line num="31" count="34" type="stmt"/>
          <line num="33" count="33" type="stmt"/>
          <line num="35" count="1" type="stmt"/>
        </file>
        <file name="IntentRequiredFeatureMiddleware.ts" path="/Users/tomlai/Documents/projects/workspace/lexica-os/lexica-dialog-core/src/middlewares/IntentRequiredFeatureMiddleware.ts">
          <metrics statements="15" coveredstatements="15" conditionals="6" coveredconditionals="4" methods="3" coveredmethods="3"/>
          <line num="2" count="1" type="stmt"/>
          <line num="3" count="1" type="stmt"/>
          <line num="4" count="1" type="stmt"/>
          <line num="5" count="1" type="stmt"/>
          <line num="6" count="33" type="stmt"/>
          <line num="7" count="33" type="stmt"/>
          <line num="8" count="34" type="stmt"/>
          <line num="9" count="34" type="cond" truecount="1" falsecount="1"/>
          <line num="10" count="34" type="stmt"/>
          <line num="11" count="34" type="cond" truecount="1" falsecount="1"/>
          <line num="12" count="34" type="stmt"/>
          <line num="14" count="34" type="cond" truecount="2" falsecount="0"/>
          <line num="15" count="2" type="stmt"/>
          <line num="19" count="31" type="stmt"/>
          <line num="21" count="1" type="stmt"/>
        </file>
        <file name="IntentResponseMiddleware.ts" path="/Users/tomlai/Documents/projects/workspace/lexica-os/lexica-dialog-core/src/middlewares/IntentResponseMiddleware.ts">
          <metrics statements="17" coveredstatements="17" conditionals="4" coveredconditionals="2" methods="4" coveredmethods="4"/>
          <line num="2" count="1" type="stmt"/>
          <line num="3" count="1" type="stmt"/>
          <line num="4" count="1" type="stmt"/>
          <line num="5" count="1" type="stmt"/>
          <line num="6" count="1" type="stmt"/>
          <line num="7" count="31" type="stmt"/>
          <line num="8" count="31" type="cond" truecount="1" falsecount="1"/>
          <line num="9" count="31" type="stmt"/>
          <line num="10" count="31" type="stmt"/>
          <line num="11" count="32" type="stmt"/>
          <line num="12" count="32" type="cond" truecount="1" falsecount="1"/>
          <line num="13" count="32" type="stmt"/>
          <line num="14" count="32" type="stmt"/>
          <line num="15" count="32" type="stmt"/>
          <line num="16" count="32" type="stmt"/>
          <line num="20" count="31" type="stmt"/>
          <line num="22" count="1" type="stmt"/>
        </file>
        <file name="MemoriesFeatureMiddleware.ts" path="/Users/tomlai/Documents/projects/workspace/lexica-os/lexica-dialog-core/src/middlewares/MemoriesFeatureMiddleware.ts">
          <metrics statements="18" coveredstatements="17" conditionals="10" coveredconditionals="6" methods="3" coveredmethods="3"/>
          <line num="2" count="1" type="stmt"/>
          <line num="3" count="1" type="stmt"/>
          <line num="4" count="1" type="stmt"/>
          <line num="5" count="33" type="stmt"/>
          <line num="6" count="33" type="cond" truecount="1" falsecount="1"/>
          <line num="7" count="33" type="stmt"/>
          <line num="8" count="33" type="stmt"/>
          <line num="9" count="34" type="stmt"/>
          <line num="10" count="34" type="cond" truecount="1" falsecount="1"/>
          <line num="11" count="34" type="stmt"/>
          <line num="14" count="0" type="stmt"/>
          <line num="18" count="33" type="stmt"/>
          <line num="19" count="31" type="cond" truecount="1" falsecount="1"/>
          <line num="20" count="31" type="stmt"/>
          <line num="21" count="32" type="stmt"/>
          <line num="22" count="32" type="cond" truecount="3" falsecount="1"/>
          <line num="23" count="32" type="stmt"/>
          <line num="28" count="1" type="stmt"/>
        </file>
        <file name="MessengerMiddleware.ts" path="/Users/tomlai/Documents/projects/workspace/lexica-os/lexica-dialog-core/src/middlewares/MessengerMiddleware.ts">
          <metrics statements="14" coveredstatements="13" conditionals="4" coveredconditionals="2" methods="2" coveredmethods="1"/>
          <line num="2" count="1" type="stmt"/>
          <line num="3" count="1" type="stmt"/>
          <line num="4" count="1" type="stmt"/>
          <line num="5" count="1" type="stmt"/>
          <line num="6" count="42" type="stmt"/>
          <line num="7" count="42" type="stmt"/>
          <line num="8" count="42" type="stmt"/>
          <line num="9" count="42" type="cond" truecount="2" falsecount="2"/>
          <line num="10" count="0" type="stmt"/>
          <line num="18" count="42" type="stmt"/>
          <line num="19" count="42" type="stmt"/>
          <line num="20" count="42" type="stmt"/>
          <line num="21" count="42" type="stmt"/>
          <line num="23" count="1" type="stmt"/>
        </file>
        <file name="MessengerWhiteListMiddleware.ts" path="/Users/tomlai/Documents/projects/workspace/lexica-os/lexica-dialog-core/src/middlewares/MessengerWhiteListMiddleware.ts">
          <metrics statements="12" coveredstatements="11" conditionals="4" coveredconditionals="3" methods="2" coveredmethods="2"/>
          <line num="2" count="1" type="stmt"/>
          <line num="3" count="1" type="stmt"/>
          <line num="4" count="1" type="stmt"/>
          <line num="5" count="43" type="stmt"/>
          <line num="6" count="43" type="cond" truecount="2" falsecount="0"/>
          <line num="7" count="1" type="stmt"/>
          <line num="8" count="1" type="stmt"/>
          <line num="9" count="1" type="cond" truecount="1" falsecount="1"/>
          <line num="10" count="0" type="stmt"/>
          <line num="13" count="1" type="stmt"/>
          <line num="17" count="42" type="stmt"/>
          <line num="20" count="1" type="stmt"/>
        </file>
        <file name="NewIntentMiddleware.ts" path="/Users/tomlai/Documents/projects/workspace/lexica-os/lexica-dialog-core/src/middlewares/NewIntentMiddleware.ts">
          <metrics statements="11" coveredstatements="11" conditionals="4" coveredconditionals="3" methods="3" coveredmethods="3"/>
          <line num="2" count="1" type="stmt"/>
          <line num="3" count="1" type="stmt"/>
          <line num="4" count="1" type="stmt"/>
          <line num="5" count="36" type="stmt"/>
          <line num="6" count="36" type="stmt"/>
          <line num="8" count="37" type="stmt"/>
          <line num="10" count="35" type="cond" truecount="1" falsecount="1"/>
          <line num="11" count="35" type="stmt"/>
          <line num="12" count="35" type="cond" truecount="2" falsecount="0"/>
          <line num="15" count="36" type="stmt"/>
          <line num="17" count="1" type="stmt"/>
        </file>
        <file name="NlpMiddleware.ts" path="/Users/tomlai/Documents/projects/workspace/lexica-os/lexica-dialog-core/src/middlewares/NlpMiddleware.ts">
          <metrics statements="16" coveredstatements="16" conditionals="9" coveredconditionals="7" methods="3" coveredmethods="3"/>
          <line num="2" count="1" type="stmt"/>
          <line num="3" count="1" type="stmt"/>
          <line num="4" count="1" type="stmt"/>
          <line num="5" count="1" type="stmt"/>
          <line num="6" count="38" type="stmt"/>
          <line num="8" count="38" type="cond" truecount="1" falsecount="1"/>
          <line num="9" count="38" type="stmt"/>
          <line num="11" count="38" type="cond" truecount="5" falsecount="0"/>
          <line num="12" count="33" type="stmt"/>
          <line num="13" count="34" type="stmt"/>
          <line num="20" count="33" type="cond" truecount="1" falsecount="1"/>
          <line num="21" count="34" type="stmt"/>
          <line num="22" count="33" type="stmt"/>
          <line num="23" count="33" type="stmt"/>
          <line num="26" count="38" type="stmt"/>
          <line num="28" count="1" type="stmt"/>
        </file>
        <file name="RemoveDuplicateResponseMiddleware.ts" path="/Users/tomlai/Documents/projects/workspace/lexica-os/lexica-dialog-core/src/middlewares/RemoveDuplicateResponseMiddleware.ts">
          <metrics statements="9" coveredstatements="9" conditionals="2" coveredconditionals="2" methods="3" coveredmethods="3"/>
          <line num="2" count="1" type="stmt"/>
          <line num="3" count="1" type="stmt"/>
          <line num="4" count="36" type="stmt"/>
          <line num="5" count="33" type="stmt"/>
          <line num="6" count="33" type="cond" truecount="2" falsecount="0"/>
          <line num="7" count="7" type="stmt"/>
          <line num="8" count="17" type="stmt"/>
          <line num="9" count="16" type="stmt"/>
          <line num="13" count="1" type="stmt"/>
        </file>
        <file name="RequestMessageLoggingMiddleware.ts" path="/Users/tomlai/Documents/projects/workspace/lexica-os/lexica-dialog-core/src/middlewares/RequestMessageLoggingMiddleware.ts">
          <metrics statements="16" coveredstatements="16" conditionals="10" coveredconditionals="9" methods="1" coveredmethods="1"/>
          <line num="2" count="1" type="stmt"/>
          <line num="3" count="1" type="stmt"/>
          <line num="4" count="1" type="stmt"/>
          <line num="5" count="1" type="stmt"/>
          <line num="6" count="42" type="stmt"/>
          <line num="7" count="42" type="cond" truecount="3" falsecount="1"/>
          <line num="8" count="42" type="stmt"/>
          <line num="10" count="42" type="cond" truecount="2" falsecount="0"/>
          <line num="11" count="38" type="stmt"/>
          <line num="17" count="4" type="stmt"/>
          <line num="23" count="42" type="stmt"/>
          <line num="34" count="42" type="cond" truecount="2" falsecount="0"/>
          <line num="35" count="9" type="stmt"/>
          <line num="36" count="9" type="stmt"/>
          <line num="39" count="42" type="stmt"/>
          <line num="41" count="1" type="stmt"/>
        </file>
        <file name="ResponseMessageLoggingMiddleware.ts" path="/Users/tomlai/Documents/projects/workspace/lexica-os/lexica-dialog-core/src/middlewares/ResponseMessageLoggingMiddleware.ts">
          <metrics statements="15" coveredstatements="13" conditionals="10" coveredconditionals="8" methods="4" coveredmethods="2"/>
          <line num="2" count="1" type="stmt"/>
          <line num="3" count="1" type="stmt"/>
          <line num="4" count="1" type="stmt"/>
          <line num="5" count="1" type="stmt"/>
          <line num="6" count="42" type="stmt"/>
          <line num="7" count="42" type="stmt"/>
          <line num="8" count="42" type="cond" truecount="5" falsecount="1"/>
          <line num="10" count="42" type="stmt"/>
          <line num="19" count="42" type="cond" truecount="1" falsecount="1"/>
          <line num="20" count="42" type="stmt"/>
          <line num="21" count="49" type="stmt"/>
          <line num="25" count="0" type="stmt"/>
          <line num="26" count="0" type="stmt"/>
          <line num="29" count="42" type="stmt"/>
          <line num="32" count="1" type="stmt"/>
        </file>
        <file name="SenderInfoMiddleware.ts" path="/Users/tomlai/Documents/projects/workspace/lexica-os/lexica-dialog-core/src/middlewares/SenderInfoMiddleware.ts">
          <metrics statements="10" coveredstatements="10" conditionals="4" coveredconditionals="3" methods="1" coveredmethods="1"/>
          <line num="2" count="1" type="stmt"/>
          <line num="3" count="1" type="stmt"/>
          <line num="4" count="1" type="stmt"/>
          <line num="5" count="42" type="stmt"/>
          <line num="6" count="42" type="cond" truecount="1" falsecount="1"/>
          <line num="7" count="42" type="stmt"/>
          <line num="9" count="42" type="cond" truecount="2" falsecount="0"/>
          <line num="10" count="1" type="stmt"/>
          <line num="13" count="42" type="stmt"/>
          <line num="15" count="1" type="stmt"/>
        </file>
        <file name="SessionMiddleware.ts" path="/Users/tomlai/Documents/projects/workspace/lexica-os/lexica-dialog-core/src/middlewares/SessionMiddleware.ts">
          <metrics statements="14" coveredstatements="13" conditionals="2" coveredconditionals="1" methods="1" coveredmethods="1"/>
          <line num="2" count="1" type="stmt"/>
          <line num="3" count="1" type="stmt"/>
          <line num="4" count="1" type="stmt"/>
          <line num="5" count="1" type="stmt"/>
          <line num="6" count="1" type="stmt"/>
          <line num="7" count="42" type="stmt"/>
          <line num="8" count="42" type="cond" truecount="1" falsecount="1"/>
          <line num="9" count="42" type="stmt"/>
          <line num="10" count="42" type="stmt"/>
          <line num="11" count="42" type="stmt"/>
          <line num="12" count="42" type="stmt"/>
          <line num="13" count="39" type="stmt"/>
          <line num="16" count="0" type="stmt"/>
          <line num="19" count="1" type="stmt"/>
        </file>
        <file name="StartConversationMiddleware.ts" path="/Users/tomlai/Documents/projects/workspace/lexica-os/lexica-dialog-core/src/middlewares/StartConversationMiddleware.ts">
          <metrics statements="30" coveredstatements="29" conditionals="13" coveredconditionals="12" methods="5" coveredmethods="5"/>
          <line num="2" count="1" type="stmt"/>
          <line num="3" count="1" type="stmt"/>
          <line num="4" count="1" type="stmt"/>
          <line num="5" count="1" type="stmt"/>
          <line num="6" count="1" type="stmt"/>
          <line num="7" count="1" type="stmt"/>
          <line num="8" count="36" type="stmt"/>
          <line num="9" count="36" type="stmt"/>
          <line num="12" count="5" type="stmt"/>
          <line num="13" count="5" type="cond" truecount="7" falsecount="0"/>
          <line num="18" count="2" type="stmt"/>
          <line num="19" count="2" type="stmt"/>
          <line num="20" count="2" type="stmt"/>
          <line num="21" count="2" type="stmt"/>
          <line num="22" count="2" type="stmt"/>
          <line num="23" count="2" type="cond" truecount="3" falsecount="1"/>
          <line num="24" count="2" type="stmt"/>
          <line num="25" count="2" type="cond" truecount="2" falsecount="0"/>
          <line num="26" count="1" type="stmt"/>
          <line num="29" count="1" type="stmt"/>
          <line num="31" count="2" type="stmt"/>
          <line num="32" count="4" type="stmt"/>
          <line num="34" count="1" type="stmt"/>
          <line num="36" count="2" type="stmt"/>
          <line num="37" count="2" type="stmt"/>
          <line num="38" count="2" type="stmt"/>
          <line num="39" count="2" type="stmt"/>
          <line num="42" count="0" type="stmt"/>
          <line num="46" count="3" type="stmt"/>
          <line num="50" count="1" type="stmt"/>
        </file>
        <file name="SuspendAutoReplyMiddleware.ts" path="/Users/tomlai/Documents/projects/workspace/lexica-os/lexica-dialog-core/src/middlewares/SuspendAutoReplyMiddleware.ts">
          <metrics statements="87" coveredstatements="82" conditionals="52" coveredconditionals="41" methods="9" coveredmethods="9"/>
          <line num="2" count="1" type="stmt"/>
          <line num="3" count="1" type="stmt"/>
          <line num="4" count="1" type="stmt"/>
          <line num="5" count="1" type="stmt"/>
          <line num="6" count="1" type="stmt"/>
          <line num="7" count="1" type="stmt"/>
          <line num="8" count="1" type="stmt"/>
          <line num="9" count="2" type="stmt"/>
          <line num="10" count="2" type="stmt"/>
          <line num="12" count="1" type="stmt"/>
          <line num="13" count="24" type="stmt"/>
          <line num="14" count="71" type="stmt"/>
          <line num="15" count="24" type="stmt"/>
          <line num="17" count="1" type="stmt"/>
          <line num="18" count="28" type="stmt"/>
          <line num="19" count="9" type="cond" truecount="2" falsecount="0"/>
          <line num="20" count="3" type="stmt"/>
          <line num="22" count="6" type="stmt"/>
          <line num="24" count="1" type="stmt"/>
          <line num="25" count="6" type="cond" truecount="1" falsecount="1"/>
          <line num="26" count="0" type="stmt"/>
          <line num="28" count="6" type="stmt"/>
          <line num="29" count="6" type="stmt"/>
          <line num="30" count="6" type="stmt"/>
          <line num="31" count="6" type="stmt"/>
          <line num="33" count="1" type="stmt"/>
          <line num="34" count="38" type="stmt"/>
          <line num="35" count="38" type="cond" truecount="1" falsecount="1"/>
          <line num="36" count="38" type="stmt"/>
          <line num="37" count="38" type="stmt"/>
          <line num="39" count="38" type="cond" truecount="4" falsecount="0"/>
          <line num="41" count="1" type="cond" truecount="1" falsecount="1"/>
          <line num="42" count="1" type="stmt"/>
          <line num="43" count="1" type="stmt"/>
          <line num="51" count="1" type="cond" truecount="1" falsecount="1"/>
          <line num="52" count="1" type="stmt"/>
          <line num="54" count="1" type="stmt"/>
          <line num="55" count="1" type="stmt"/>
          <line num="58" count="37" type="cond" truecount="2" falsecount="0"/>
          <line num="59" count="28" type="stmt"/>
          <line num="62" count="9" type="stmt"/>
          <line num="63" count="9" type="stmt"/>
          <line num="64" count="9" type="stmt"/>
          <line num="65" count="9" type="cond" truecount="2" falsecount="0"/>
          <line num="66" count="3" type="stmt"/>
          <line num="69" count="6" type="stmt"/>
          <line num="70" count="6" type="stmt"/>
          <line num="71" count="6" type="stmt"/>
          <line num="72" count="6" type="stmt"/>
          <line num="73" count="6" type="stmt"/>
          <line num="74" count="6" type="cond" truecount="1" falsecount="1"/>
          <line num="75" count="0" type="stmt"/>
          <line num="77" count="6" type="cond" truecount="1" falsecount="1"/>
          <line num="78" count="0" type="stmt"/>
          <line num="80" count="6" type="cond" truecount="1" falsecount="1"/>
          <line num="81" count="0" type="stmt"/>
          <line num="83" count="6" type="cond" truecount="1" falsecount="1"/>
          <line num="85" count="6" type="cond" truecount="1" falsecount="1"/>
          <line num="86" count="6" type="cond" truecount="4" falsecount="0"/>
          <line num="87" count="1" type="stmt"/>
          <line num="88" count="1" type="stmt"/>
          <line num="96" count="1" type="stmt"/>
          <line num="97" count="1" type="stmt"/>
          <line num="98" count="1" type="stmt"/>
          <line num="99" count="1" type="stmt"/>
          <line num="100" count="1" type="stmt"/>
          <line num="101" count="1" type="cond" truecount="1" falsecount="1"/>
          <line num="102" count="1" type="stmt"/>
          <line num="104" count="1" type="stmt"/>
          <line num="106" count="6" type="cond" truecount="6" falsecount="0"/>
          <line num="110" count="2" type="stmt"/>
          <line num="111" count="2" type="stmt"/>
          <line num="118" count="2" type="cond" truecount="1" falsecount="1"/>
          <line num="119" count="2" type="stmt"/>
          <line num="120" count="2" type="stmt"/>
          <line num="122" count="2" type="stmt"/>
          <line num="124" count="6" type="cond" truecount="4" falsecount="0"/>
          <line num="125" count="3" type="stmt"/>
          <line num="126" count="3" type="stmt"/>
          <line num="127" count="13" type="stmt"/>
          <line num="129" count="6" type="cond" truecount="4" falsecount="0"/>
          <line num="130" count="2" type="stmt"/>
          <line num="132" count="4" type="stmt"/>
          <line num="135" count="6" type="cond" truecount="2" falsecount="0"/>
          <line num="136" count="5" type="stmt"/>
          <line num="142" count="0" type="stmt"/>
          <line num="145" count="1" type="stmt"/>
        </file>
        <file name="TranscodeMiddleware.ts" path="/Users/tomlai/Documents/projects/workspace/lexica-os/lexica-dialog-core/src/middlewares/TranscodeMiddleware.ts">
          <metrics statements="12" coveredstatements="12" conditionals="9" coveredconditionals="9" methods="1" coveredmethods="1"/>
          <line num="2" count="1" type="stmt"/>
          <line num="3" count="1" type="stmt"/>
          <line num="4" count="1" type="stmt"/>
          <line num="5" count="1" type="stmt"/>
          <line num="6" count="42" type="stmt"/>
          <line num="7" count="42" type="cond" truecount="7" falsecount="0"/>
          <line num="11" count="2" type="cond" truecount="2" falsecount="0"/>
          <line num="14" count="2" type="stmt"/>
          <line num="18" count="2" type="stmt"/>
          <line num="19" count="2" type="stmt"/>
          <line num="21" count="42" type="stmt"/>
          <line num="23" count="1" type="stmt"/>
        </file>
        <file name="UnitConfigMiddleware.ts" path="/Users/tomlai/Documents/projects/workspace/lexica-os/lexica-dialog-core/src/middlewares/UnitConfigMiddleware.ts">
          <metrics statements="8" coveredstatements="8" conditionals="0" coveredconditionals="0" methods="1" coveredmethods="1"/>
          <line num="2" count="1" type="stmt"/>
          <line num="3" count="1" type="stmt"/>
          <line num="4" count="1" type="stmt"/>
          <line num="5" count="43" type="stmt"/>
          <line num="6" count="43" type="stmt"/>
          <line num="7" count="43" type="stmt"/>
          <line num="8" count="43" type="stmt"/>
          <line num="10" count="1" type="stmt"/>
        </file>
        <file name="index.ts" path="/Users/tomlai/Documents/projects/workspace/lexica-os/lexica-dialog-core/src/middlewares/index.ts">
          <metrics statements="63" coveredstatements="63" conditionals="0" coveredconditionals="0" methods="0" coveredmethods="0"/>
          <line num="2" count="1" type="stmt"/>
          <line num="3" count="1" type="stmt"/>
          <line num="4" count="1" type="stmt"/>
          <line num="5" count="1" type="stmt"/>
          <line num="6" count="1" type="stmt"/>
          <line num="7" count="1" type="stmt"/>
          <line num="8" count="1" type="stmt"/>
          <line num="9" count="1" type="stmt"/>
          <line num="10" count="1" type="stmt"/>
          <line num="11" count="1" type="stmt"/>
          <line num="12" count="1" type="stmt"/>
          <line num="13" count="1" type="stmt"/>
          <line num="14" count="1" type="stmt"/>
          <line num="15" count="1" type="stmt"/>
          <line num="16" count="1" type="stmt"/>
          <line num="17" count="1" type="stmt"/>
          <line num="18" count="1" type="stmt"/>
          <line num="19" count="1" type="stmt"/>
          <line num="20" count="1" type="stmt"/>
          <line num="21" count="1" type="stmt"/>
          <line num="22" count="1" type="stmt"/>
          <line num="23" count="1" type="stmt"/>
          <line num="24" count="1" type="stmt"/>
          <line num="25" count="1" type="stmt"/>
          <line num="26" count="1" type="stmt"/>
          <line num="27" count="1" type="stmt"/>
          <line num="28" count="1" type="stmt"/>
          <line num="29" count="1" type="stmt"/>
          <line num="30" count="1" type="stmt"/>
          <line num="31" count="1" type="stmt"/>
          <line num="32" count="1" type="stmt"/>
          <line num="33" count="1" type="stmt"/>
          <line num="34" count="1" type="stmt"/>
          <line num="35" count="1" type="stmt"/>
          <line num="36" count="1" type="stmt"/>
          <line num="37" count="1" type="stmt"/>
          <line num="38" count="1" type="stmt"/>
          <line num="39" count="1" type="stmt"/>
          <line num="40" count="1" type="stmt"/>
          <line num="41" count="1" type="stmt"/>
          <line num="42" count="1" type="stmt"/>
          <line num="43" count="1" type="stmt"/>
          <line num="44" count="1" type="stmt"/>
          <line num="45" count="1" type="stmt"/>
          <line num="46" count="1" type="stmt"/>
          <line num="47" count="1" type="stmt"/>
          <line num="48" count="1" type="stmt"/>
          <line num="49" count="1" type="stmt"/>
          <line num="50" count="1" type="stmt"/>
          <line num="51" count="1" type="stmt"/>
          <line num="52" count="1" type="stmt"/>
          <line num="53" count="1" type="stmt"/>
          <line num="54" count="1" type="stmt"/>
          <line num="55" count="1" type="stmt"/>
          <line num="56" count="1" type="stmt"/>
          <line num="57" count="1" type="stmt"/>
          <line num="58" count="1" type="stmt"/>
          <line num="59" count="1" type="stmt"/>
          <line num="60" count="1" type="stmt"/>
          <line num="61" count="1" type="stmt"/>
          <line num="62" count="1" type="stmt"/>
          <line num="63" count="1" type="stmt"/>
          <line num="64" count="1" type="stmt"/>
        </file>
      </package>
      <package name="src.nlp">
        <metrics statements="9" coveredstatements="5" conditionals="2" coveredconditionals="0" methods="3" coveredmethods="0"/>
        <file name="DefaultNlpService.ts" path="/Users/tomlai/Documents/projects/workspace/lexica-os/lexica-dialog-core/src/nlp/DefaultNlpService.ts">
          <metrics statements="9" coveredstatements="5" conditionals="2" coveredconditionals="0" methods="3" coveredmethods="0"/>
          <line num="2" count="1" type="stmt"/>
          <line num="3" count="1" type="stmt"/>
          <line num="4" count="1" type="stmt"/>
          <line num="5" count="1" type="stmt"/>
          <line num="8" count="0" type="stmt"/>
          <line num="11" count="0" type="cond" truecount="0" falsecount="2"/>
          <line num="12" count="0" type="stmt"/>
          <line num="22" count="0" type="stmt"/>
          <line num="28" count="1" type="stmt"/>
        </file>
      </package>
      <package name="src.post-processors">
        <metrics statements="10" coveredstatements="10" conditionals="2" coveredconditionals="2" methods="2" coveredmethods="2"/>
        <file name="DatePostProcessor.ts" path="/Users/tomlai/Documents/projects/workspace/lexica-os/lexica-dialog-core/src/post-processors/DatePostProcessor.ts">
          <metrics statements="7" coveredstatements="7" conditionals="2" coveredconditionals="2" methods="2" coveredmethods="2"/>
          <line num="2" count="1" type="stmt"/>
          <line num="3" count="1" type="stmt"/>
          <line num="4" count="1" type="stmt"/>
          <line num="5" count="3" type="cond" truecount="2" falsecount="0"/>
          <line num="6" count="1" type="stmt"/>
          <line num="8" count="2" type="stmt"/>
          <line num="11" count="1" type="stmt"/>
        </file>
        <file name="index.ts" path="/Users/tomlai/Documents/projects/workspace/lexica-os/lexica-dialog-core/src/post-processors/index.ts">
          <metrics statements="3" coveredstatements="3" conditionals="0" coveredconditionals="0" methods="0" coveredmethods="0"/>
          <line num="2" count="1" type="stmt"/>
          <line num="3" count="1" type="stmt"/>
          <line num="4" count="1" type="stmt"/>
        </file>
      </package>
      <package name="src.pre-processors">
        <metrics statements="14" coveredstatements="14" conditionals="2" coveredconditionals="1" methods="1" coveredmethods="1"/>
        <file name="SenderNamePreProcessor.ts" path="/Users/tomlai/Documents/projects/workspace/lexica-os/lexica-dialog-core/src/pre-processors/SenderNamePreProcessor.ts">
          <metrics statements="11" coveredstatements="11" conditionals="2" coveredconditionals="1" methods="1" coveredmethods="1"/>
          <line num="2" count="1" type="stmt"/>
          <line num="3" count="1" type="stmt"/>
          <line num="4" count="1" type="stmt"/>
          <line num="5" count="1" type="stmt"/>
          <line num="6" count="1" type="stmt"/>
          <line num="7" count="1" type="stmt"/>
          <line num="8" count="1" type="cond" truecount="1" falsecount="1"/>
          <line num="9" count="1" type="stmt"/>
          <line num="10" count="1" type="stmt"/>
          <line num="12" count="1" type="stmt"/>
          <line num="17" count="1" type="stmt"/>
        </file>
        <file name="index.ts" path="/Users/tomlai/Documents/projects/workspace/lexica-os/lexica-dialog-core/src/pre-processors/index.ts">
          <metrics statements="3" coveredstatements="3" conditionals="0" coveredconditionals="0" methods="0" coveredmethods="0"/>
          <line num="2" count="1" type="stmt"/>
          <line num="3" count="1" type="stmt"/>
          <line num="4" count="1" type="stmt"/>
        </file>
      </package>
      <package name="src.session">
        <metrics statements="71" coveredstatements="63" conditionals="20" coveredconditionals="12" methods="31" coveredmethods="30"/>
        <file name="RedisSessionRepository.ts" path="/Users/tomlai/Documents/projects/workspace/lexica-os/lexica-dialog-core/src/session/RedisSessionRepository.ts">
          <metrics statements="17" coveredstatements="15" conditionals="4" coveredconditionals="2" methods="8" coveredmethods="8"/>
          <line num="2" count="1" type="stmt"/>
          <line num="3" count="1" type="stmt"/>
          <line num="6" count="1" type="stmt"/>
          <line num="9" count="42" type="stmt"/>
          <line num="10" count="42" type="stmt"/>
          <line num="11" count="42" type="stmt"/>
          <line num="12" count="42" type="cond" truecount="1" falsecount="1"/>
          <line num="13" count="42" type="stmt"/>
          <line num="16" count="0" type="stmt"/>
          <line num="22" count="39" type="stmt"/>
          <line num="23" count="39" type="stmt"/>
          <line num="24" count="39" type="stmt"/>
          <line num="25" count="39" type="cond" truecount="1" falsecount="1"/>
          <line num="26" count="39" type="stmt"/>
          <line num="29" count="0" type="stmt"/>
          <line num="35" count="81" type="stmt"/>
          <line num="38" count="1" type="stmt"/>
        </file>
        <file name="SessionService.ts" path="/Users/tomlai/Documents/projects/workspace/lexica-os/lexica-dialog-core/src/session/SessionService.ts">
          <metrics statements="49" coveredstatements="43" conditionals="16" coveredconditionals="10" methods="23" coveredmethods="22"/>
          <line num="2" count="1" type="stmt"/>
          <line num="3" count="1" type="stmt"/>
          <line num="4" count="1" type="stmt"/>
          <line num="5" count="1" type="stmt"/>
          <line num="8" count="42" type="stmt"/>
          <line num="9" count="42" type="stmt"/>
          <line num="10" count="42" type="stmt"/>
          <line num="11" count="42" type="stmt"/>
          <line num="14" count="42" type="cond" truecount="1" falsecount="1"/>
          <line num="15" count="42" type="stmt"/>
          <line num="19" count="39" type="stmt"/>
          <line num="21" count="48" type="stmt"/>
          <line num="22" count="48" type="stmt"/>
          <line num="24" count="48" type="stmt"/>
          <line num="25" count="39" type="cond" truecount="2" falsecount="0"/>
          <line num="26" count="6" type="stmt"/>
          <line num="28" count="10" type="stmt"/>
          <line num="29" count="10" type="stmt"/>
          <line num="32" count="39" type="stmt"/>
          <line num="35" count="84" type="stmt"/>
          <line num="38" count="32" type="stmt"/>
          <line num="39" count="32" type="stmt"/>
          <line num="40" count="32" type="stmt"/>
          <line num="47" count="66" type="stmt"/>
          <line num="50" count="38" type="stmt"/>
          <line num="56" count="1" type="cond" truecount="1" falsecount="1"/>
          <line num="57" count="0" type="stmt"/>
          <line num="59" count="1" type="stmt"/>
          <line num="65" count="39" type="stmt"/>
          <line num="68" count="2" type="cond" truecount="1" falsecount="1"/>
          <line num="69" count="0" type="stmt"/>
          <line num="71" count="2" type="stmt"/>
          <line num="74" count="2" type="cond" truecount="1" falsecount="1"/>
          <line num="75" count="0" type="stmt"/>
          <line num="77" count="2" type="stmt"/>
          <line num="80" count="1" type="cond" truecount="1" falsecount="1"/>
          <line num="81" count="0" type="stmt"/>
          <line num="83" count="1" type="stmt"/>
          <line num="86" count="0" type="stmt"/>
          <line num="89" count="6" type="stmt"/>
          <line num="92" count="38" type="stmt"/>
          <line num="95" count="5" type="cond" truecount="1" falsecount="1"/>
          <line num="96" count="0" type="stmt"/>
          <line num="98" count="5" type="stmt"/>
          <line num="101" count="5" type="stmt"/>
          <line num="104" count="42" type="stmt"/>
          <line num="105" count="42" type="cond" truecount="2" falsecount="0"/>
          <line num="106" count="20" type="stmt"/>
          <line num="113" count="1" type="stmt"/>
        </file>
        <file name="index.ts" path="/Users/tomlai/Documents/projects/workspace/lexica-os/lexica-dialog-core/src/session/index.ts">
          <metrics statements="5" coveredstatements="5" conditionals="0" coveredconditionals="0" methods="0" coveredmethods="0"/>
          <line num="2" count="1" type="stmt"/>
          <line num="3" count="1" type="stmt"/>
          <line num="4" count="1" type="stmt"/>
          <line num="5" count="1" type="stmt"/>
          <line num="6" count="1" type="stmt"/>
        </file>
      </package>
    </metrics>
  </project>
</coverage>
