{"/Users/tomlai/Documents/projects/workspace/lexica-os/lexica-dialog-core/src/Api.ts": {"path":"/Users/tomlai/Documents/projects/workspace/lexica-os/lexica-dialog-core/src/Api.ts","statementMap":{"0":{"start":{"line":2,"column":0},"end":{"line":2,"column":62}},"1":{"start":{"line":3,"column":18},"end":{"line":3,"column":61}},"2":{"start":{"line":4,"column":0},"end":{"line":4,"column":44}},"3":{"start":{"line":5,"column":0},"end":{"line":5,"column":46}},"4":{"start":{"line":6,"column":0},"end":{"line":6,"column":38}},"5":{"start":{"line":8,"column":0},"end":{"line":12,"column":40}},"6":{"start":{"line":9,"column":4},"end":{"line":9,"column":58}},"7":{"start":{"line":10,"column":4},"end":{"line":10,"column":74}},"8":{"start":{"line":11,"column":4},"end":{"line":11,"column":68}},"9":{"start":{"line":13,"column":0},"end":{"line":13,"column":36}},"10":{"start":{"line":15,"column":0},"end":{"line":25,"column":42}},"11":{"start":{"line":16,"column":4},"end":{"line":16,"column":67}},"12":{"start":{"line":17,"column":4},"end":{"line":17,"column":69}},"13":{"start":{"line":18,"column":4},"end":{"line":18,"column":63}},"14":{"start":{"line":19,"column":4},"end":{"line":19,"column":67}},"15":{"start":{"line":20,"column":4},"end":{"line":20,"column":77}},"16":{"start":{"line":21,"column":4},"end":{"line":21,"column":91}},"17":{"start":{"line":22,"column":4},"end":{"line":22,"column":111}},"18":{"start":{"line":23,"column":4},"end":{"line":23,"column":73}},"19":{"start":{"line":24,"column":4},"end":{"line":24,"column":81}},"20":{"start":{"line":26,"column":0},"end":{"line":26,"column":38}},"21":{"start":{"line":29,"column":8},"end":{"line":29,"column":23}},"22":{"start":{"line":30,"column":8},"end":{"line":30,"column":25}},"23":{"start":{"line":33,"column":0},"end":{"line":33,"column":28}}},"fnMap":{"0":{"name":"(anonymous_0)","decl":{"start":{"line":8,"column":1},"end":{"line":8,"column":2}},"loc":{"start":{"line":8,"column":25},"end":{"line":12,"column":1}},"line":8},"1":{"name":"(anonymous_1)","decl":{"start":{"line":15,"column":1},"end":{"line":15,"column":2}},"loc":{"start":{"line":15,"column":26},"end":{"line":25,"column":1}},"line":15},"2":{"name":"(anonymous_2)","decl":{"start":{"line":28,"column":4},"end":{"line":28,"column":5}},"loc":{"start":{"line":28,"column":31},"end":{"line":31,"column":5}},"line":28}},"branchMap":{"0":{"loc":{"start":{"line":12,"column":3},"end":{"line":12,"column":38}},"type":"binary-expr","locations":[{"start":{"line":12,"column":3},"end":{"line":12,"column":15}},{"start":{"line":12,"column":20},"end":{"line":12,"column":37}}],"line":12},"1":{"loc":{"start":{"line":25,"column":3},"end":{"line":25,"column":40}},"type":"binary-expr","locations":[{"start":{"line":25,"column":3},"end":{"line":25,"column":16}},{"start":{"line":25,"column":21},"end":{"line":25,"column":39}}],"line":25}},"s":{"0":1,"1":1,"2":1,"3":1,"4":1,"5":1,"6":1,"7":1,"8":1,"9":1,"10":1,"11":1,"12":1,"13":1,"14":1,"15":1,"16":1,"17":1,"18":1,"19":1,"20":1,"21":4,"22":4,"23":1},"f":{"0":1,"1":1,"2":4},"b":{"0":[1,1],"1":[1,1]},"inputSourceMap":{"version":3,"file":"Api.js","sourceRoot":"","sources":["Api.ts"],"names":[],"mappings":";;AAMA,8DAU0C;AA6TzC,sBApUA,qBAAW,CAoUA;AACX,uBApUA,sBAAY,CAoUA;AACZ,mBApUA,kBAAQ,CAoUA;AA5TT,IAAK,YAIJ;AAJD,WAAK,YAAY;IAChB,qDAAqC,CAAA;IACrC,qEAAqD,CAAA;IACrD,+DAA+C,CAAA;AAChD,CAAC,EAJI,YAAY,KAAZ,YAAY,QAIhB;AAyTA,oCAAY;AAvTb,IAAK,aA2BJ;AA3BD,WAAK,aAAa;IAEjB,8DAA6C,CAAA;IAG7C,gEAA+C,CAAA;IAG/C,0DAAyC,CAAA;IAGzC,8DAA6C,CAAA;IAG7C,wEAAuD,CAAA;IAGvD,sFAAqE,CAAA;IAGrE,0GAAyF,CAAA;IAGzF,oEAAmD,CAAA;IAGnD,4EAA2D,CAAA;AAC5D,CAAC,EA3BI,aAAa,KAAb,aAAa,QA2BjB;AA6RA,sCAAa;AA7Qd,MAAM,QAAS,SAAQ,KAAK;IAC3B,YAAmB,IAAkB,EAAE,OAAgB;QACvD,KAAK,CAAC,OAAO,CAAC,CAAC;QADI,SAAI,GAAJ,IAAI,CAAc;IAErC,CAAC;CACD;AA4QA,4BAAQ","sourcesContent":["import { Map, List } from 'immutable';\nimport * as Koa from 'koa';\nimport * as winston from 'winston';\nimport { Config } from 'lexica-dialog-model/dist/Config';\nimport { Intent } from 'lexica-dialog-model/dist/Intent';\nimport { Issue, Status } from 'lexica-dialog-model/dist/Issue';\nimport {\n\tBaseMessage,\n\tRequestMessage,\n\tRequestType,\n\tResponseType,\n\tItemType,\n\tResponse,\n\tTextResponse,\n\tOptionsResponse,\n\tItemsResponse,\n} from 'lexica-dialog-model/dist/Message';\nimport { SenderInfo } from 'lexica-dialog-model/dist/SenderInfo';\n\nenum BotErrorCode {\n\tINTENT_NOT_FOUND = 'INTENT_NOT_FOUND',\n\tMISSING_REQUIRED_FEATURE = 'MISSING_REQUIRED_FEATURE',\n\tINVALID_RESPONSE_TYPE = 'INVALID_RESPONSE_TYPE',\n}\n\nenum RunTimeConfig {\n\t// number\n\tSESSION_EXPIRE_IN_MS = 'SESSION_EXPIRE_IN_MS',\n\n\t// string\n\tFALLBACK_COMMAND_NAME = 'FALLBACK_COMMAND_NAME',\n\n\t// boolean\n\tSUSPEND_AUTO_REPLY = 'SUSPEND_AUTO_REPLY',\n\n\t// string[] : optional\n\tMESSENGER_WHITE_LIST = 'MESSENGER_WHITE_LIST',\n\n\t// string\n\tFILE_REQUEST_COMMAND_NAME = 'FILE_REQUEST_COMMAND_NAME',\n\n\t// string\n\tCONFIRM_CLOSE_ISSUE_COMMAND_NAME = 'CONFIRM_CLOSE_ISSUE_COMMAND_NAME',\n\n\t// integer\n\tTIME_GAP_IN_MS_TRIGGER_CONFIRM_CLOSE_ISSUE = 'TIME_GAP_IN_MS_TRIGGER_CONFIRM_CLOSE_ISSUE',\n\n\t// string\n\tRECREATE_ISSUE_KEY_WORD = 'RECREATE_ISSUE_KEY_WORD',\n\n\t// object\n\tADDITIONAL_RESPONSE_MESSAGE = 'ADDITIONAL_RESPONSE_MESSAGE',\n}\n\ninterface BotCommand {\n\tname: string;\n\tfeatures: Map<string, string>;\n}\n\ninterface BotContextCommand {\n\tname?: string;\n\tintent?: Intent;\n\tfeatures: Map<string, string>;\n\tprocessedFeatures: Map<string, any>;\n\tbotResponses: List<Response>;\n\tattributes: Map<string, any>;\n}\n\nclass BotError extends Error {\n\tconstructor(public code: BotErrorCode, message?: string) {\n\tsuper(message);\n\t}\n}\n\ninterface BotRequest {\n\ttype: RequestType;\n\tlocale: string;\n\tsenderId: string;\n\tmessage?: string;\n\tfileUrl?: string;\n\tfileStoredPath?: string;\n\tfileContentType?: string;\n\tcommands?: List<BotCommand>;\n}\n\ninterface BotOptionResponse extends OptionsResponse {\n\tforceShow?: boolean;\n}\n\ntype BotResponse = TextResponse | BotOptionResponse | ItemsResponse;\n\ninterface ConfigRepository {\n\tfindByUni(uni: string): Promise<Config[]>;\n}\n\ninterface IntentRepository {\n\tfindByUniCommandName(uni: string, command: string): Promise<Intent | null>;\n}\n\ninterface IssueRepository {\n\tcreate(issue: Issue): Promise<Issue>;\n\tsave(issue: Issue): Promise<Issue>;\n\tfindByUniAndSenderIdAndStatus(uni: string, senderId: string, status: Status): Promise<Issue[]>;\n}\n\ninterface SessionOption {\n\tcommand: string;\n\tfeatures: { [key: string]: string };\n\ttextOnlyIndicator: string;\n\tliveCount: number;\n}\n\ninterface Session {\n\tid: string;\n\tmemories: Array<{\n\texpire: number;\n\tfeatures: { [key: string]: string };\n\tintent: Intent;\n\t}>;\n\tconversation?: {\n\tintent: Intent;\n\tfeatures: { [key: string]: string };\n\t};\n\tlastOptions?: SessionOption[];\n}\n\ninterface SessionRepository {\n\tfindByUniAndSenderId(uni: string, senderId: string): Promise<Session>;\n\tsave(uni: string, senderId: string, session: Session, expireInMs: number): Promise<void>;\n}\n\ninterface IntentMemoryFeatures {\n\tcommand: string;\n\tfeatures: {\n\t[key: string]: string;\n\t};\n}\n\ninterface SessionService {\n\tinit(): Promise<void> ;\n\tsave(): Promise<void> ;\n\tgetSessionId(): string;\n\taddMemory(intent: Intent, features: Map<string, string>): void;\n\tgetMemoriesFeatures(): Map<string, string>;\n\tgetIntentMemoryFeatures(): List<IntentMemoryFeatures>;\n\tstartConversation(intent: Intent, features: Map<string, string>): void ;\n\thasConversation(): boolean;\n\tgetConversationIntent(): Intent;\n\tgetConversationFeatures(): Map<string, string> ;\n\tupdateConversationFeatures(features: Map<string, string>): void ;\n\tendConversation(): void ;\n\tsetOptions(options: SessionOption[]): void ;\n\thasOptions(): boolean;\n\tgetOptions(): SessionOption[];\n\tremoveOptions(): void;\n}\n\ninterface MessageRepository {\n\tcreate(message: BaseMessage): Promise<BaseMessage>;\n\tsave(message: BaseMessage): Promise<BaseMessage>;\n\tfindByUniAndSenderIdAndIssueId(\n\tuni: string, senderId: string, issueId: string): Promise<BaseMessage[]>;\n\tcountAll(): Promise<number>;\n}\n\ninterface Messenger<I, O> {\n\treadonly name: string;\n\trequest(rawRequest: I): BotRequest;\n\tresponse(responses: List<BotResponse>, senderId: string, rawRequest?: I): List<O>;\n\tsend(responses: List<O>, configs: Map<string, Config>): Promise<void>;\n}\n\ninterface NlpService {\n\tanalyse(\n\tmessage: string,\n\tuni: string,\n\tintentMemoriesFeatures?: List<IntentMemoryFeatures>,\n\t): Promise<List<BotCommand>>;\n}\n\ninterface SenderInfoRepository {\n\tcreate(senderInfo: SenderInfo): Promise<SenderInfo>;\n\tfindOneByUniAndMessengerAndSenderId(\n\tuni: string,\n\tmessenger: string,\n\tsenderId: string,\n\t): Promise<SenderInfo | null>;\n}\n\ninterface BaseCommandContext {\n\tuni: string;\n\tsenderId: string;\n\tlocale: string;\n\tuniConfigs: Map<string, Config>;\n\tmessengerName: string;\n\n\tissue?: Issue;\n\tsenderInfo?: SenderInfo;\n}\n\ninterface ProcessorContext extends BaseCommandContext {\n\tunusedProperty?: string;\n}\n\ninterface ExecutorContext extends BaseCommandContext {\n\tcommand: BotContextCommand;\n\tmessenger: Messenger<any, any>;\n\tsessionService: SessionService;\n\n\tintentRepository: IntentRepository;\n\tsessionRepository: SessionRepository;\n\tconfigRepository: ConfigRepository;\n\tmessageRepository: MessageRepository;\n\tissueRepository: IssueRepository;\n\tsenderInfoRepository: SenderInfoRepository;\n\n\trequestMessage?: RequestMessage;\n}\n\ntype PreProcessor = (context: ProcessorContext, features: Map<string, string>) => Promise<Map<string, string>>;\n\ntype PostProcessor = (context: ProcessorContext, features: Map<string, any>) => Promise<Map<string, any>>;\n\ntype Executor = (context: ExecutorContext) => Promise<void>;\n\ninterface File {\n\tpath: string;\n\tcontentType: string;\n}\n\ninterface FileService {\n\tcopy(path: string): Promise<File>;\n}\n\ninterface TranscodeService {\n\ttranscodeAudio(file: File): Promise<File>;\n\ttranscodeVideo(file: File): Promise<File>;\n}\n\ninterface AwsTranscoderTypeConfig {\n\tpipelineId: string;\n\tpreset: {\n\tid: string;\n\tsuffix: string;\n\tcontentType: string;\n\t};\n}\n\ninterface AwsTranscoderConfig {\n\tapiVersion: string;\n\tdelay: number;\n\tmaxAttempts: number;\n\taudio: AwsTranscoderTypeConfig;\n\tvideo: AwsTranscoderTypeConfig;\n}\n\ninterface BotServerConfig {\n\tport: number;\n\tmongo: {\n\turl: string;\n\toptions?: any;\n\t};\n\tredis: {\n\turl: string;\n\toptions?: any;\n\t};\n\taws: {\n\taccessKeyId: string;\n\tsecretAccessKey: string;\n\tregion: string;\n\ts3?: {\n\t\tapiVersion: string;\n\t\tbucket: string;\n\t};\n\ttranscoder?: AwsTranscoderConfig;\n\t};\n\tnlp?: {\n\turl: string,\n\t};\n\tnlpService?: NlpService;\n\tfileService?: FileService;\n\ttranscodeService?: TranscodeService;\n\tintentRepository?: IntentRepository;\n\tsessionRepository?: SessionRepository;\n\tconfigRepository?: ConfigRepository;\n\tmessageRepository?: MessageRepository;\n\tissueRepository?: IssueRepository;\n\tsenderInfoRepository?: SenderInfoRepository;\n\tlogger?: winston.LoggerInstance;\n\tlogLevel?: string;\n\t// path\n\tmessengers: Map<string, Messenger<any, any>>;\n\t// name\n\tpreProcessors: Map<string, PreProcessor>;\n\tpostProcessors: Map<string, PostProcessor>;\n\texecutors: Map<string, Executor>;\n\tmiddlewares: Map<number, Middleware>;\n}\n\ninterface BotContext {\n\tserverContext: Koa.Context;\n\trawRequest: any;\n\tuni: string;\n\tmessenger: Messenger<any, any>;\n\tlogger: winston.LoggerInstance;\n\tintentRepository: IntentRepository;\n\tsessionRepository: SessionRepository;\n\tconfigRepository: ConfigRepository;\n\tmessageRepository: MessageRepository;\n\tissueRepository: IssueRepository;\n\tsenderInfoRepository: SenderInfoRepository;\n\tnlpService: NlpService;\n\tfileService: FileService;\n\ttranscodeService: TranscodeService;\n\tpreProcessors: Map<string, PreProcessor>;\n\tpostProcessors: Map<string, PostProcessor>;\n\texecutors: Map<string, Executor>;\n\tresponses: List<BotResponse>;\n\tcommands: List<BotContextCommand>;\n\tuniConfigs: Map<string, Config>;\n\tattributes: Map<string, any>;\n\n\trequest?: BotRequest;\n\trawResponses?: List<any>;\n\tsessionService?: SessionService;\n\trequestMessage?: RequestMessage;\n\tissue?: Issue;\n\tsenderInfo?: SenderInfo;\n}\n\ntype Middleware = (context: BotContext, next: () => Promise<void>) => Promise<void>;\n\nexport {\n\tRequestType,\n\tResponseType,\n\tItemType,\n\tBotErrorCode,\n\tRunTimeConfig,\n\tBotCommand,\n\tBotContextCommand,\n\tBotError,\n\tBotRequest,\n\tBotOptionResponse,\n\tBotResponse,\n\tConfigRepository,\n\tIntentRepository,\n\tIssueRepository,\n\tSessionOption,\n\tSession,\n\tSessionRepository,\n\tIntentMemoryFeatures,\n\tSessionService,\n\tMessageRepository,\n\tMessenger,\n\tNlpService,\n\tSenderInfoRepository,\n\tBaseCommandContext,\n\tProcessorContext,\n\tExecutorContext,\n\tPreProcessor,\n\tPostProcessor,\n\tExecutor,\n\tFile,\n\tFileService,\n\tTranscodeService,\n\tAwsTranscoderTypeConfig,\n\tAwsTranscoderConfig,\n\tBotContext,\n\tMiddleware,\n\tBotServerConfig,\n};\n"]},"_coverageSchema":"332fd63041d2c1bcb487cc26dd0d5f7d97098a6c","hash":"01c0e733f3c53761b5a3d4002541135223ac7f35"}
,"/Users/tomlai/Documents/projects/workspace/lexica-os/lexica-dialog-core/src/BotServer.ts": {"path":"/Users/tomlai/Documents/projects/workspace/lexica-os/lexica-dialog-core/src/BotServer.ts","statementMap":{"0":{"start":{"line":2,"column":0},"end":{"line":2,"column":62}},"1":{"start":{"line":3,"column":20},"end":{"line":3,"column":40}},"2":{"start":{"line":4,"column":12},"end":{"line":4,"column":26}},"3":{"start":{"line":5,"column":19},"end":{"line":5,"column":44}},"4":{"start":{"line":6,"column":15},"end":{"line":6,"column":36}},"5":{"start":{"line":7,"column":17},"end":{"line":7,"column":36}},"6":{"start":{"line":8,"column":12},"end":{"line":8,"column":30}},"7":{"start":{"line":9,"column":16},"end":{"line":9,"column":34}},"8":{"start":{"line":10,"column":17},"end":{"line":10,"column":34}},"9":{"start":{"line":11,"column":16},"end":{"line":11,"column":32}},"10":{"start":{"line":12,"column":35},"end":{"line":12,"column":70}},"11":{"start":{"line":13,"column":20},"end":{"line":13,"column":44}},"12":{"start":{"line":14,"column":18},"end":{"line":14,"column":40}},"13":{"start":{"line":15,"column":22},"end":{"line":15,"column":49}},"14":{"start":{"line":16,"column":23},"end":{"line":16,"column":51}},"15":{"start":{"line":17,"column":28},"end":{"line":17,"column":62}},"16":{"start":{"line":18,"column":18},"end":{"line":18,"column":38}},"17":{"start":{"line":19,"column":14},"end":{"line":19,"column":30}},"18":{"start":{"line":22,"column":8},"end":{"line":22,"column":32}},"19":{"start":{"line":23,"column":8},"end":{"line":23,"column":35}},"20":{"start":{"line":24,"column":8},"end":{"line":24,"column":29}},"21":{"start":{"line":25,"column":8},"end":{"line":25,"column":44}},"22":{"start":{"line":26,"column":8},"end":{"line":26,"column":85}},"23":{"start":{"line":27,"column":8},"end":{"line":27,"column":90}},"24":{"start":{"line":28,"column":8},"end":{"line":28,"column":93}},"25":{"start":{"line":29,"column":8},"end":{"line":29,"column":78}},"26":{"start":{"line":32,"column":33},"end":{"line":32,"column":44}},"27":{"start":{"line":33,"column":8},"end":{"line":33,"column":70}},"28":{"start":{"line":34,"column":8},"end":{"line":34,"column":42}},"29":{"start":{"line":35,"column":8},"end":{"line":35,"column":51}},"30":{"start":{"line":36,"column":8},"end":{"line":36,"column":102}},"31":{"start":{"line":37,"column":8},"end":{"line":41,"column":11}},"32":{"start":{"line":42,"column":8},"end":{"line":42,"column":50}},"33":{"start":{"line":43,"column":8},"end":{"line":53,"column":9}},"34":{"start":{"line":44,"column":12},"end":{"line":49,"column":13}},"35":{"start":{"line":45,"column":16},"end":{"line":45,"column":54}},"36":{"start":{"line":48,"column":16},"end":{"line":48,"column":87}},"37":{"start":{"line":52,"column":12},"end":{"line":52,"column":53}},"38":{"start":{"line":54,"column":8},"end":{"line":62,"column":9}},"39":{"start":{"line":55,"column":12},"end":{"line":55,"column":67}},"40":{"start":{"line":57,"column":13},"end":{"line":62,"column":9}},"41":{"start":{"line":58,"column":12},"end":{"line":58,"column":71}},"42":{"start":{"line":60,"column":13},"end":{"line":62,"column":9}},"43":{"start":{"line":61,"column":12},"end":{"line":61,"column":55}},"44":{"start":{"line":63,"column":8},"end":{"line":71,"column":9}},"45":{"start":{"line":64,"column":12},"end":{"line":64,"column":80}},"46":{"start":{"line":66,"column":13},"end":{"line":71,"column":9}},"47":{"start":{"line":67,"column":12},"end":{"line":67,"column":99}},"48":{"start":{"line":69,"column":13},"end":{"line":71,"column":9}},"49":{"start":{"line":70,"column":12},"end":{"line":70,"column":65}},"50":{"start":{"line":72,"column":8},"end":{"line":72,"column":128}},"51":{"start":{"line":73,"column":8},"end":{"line":73,"column":141}},"52":{"start":{"line":74,"column":8},"end":{"line":74,"column":128}},"53":{"start":{"line":75,"column":8},"end":{"line":75,"column":131}},"54":{"start":{"line":76,"column":8},"end":{"line":76,"column":125}},"55":{"start":{"line":77,"column":8},"end":{"line":77,"column":140}},"56":{"start":{"line":78,"column":8},"end":{"line":88,"column":9}},"57":{"start":{"line":79,"column":12},"end":{"line":84,"column":15}},"58":{"start":{"line":87,"column":12},"end":{"line":87,"column":45}},"59":{"start":{"line":89,"column":8},"end":{"line":89,"column":24}},"60":{"start":{"line":90,"column":8},"end":{"line":90,"column":63}},"61":{"start":{"line":93,"column":8},"end":{"line":93,"column":32}},"62":{"start":{"line":94,"column":8},"end":{"line":94,"column":32}},"63":{"start":{"line":95,"column":8},"end":{"line":95,"column":36}},"64":{"start":{"line":98,"column":8},"end":{"line":100,"column":9}},"65":{"start":{"line":99,"column":12},"end":{"line":99,"column":32}},"66":{"start":{"line":101,"column":8},"end":{"line":101,"column":21}},"67":{"start":{"line":104,"column":8},"end":{"line":104,"column":30}},"68":{"start":{"line":105,"column":8},"end":{"line":108,"column":34}},"69":{"start":{"line":106,"column":36},"end":{"line":106,"column":39}},"70":{"start":{"line":106,"column":51},"end":{"line":106,"column":104}},"71":{"start":{"line":108,"column":26},"end":{"line":108,"column":31}},"72":{"start":{"line":109,"column":8},"end":{"line":109,"column":38}},"73":{"start":{"line":110,"column":8},"end":{"line":110,"column":46}},"74":{"start":{"line":113,"column":8},"end":{"line":145,"column":96}},"75":{"start":{"line":145,"column":41},"end":{"line":145,"column":75}},"76":{"start":{"line":148,"column":8},"end":{"line":150,"column":11}},"77":{"start":{"line":153,"column":8},"end":{"line":155,"column":11}},"78":{"start":{"line":158,"column":8},"end":{"line":161,"column":11}},"79":{"start":{"line":164,"column":8},"end":{"line":165,"column":115}},"80":{"start":{"line":165,"column":42},"end":{"line":165,"column":113}},"81":{"start":{"line":168,"column":8},"end":{"line":203,"column":10}},"82":{"start":{"line":169,"column":28},"end":{"line":191,"column":13}},"83":{"start":{"line":192,"column":26},"end":{"line":192,"column":90}},"84":{"start":{"line":193,"column":12},"end":{"line":202,"column":13}},"85":{"start":{"line":194,"column":16},"end":{"line":194,"column":30}},"86":{"start":{"line":195,"column":16},"end":{"line":197,"column":17}},"87":{"start":{"line":196,"column":20},"end":{"line":196,"column":47}},"88":{"start":{"line":200,"column":16},"end":{"line":200,"column":75}},"89":{"start":{"line":201,"column":16},"end":{"line":201,"column":43}},"90":{"start":{"line":206,"column":8},"end":{"line":208,"column":9}},"91":{"start":{"line":207,"column":12},"end":{"line":207,"column":43}},"92":{"start":{"line":207,"column":25},"end":{"line":207,"column":42}},"93":{"start":{"line":209,"column":8},"end":{"line":209,"column":145}},"94":{"start":{"line":209,"column":27},"end":{"line":209,"column":144}},"95":{"start":{"line":212,"column":0},"end":{"line":212,"column":28}}},"fnMap":{"0":{"name":"(anonymous_0)","decl":{"start":{"line":21,"column":4},"end":{"line":21,"column":5}},"loc":{"start":{"line":21,"column":24},"end":{"line":30,"column":5}},"line":21},"1":{"name":"(anonymous_1)","decl":{"start":{"line":31,"column":4},"end":{"line":31,"column":5}},"loc":{"start":{"line":31,"column":11},"end":{"line":91,"column":5}},"line":31},"2":{"name":"(anonymous_2)","decl":{"start":{"line":92,"column":4},"end":{"line":92,"column":5}},"loc":{"start":{"line":92,"column":12},"end":{"line":96,"column":5}},"line":92},"3":{"name":"(anonymous_3)","decl":{"start":{"line":97,"column":4},"end":{"line":97,"column":5}},"loc":{"start":{"line":97,"column":41},"end":{"line":102,"column":5}},"line":97},"4":{"name":"(anonymous_4)","decl":{"start":{"line":103,"column":4},"end":{"line":103,"column":5}},"loc":{"start":{"line":103,"column":15},"end":{"line":111,"column":5}},"line":103},"5":{"name":"(anonymous_5)","decl":{"start":{"line":106,"column":20},"end":{"line":106,"column":21}},"loc":{"start":{"line":106,"column":36},"end":{"line":106,"column":39}},"line":106},"6":{"name":"(anonymous_6)","decl":{"start":{"line":106,"column":41},"end":{"line":106,"column":42}},"loc":{"start":{"line":106,"column":51},"end":{"line":106,"column":104}},"line":106},"7":{"name":"(anonymous_7)","decl":{"start":{"line":108,"column":17},"end":{"line":108,"column":18}},"loc":{"start":{"line":108,"column":26},"end":{"line":108,"column":31}},"line":108},"8":{"name":"(anonymous_8)","decl":{"start":{"line":112,"column":4},"end":{"line":112,"column":5}},"loc":{"start":{"line":112,"column":31},"end":{"line":146,"column":5}},"line":112},"9":{"name":"(anonymous_9)","decl":{"start":{"line":145,"column":17},"end":{"line":145,"column":18}},"loc":{"start":{"line":145,"column":41},"end":{"line":145,"column":75}},"line":145},"10":{"name":"(anonymous_10)","decl":{"start":{"line":147,"column":4},"end":{"line":147,"column":5}},"loc":{"start":{"line":147,"column":32},"end":{"line":151,"column":5}},"line":147},"11":{"name":"(anonymous_11)","decl":{"start":{"line":152,"column":4},"end":{"line":152,"column":5}},"loc":{"start":{"line":152,"column":33},"end":{"line":156,"column":5}},"line":152},"12":{"name":"(anonymous_12)","decl":{"start":{"line":157,"column":4},"end":{"line":157,"column":5}},"loc":{"start":{"line":157,"column":28},"end":{"line":162,"column":5}},"line":157},"13":{"name":"(anonymous_13)","decl":{"start":{"line":163,"column":4},"end":{"line":163,"column":5}},"loc":{"start":{"line":163,"column":21},"end":{"line":166,"column":5}},"line":163},"14":{"name":"(anonymous_14)","decl":{"start":{"line":165,"column":21},"end":{"line":165,"column":22}},"loc":{"start":{"line":165,"column":42},"end":{"line":165,"column":113}},"line":165},"15":{"name":"(anonymous_15)","decl":{"start":{"line":167,"column":4},"end":{"line":167,"column":5}},"loc":{"start":{"line":167,"column":38},"end":{"line":204,"column":5}},"line":167},"16":{"name":"(anonymous_16)","decl":{"start":{"line":168,"column":15},"end":{"line":168,"column":16}},"loc":{"start":{"line":168,"column":40},"end":{"line":203,"column":9}},"line":168},"17":{"name":"(anonymous_17)","decl":{"start":{"line":205,"column":4},"end":{"line":205,"column":5}},"loc":{"start":{"line":205,"column":71},"end":{"line":210,"column":5}},"line":205},"18":{"name":"(anonymous_18)","decl":{"start":{"line":207,"column":19},"end":{"line":207,"column":20}},"loc":{"start":{"line":207,"column":25},"end":{"line":207,"column":42}},"line":207},"19":{"name":"(anonymous_19)","decl":{"start":{"line":209,"column":15},"end":{"line":209,"column":16}},"loc":{"start":{"line":209,"column":27},"end":{"line":209,"column":144}},"line":209}},"branchMap":{"0":{"loc":{"start":{"line":43,"column":8},"end":{"line":53,"column":9}},"type":"if","locations":[{"start":{"line":43,"column":8},"end":{"line":53,"column":9}},{"start":{"line":43,"column":8},"end":{"line":53,"column":9}}],"line":43},"1":{"loc":{"start":{"line":44,"column":12},"end":{"line":49,"column":13}},"type":"if","locations":[{"start":{"line":44,"column":12},"end":{"line":49,"column":13}},{"start":{"line":44,"column":12},"end":{"line":49,"column":13}}],"line":44},"2":{"loc":{"start":{"line":54,"column":8},"end":{"line":62,"column":9}},"type":"if","locations":[{"start":{"line":54,"column":8},"end":{"line":62,"column":9}},{"start":{"line":54,"column":8},"end":{"line":62,"column":9}}],"line":54},"3":{"loc":{"start":{"line":57,"column":13},"end":{"line":62,"column":9}},"type":"if","locations":[{"start":{"line":57,"column":13},"end":{"line":62,"column":9}},{"start":{"line":57,"column":13},"end":{"line":62,"column":9}}],"line":57},"4":{"loc":{"start":{"line":60,"column":13},"end":{"line":62,"column":9}},"type":"if","locations":[{"start":{"line":60,"column":13},"end":{"line":62,"column":9}},{"start":{"line":60,"column":13},"end":{"line":62,"column":9}}],"line":60},"5":{"loc":{"start":{"line":63,"column":8},"end":{"line":71,"column":9}},"type":"if","locations":[{"start":{"line":63,"column":8},"end":{"line":71,"column":9}},{"start":{"line":63,"column":8},"end":{"line":71,"column":9}}],"line":63},"6":{"loc":{"start":{"line":63,"column":12},"end":{"line":63,"column":102}},"type":"binary-expr","locations":[{"start":{"line":63,"column":12},"end":{"line":63,"column":54}},{"start":{"line":63,"column":58},"end":{"line":63,"column":102}}],"line":63},"7":{"loc":{"start":{"line":66,"column":13},"end":{"line":71,"column":9}},"type":"if","locations":[{"start":{"line":66,"column":13},"end":{"line":71,"column":9}},{"start":{"line":66,"column":13},"end":{"line":71,"column":9}}],"line":66},"8":{"loc":{"start":{"line":69,"column":13},"end":{"line":71,"column":9}},"type":"if","locations":[{"start":{"line":69,"column":13},"end":{"line":71,"column":9}},{"start":{"line":69,"column":13},"end":{"line":71,"column":9}}],"line":69},"9":{"loc":{"start":{"line":78,"column":8},"end":{"line":88,"column":9}},"type":"if","locations":[{"start":{"line":78,"column":8},"end":{"line":88,"column":9}},{"start":{"line":78,"column":8},"end":{"line":88,"column":9}}],"line":78},"10":{"loc":{"start":{"line":80,"column":23},"end":{"line":80,"column":94}},"type":"cond-expr","locations":[{"start":{"line":80,"column":65},"end":{"line":80,"column":85}},{"start":{"line":80,"column":88},"end":{"line":80,"column":94}}],"line":80},"11":{"loc":{"start":{"line":98,"column":8},"end":{"line":100,"column":9}},"type":"if","locations":[{"start":{"line":98,"column":8},"end":{"line":100,"column":9}},{"start":{"line":98,"column":8},"end":{"line":100,"column":9}}],"line":98},"12":{"loc":{"start":{"line":106,"column":51},"end":{"line":106,"column":104}},"type":"cond-expr","locations":[{"start":{"line":106,"column":94},"end":{"line":106,"column":99}},{"start":{"line":106,"column":102},"end":{"line":106,"column":104}}],"line":106},"13":{"loc":{"start":{"line":106,"column":51},"end":{"line":106,"column":91}},"type":"binary-expr","locations":[{"start":{"line":106,"column":51},"end":{"line":106,"column":69}},{"start":{"line":106,"column":73},"end":{"line":106,"column":91}}],"line":106},"14":{"loc":{"start":{"line":195,"column":16},"end":{"line":197,"column":17}},"type":"if","locations":[{"start":{"line":195,"column":16},"end":{"line":197,"column":17}},{"start":{"line":195,"column":16},"end":{"line":197,"column":17}}],"line":195},"15":{"loc":{"start":{"line":205,"column":60},"end":{"line":205,"column":69}},"type":"default-arg","locations":[{"start":{"line":205,"column":68},"end":{"line":205,"column":69}}],"line":205},"16":{"loc":{"start":{"line":206,"column":8},"end":{"line":208,"column":9}},"type":"if","locations":[{"start":{"line":206,"column":8},"end":{"line":208,"column":9}},{"start":{"line":206,"column":8},"end":{"line":208,"column":9}}],"line":206}},"s":{"0":1,"1":1,"2":1,"3":1,"4":1,"5":1,"6":1,"7":1,"8":1,"9":1,"10":1,"11":1,"12":1,"13":1,"14":1,"15":1,"16":1,"17":1,"18":1,"19":1,"20":1,"21":1,"22":1,"23":1,"24":1,"25":1,"26":1,"27":1,"28":1,"29":1,"30":1,"31":1,"32":1,"33":1,"34":0,"35":0,"36":0,"37":1,"38":1,"39":0,"40":1,"41":1,"42":0,"43":0,"44":1,"45":0,"46":1,"47":1,"48":0,"49":0,"50":1,"51":1,"52":1,"53":1,"54":1,"55":1,"56":1,"57":1,"58":0,"59":1,"60":1,"61":1,"62":1,"63":1,"64":6,"65":6,"66":0,"67":1,"68":1,"69":32,"70":127,"71":32,"72":1,"73":1,"74":1,"75":31,"76":1,"77":1,"78":1,"79":1,"80":1,"81":1,"82":43,"83":43,"84":43,"85":43,"86":43,"87":0,"88":0,"89":0,"90":1264,"91":31,"92":31,"93":1233,"94":1221,"95":1},"f":{"0":1,"1":1,"2":1,"3":6,"4":1,"5":32,"6":127,"7":32,"8":1,"9":31,"10":1,"11":1,"12":1,"13":1,"14":1,"15":1,"16":43,"17":1264,"18":31,"19":1221},"b":{"0":[0,1],"1":[0,0],"2":[0,1],"3":[1,0],"4":[0,0],"5":[0,1],"6":[1,0],"7":[1,0],"8":[0,0],"9":[1,0],"10":[0,1],"11":[6,0],"12":[127,0],"13":[127,127],"14":[0,43],"15":[43],"16":[31,1233]},"inputSourceMap":{"version":3,"file":"BotServer.js","sourceRoot":"","sources":["BotServer.ts"],"names":[],"mappings":";;AACA,yCAA2C;AAE3C,2BAA2B;AAC3B,6CAA6C;AAC7C,qCAAqC;AACrC,qCAAqC;AACrC,+BAA+B;AAC/B,mCAAmC;AACnC,mCAKgB;AAChB,iCAAkD;AAClD,uEAMkC;AAqBlC,6CAA6C;AAC7C,yCAAyC;AACzC,kDAAkD;AAClD,oDAAoD;AACpD,+DAAwD;AACxD,uCAAmD;AACnD,+BAA4D;AAE5D,MAAM,SAAS;IA0Bd,YAAY,MAAuB;QAClC,IAAI,CAAC,MAAM,GAAG,IAAI,GAAG,EAAE,CAAC;QACxB,IAAI,CAAC,MAAM,GAAG,IAAI,MAAM,EAAE,CAAC;QAC3B,IAAI,CAAC,MAAM,GAAG,MAAM,CAAC;QACrB,IAAI,CAAC,UAAU,GAAG,MAAM,CAAC,UAAU,CAAC;QACpC,IAAI,CAAC,WAAW,GAAG,IAAI,CAAC,wBAAwB,EAAE,CAAC,KAAK,CAAC,MAAM,CAAC,WAAW,CAAC,CAAC;QAC7E,IAAI,CAAC,aAAa,GAAG,IAAI,CAAC,yBAAyB,EAAE,CAAC,KAAK,CAAC,MAAM,CAAC,aAAa,CAAC,CAAC;QAClF,IAAI,CAAC,cAAc,GAAG,IAAI,CAAC,0BAA0B,EAAE,CAAC,KAAK,CAAC,MAAM,CAAC,cAAc,CAAC,CAAC;QACrF,IAAI,CAAC,SAAS,GAAG,IAAI,CAAC,qBAAqB,EAAE,CAAC,KAAK,CAAC,MAAM,CAAC,SAAS,CAAC,CAAC;IACvE,CAAC;IAEM,IAAI;QACV,MAAM,EAAE,KAAK,EAAE,KAAK,EAAE,GAAG,IAAI,CAAC,MAAM,CAAC;QAErC,QAAQ,CAAC,OAAO,CAAC,KAAK,CAAC,GAAG,oBAAO,KAAK,CAAC,OAAO,EAAG,CAAC;QACjD,QAAgB,CAAC,OAAO,GAAG,MAAM,CAAC,OAAO,CAAC;QAE3C,IAAI,CAAC,eAAe,GAAG,QAAQ,CAAC,UAAU,CAAC;QAC3C,IAAI,CAAC,WAAW,GAAG,oBAAY,mBAC3B,KAAK,CAAC,OAAO,IAChB,GAAG,EAAE,KAAK,CAAC,GAAG,IACb,CAAC;QAEH,GAAG,CAAC,MAAM,CAAC,MAAM,CAAC;YACjB,WAAW,EAAE,IAAI,CAAC,MAAM,CAAC,GAAG,CAAC,WAAW;YACxC,MAAM,EAAE,IAAI,CAAC,MAAM,CAAC,GAAG,CAAC,MAAM;YAC9B,eAAe,EAAE,IAAI,CAAC,MAAM,CAAC,GAAG,CAAC,eAAe;SAChD,CAAC,CAAC;QACH,GAAG,CAAC,MAAM,CAAC,qBAAqB,CAAC,OAAO,CAAC,CAAC;QAE1C,IAAI,cAAK,CAAC,IAAI,CAAC,MAAM,CAAC,UAAU,CAAC,EAAE;YAClC,IAAI,cAAK,CAAC,IAAI,CAAC,MAAM,CAAC,GAAG,CAAC,EAAE;gBAC3B,MAAM,IAAI,KAAK,CAAC,oBAAoB,CAAC,CAAC;aACtC;iBAAM;gBACN,IAAI,CAAC,UAAU,GAAG,IAAI,2BAAiB,CAAC,IAAI,CAAC,MAAM,CAAC,GAAG,CAAC,GAAG,CAAC,CAAC;aAC7D;SACD;aAAM;YACN,IAAI,CAAC,UAAU,GAAG,IAAI,CAAC,MAAM,CAAC,UAAU,CAAC;SACzC;QAED,IAAI,cAAK,CAAC,IAAI,CAAC,MAAM,CAAC,GAAG,CAAC,EAAE,CAAC,EAAE;YAC9B,MAAM,IAAI,KAAK,CAAC,qCAAqC,CAAC,CAAC;SACvD;aAAM,IAAI,CAAC,cAAK,CAAC,IAAI,CAAC,MAAM,CAAC,GAAG,CAAC,EAAE,CAAC,EAAE;YACtC,IAAI,CAAC,WAAW,GAAG,IAAI,eAAS,CAAC,IAAI,CAAC,MAAM,CAAC,GAAG,CAAC,EAAE,CAAC,CAAC;SACrD;aAAM,IAAI,CAAC,cAAK,CAAC,IAAI,CAAC,MAAM,CAAC,WAAW,CAAC,EAAE;YAC3C,IAAI,CAAC,WAAW,GAAG,IAAI,CAAC,MAAM,CAAC,WAAW,CAAC;SAC3C;QAED,IAAI,cAAK,CAAC,IAAI,CAAC,MAAM,CAAC,GAAG,CAAC,UAAU,CAAC,IAAI,cAAK,CAAC,IAAI,CAAC,MAAM,CAAC,gBAAgB,CAAC,EAAE;YAC7E,MAAM,IAAI,KAAK,CAAC,kDAAkD,CAAC,CAAC;SACpE;aAAM,IAAI,CAAC,cAAK,CAAC,IAAI,CAAC,MAAM,CAAC,GAAG,CAAC,UAAU,CAAC,EAAE;YAC9C,IAAI,CAAC,gBAAgB,GAAG,IAAI,8BAAwB,CAAC,IAAI,CAAC,MAAM,CAAC,GAAG,CAAC,UAAU,CAAC,CAAC;SACjF;aAAM,IAAI,CAAC,cAAK,CAAC,IAAI,CAAC,MAAM,CAAC,gBAAgB,CAAC,EAAE;YAChD,IAAI,CAAC,gBAAgB,GAAG,IAAI,CAAC,MAAM,CAAC,gBAAgB,CAAC;SACrD;QAED,IAAI,CAAC,gBAAgB,GAAG,IAAI,CAAC,eAAe,CAC3C,2CAAqB,EACrB,IAAI,CAAC,MAAM,CAAC,gBAAgB,CAC5B,CAAC;QAEF,IAAI,CAAC,iBAAiB,GAAG,IAAI,CAAC,eAAe,CAC5C,IAAI,gCAAsB,CAAC,IAAI,CAAC,WAAW,CAAC,EAC5C,IAAI,CAAC,MAAM,CAAC,iBAAiB,CAC7B,CAAC;QAEF,IAAI,CAAC,gBAAgB,GAAG,IAAI,CAAC,eAAe,CAC3C,2CAAqB,EACrB,IAAI,CAAC,MAAM,CAAC,gBAAgB,CAC5B,CAAC;QAEF,IAAI,CAAC,iBAAiB,GAAG,IAAI,CAAC,eAAe,CAC5C,4CAAsB,EACtB,IAAI,CAAC,MAAM,CAAC,iBAAiB,CAC7B,CAAC;QAEF,IAAI,CAAC,eAAe,GAAG,IAAI,CAAC,eAAe,CAC1C,0CAAoB,EACpB,IAAI,CAAC,MAAM,CAAC,eAAe,CAC3B,CAAC;QAEF,IAAI,CAAC,oBAAoB,GAAG,IAAI,CAAC,eAAe,CAC/C,+CAAyB,EACzB,IAAI,CAAC,MAAM,CAAC,oBAAoB,CAChC,CAAC;QAEF,IAAI,cAAK,CAAC,IAAI,CAAC,MAAM,CAAC,MAAM,CAAC,EAAE;YAC9B,IAAI,CAAC,MAAM,GAAG,IAAI,OAAO,CAAC,MAAM,CAAC;gBAChC,KAAK,EAAE,iBAAQ,CAAC,IAAI,CAAC,MAAM,CAAC,QAAQ,CAAC,CAAC,CAAC,CAAC,IAAI,CAAC,MAAM,CAAC,QAAQ,CAAC,CAAC,CAAC,MAAM;gBACrE,UAAU,EAAE;oBACX,IAAI,CAAC,OAAO,CAAC,UAAU,CAAC,OAAO,CAAC,EAAE;iBAClC;aACD,CAAC,CAAC;SACH;aAAM;YACN,IAAI,CAAC,MAAM,GAAG,IAAI,CAAC,MAAM,CAAC,MAAM,CAAC;SACjC;QAED,IAAI,CAAC,QAAQ,EAAE,CAAC;QAChB,IAAI,CAAC,UAAU,GAAG,IAAI,CAAC,MAAM,CAAC,MAAM,CAAC,IAAI,CAAC,MAAM,CAAC,IAAI,CAAC,CAAC;IACxD,CAAC;IAEM,KAAK;QACX,IAAI,CAAC,UAAU,CAAC,KAAK,EAAE,CAAC;QACxB,IAAI,CAAC,WAAW,CAAC,IAAI,EAAE,CAAC;QACxB,QAAQ,CAAC,UAAU,CAAC,KAAK,EAAE,CAAC;IAC7B,CAAC;IAES,eAAe,CAAI,YAAe,EAAE,KAAS;QACtD,IAAI,cAAK,CAAC,KAAK,CAAC,EAAE;YACjB,OAAO,YAAY,CAAC;SACpB;QACD,OAAO,KAAK,CAAC;IACd,CAAC;IAES,QAAQ;QACjB,IAAI,CAAC,cAAc,EAAE,CAAC;QACtB,IAAI,CAAC,iBAAiB,GAAG,gBAAI,CAAC,IAAI,CAAC,WAAW;aAC5C,MAAM,CACP,CAAC,KAAK,EAAE,GAAG,EAAE,EAAE,CAAC,GAAG,EACnB,CAAC,CAAC,EAAE,CAAC,EAAE,EAAE,CAAC,CAAC,cAAK,CAAC,CAAC,CAAC,IAAI,CAAC,cAAK,CAAC,CAAC,CAAC,CAAC,CAAC,CAAC,CAAC,GAAG,CAAC,CAAC,CAAC,CAAC,CAAC,CAAC,CAC7C;aAEC,OAAO,EAAE;aACT,GAAG,CAAC,KAAK,CAAC,EAAE,CAAC,KAAK,CAAC,CAAC,CACpB;QACF,IAAI,CAAC,MAAM,CAAC,GAAG,CAAC,UAAU,EAAE,CAAC,CAAC;QAC9B,IAAI,CAAC,MAAM,CAAC,GAAG,CAAC,IAAI,CAAC,MAAM,CAAC,MAAM,EAAE,CAAC,CAAC;IACvC,CAAC;IAES,wBAAwB;QACjC,OAAO;YACN,WAAW,CAAC,sBAAsB;YAClC,WAAW,CAAC,oBAAoB;YAChC,WAAW,CAAC,4BAA4B;YACxC,WAAW,CAAC,gCAAgC;YAC5C,WAAW,CAAC,mBAAmB;YAC/B,WAAW,CAAC,oBAAoB;YAChC,WAAW,CAAC,0BAA0B;YACtC,WAAW,CAAC,oBAAoB;YAChC,WAAW,CAAC,qBAAqB;YACjC,WAAW,CAAC,mBAAmB;YAC/B,WAAW,CAAC,iBAAiB;YAC7B,WAAW,CAAC,+BAA+B;YAC3C,WAAW,CAAC,6BAA6B;YACzC,WAAW,CAAC,sBAAsB;YAClC,WAAW,CAAC,iCAAiC;YAC7C,WAAW,CAAC,aAAa;YACzB,WAAW,CAAC,0BAA0B;YACtC,WAAW,CAAC,iCAAiC;YAC7C,WAAW,CAAC,mCAAmC;YAC/C,WAAW,CAAC,0BAA0B;YACtC,WAAW,CAAC,4BAA4B;YACxC,WAAW,CAAC,2BAA2B;YACvC,WAAW,CAAC,mBAAmB;YAC/B,WAAW,CAAC,4BAA4B;YACxC,WAAW,CAAC,4BAA4B;YACxC,WAAW,CAAC,yBAAyB;YACrC,WAAW,CAAC,8BAA8B;YAC1C,WAAW,CAAC,+BAA+B;YAC3C,WAAW,CAAC,6BAA6B;YACzC,WAAW,CAAC,wBAAwB;YACpC,WAAW,CAAC,wBAAwB;SACpC,CAAC,MAAM,CAAC,CAAC,GAAG,EAAE,UAAU,EAAE,CAAC,EAAE,EAAE,CAAC,GAAG,CAAC,GAAG,CAAC,CAAC,CAAC,GAAG,CAAC,CAAC,GAAG,GAAG,EAAE,UAAU,CAAC,EAAE,eAAG,EAAsB,CAAC,CAAC;IACjG,CAAC;IAES,yBAAyB;QAClC,OAAO,eAAG,CAAuB;YAChC,sBAAsB,EAAE,aAAa,CAAC,sBAAsB;SAC5D,CAAC,CAAC;IACJ,CAAC;IAES,0BAA0B;QACnC,OAAO,eAAG,CAAwB;YACjC,iBAAiB,EAAE,cAAc,CAAC,iBAAiB;SACnD,CAAC,CAAC;IACJ,CAAC;IAES,qBAAqB;QAC9B,OAAO,eAAG,CAAmB;YAC5B,kBAAkB,EAAE,SAAS,CAAC,kBAAkB;YAChD,mBAAmB,EAAE,SAAS,CAAC,mBAAmB;SAClD,CAAC,CAAC;IACJ,CAAC;IAES,cAAc;QACvB,IAAI,CAAC,UAAU;aACb,OAAO,CACP,CAAC,SAA8B,EAAE,IAAY,EAAE,EAAE,CAChD,IAAI,CAAC,MAAM,CAAC,GAAG,CAAC,QAAQ,IAAI,EAAE,EAAE,IAAI,CAAC,sBAAsB,CAAC,SAAS,CAAC,CAAC,CACxE,CAAC;IACJ,CAAC;IAES,sBAAsB,CAAC,SAA8B;QAC9D,OAAO,KAAK,EAAE,aAA0B,EAAE,EAAE;YAC3C,MAAM,OAAO,GAAG;gBACf,UAAU,EAAE,eAAG,EAAe;gBAC9B,QAAQ,EAAE,gBAAI,EAAqB;gBACnC,gBAAgB,EAAE,IAAI,CAAC,gBAAgB;gBACvC,SAAS,EAAE,IAAI,CAAC,SAAS;gBACzB,WAAW,EAAE,IAAI,CAAC,WAAW;gBAC7B,gBAAgB,EAAE,IAAI,CAAC,gBAAgB;gBACvC,eAAe,EAAE,IAAI,CAAC,eAAe;gBACrC,MAAM,EAAE,IAAI,CAAC,MAAM;gBACnB,iBAAiB,EAAE,IAAI,CAAC,iBAAiB;gBACzC,SAAS;gBACT,UAAU,EAAE,IAAI,CAAC,UAAU;gBAC3B,cAAc,EAAE,IAAI,CAAC,cAAc;gBACnC,aAAa,EAAE,IAAI,CAAC,aAAa;gBACjC,UAAU,EAAE,aAAa,CAAC,OAAO,CAAC,IAAI;gBACtC,SAAS,EAAE,gBAAI,EAAe;gBAC9B,oBAAoB,EAAE,IAAI,CAAC,oBAAoB;gBAC/C,aAAa;gBACb,iBAAiB,EAAE,IAAI,CAAC,iBAAiB;gBACzC,gBAAgB,EAAE,IAAI,CAAC,gBAAgB;gBACvC,GAAG,EAAE,aAAa,CAAC,MAAM,CAAC,GAAG;gBAC7B,UAAU,EAAE,eAAG,EAAe;aAC9B,CAAC;YACF,MAAM,KAAK,GAAG,IAAI,CAAC,0BAA0B,CAC5C,OAAO,EACP,IAAI,CAAC,iBAAiB,CACtB,CAAC;YAEF,IAAI;gBACH,MAAM,KAAK,EAAE,CAAC;gBACd,IAAI,cAAK,CAAC,aAAa,CAAC,MAAM,CAAC,EAAE;oBAChC,aAAa,CAAC,MAAM,GAAG,GAAG,CAAC;iBAC3B;aACD;YAAC,OAAO,GAAG,EAAE;gBACb,IAAI,CAAC,MAAM,CAAC,KAAK,CAAC,kCAAkC,EAAE,GAAG,CAAC,CAAC;gBAC3D,aAAa,CAAC,MAAM,GAAG,GAAG,CAAC;aAC3B;QACF,CAAC,CAAC;IACH,CAAC;IAES,0BAA0B,CACnC,iBAA6B,EAC7B,QAA0B,EAC1B,QAAgB,CAAC;QACjB,IAAI,KAAK,IAAI,QAAQ,CAAC,IAAI,EAAE;YAC3B,OAAO,GAAG,EAAE,CAAC,OAAO,CAAC,OAAO,EAAE,CAAC;SAC/B;QACD,OAAO,KAAK,IAAI,EAAE,CAAC,MAAM,QAAQ,CAAC,GAAG,CAAC,KAAK,CAAC,CAC3C,iBAAiB,EACjB,IAAI,CAAC,0BAA0B,CAAC,iBAAiB,EAAE,QAAQ,EAAE,KAAK,GAAG,CAAC,CAAC,CACvE,CAAC;IACH,CAAC;CAED;AAED,kBAAe,SAAS,CAAC","sourcesContent":["import { Server } from 'http';\nimport { List, Map, Set } from 'immutable';\nimport { default as IntlMessageFormat } from 'intl-messageformat';\nimport * as Koa from 'koa';\nimport * as BodyParser from 'koa-bodyparser';\nimport * as Router from 'koa-router';\nimport * as mongoose from 'mongoose';\nimport * as AWS from 'aws-sdk';\nimport * as winston from 'winston';\nimport {\n\tisObject,\n\tisString,\n\tisNumber,\n\tisNil,\n} from 'lodash';\nimport { createClient, RedisClient } from 'redis';\nimport {\n\tintentRepository as mongoIntentRepository,\n\tconfigRepository as mongoConfigRepository,\n\tmessageRepository as mongoMessageRepository,\n\tissueRepository as mongoIssueRepository,\n\tsenderInfoRepository as mongoSenderInfoRepository,\n} from 'lexica-dialog-repository';\nimport {\n\tBotResponse,\n\tBotContextCommand,\n\tBotServerConfig,\n\tBotContext,\n\tConfigRepository,\n\tExecutor,\n\tMessenger,\n\tMiddleware,\n\tNlpService,\n\tFileService,\n\tTranscodeService,\n\tPreProcessor,\n\tPostProcessor,\n\tIntentRepository,\n\tSessionRepository,\n\tMessageRepository,\n\tIssueRepository,\n\tSenderInfoRepository,\n} from './Api';\nimport * as middlewares from './middlewares';\nimport * as executors from './executors';\nimport * as preProcessors from './pre-processors';\nimport * as postProcessors from './post-processors';\nimport DefaultNlpService from './nlp/DefaultNlpService';\nimport { RedisSessionRepository } from './session';\nimport { S3Service, ElasticTranscoderService } from './aws';\n\nclass BotServer {\n\n\tpublic readonly server: Koa;\n\tpublic readonly router: Router;\n\tpublic redisClient: RedisClient;\n\tpublic mongoConnection: mongoose.Connection;\n\tprivate config: BotServerConfig;\n\tprivate messengers: Map<string, Messenger<any, any>>;\n\tprivate middlewares: Map<number, Middleware>;\n\tprivate sortedMiddlewares: List<Middleware>;\n\tprivate preProcessors: Map<string, PreProcessor>;\n\tprivate postProcessors: Map<string, PostProcessor>;\n\tprivate executors: Map<string, Executor>;\n\n\tprivate nlpService: NlpService;\n\tprivate fileService: FileService;\n\tprivate transcodeService: TranscodeService;\n\tprivate sessionRepository: SessionRepository;\n\tprivate intentRepository: IntentRepository;\n\tprivate configRepository: ConfigRepository;\n\tprivate messageRepository: MessageRepository;\n\tprivate issueRepository: IssueRepository;\n\tprivate senderInfoRepository: SenderInfoRepository;\n\tprivate logger: winston.LoggerInstance;\n\tprivate nodeServer: Server;\n\n\tconstructor(config: BotServerConfig) {\n\t\tthis.server = new Koa();\n\t\tthis.router = new Router();\n\t\tthis.config = config;\n\t\tthis.messengers = config.messengers;\n\t\tthis.middlewares = this.createDefaultMiddlewares().merge(config.middlewares);\n\t\tthis.preProcessors = this.createDefaultPreProcessor().merge(config.preProcessors);\n\t\tthis.postProcessors = this.createDefaultPostProcessor().merge(config.postProcessors);\n\t\tthis.executors = this.createDefaultExecutor().merge(config.executors);\n\t}\n\n\tpublic init() {\n\t\tconst { mongo, redis } = this.config;\n\n\t\tmongoose.connect(mongo.url, { ...mongo.options });\n\t\t(mongoose as any).Promise = global.Promise;\n\n\t\tthis.mongoConnection = mongoose.connection;\n\t\tthis.redisClient = createClient({\n\t\t\t...redis.options,\n\t\t\turl: redis.url,\n\t\t});\n\n\t\tAWS.config.update({\n\t\t\taccessKeyId: this.config.aws.accessKeyId,\n\t\t\tregion: this.config.aws.region,\n\t\t\tsecretAccessKey: this.config.aws.secretAccessKey,\n\t\t});\n\t\tAWS.config.setPromisesDependency(Promise);\n\n\t\tif (isNil(this.config.nlpService)) {\n\t\t\tif (isNil(this.config.nlp)) {\n\t\t\t\tthrow new Error('NLP config not set');\n\t\t\t} else {\n\t\t\t\tthis.nlpService = new DefaultNlpService(this.config.nlp.url);\n\t\t\t}\n\t\t} else {\n\t\t\tthis.nlpService = this.config.nlpService;\n\t\t}\n\n\t\tif (isNil(this.config.aws.s3)) {\n\t\t\tthrow new Error('Please config aws.s3 or fileService');\n\t\t} else if (!isNil(this.config.aws.s3)) {\n\t\t\tthis.fileService = new S3Service(this.config.aws.s3);\n\t\t} else if (!isNil(this.config.fileService)) {\n\t\t\tthis.fileService = this.config.fileService;\n\t\t}\n\n\t\tif (isNil(this.config.aws.transcoder) && isNil(this.config.transcodeService)) {\n\t\t\tthrow new Error('Please config aws.transcoder or transcodeService');\n\t\t} else if (!isNil(this.config.aws.transcoder)) {\n\t\t\tthis.transcodeService = new ElasticTranscoderService(this.config.aws.transcoder);\n\t\t} else if (!isNil(this.config.transcodeService)) {\n\t\t\tthis.transcodeService = this.config.transcodeService;\n\t\t}\n\n\t\tthis.intentRepository = this.getDefaultValue(\n\t\t\tmongoIntentRepository,\n\t\t\tthis.config.intentRepository,\n\t\t);\n\n\t\tthis.sessionRepository = this.getDefaultValue(\n\t\t\tnew RedisSessionRepository(this.redisClient),\n\t\t\tthis.config.sessionRepository,\n\t\t);\n\n\t\tthis.configRepository = this.getDefaultValue(\n\t\t\tmongoConfigRepository,\n\t\t\tthis.config.configRepository,\n\t\t);\n\n\t\tthis.messageRepository = this.getDefaultValue(\n\t\t\tmongoMessageRepository,\n\t\t\tthis.config.messageRepository,\n\t\t);\n\n\t\tthis.issueRepository = this.getDefaultValue(\n\t\t\tmongoIssueRepository,\n\t\t\tthis.config.issueRepository,\n\t\t);\n\n\t\tthis.senderInfoRepository = this.getDefaultValue(\n\t\t\tmongoSenderInfoRepository,\n\t\t\tthis.config.senderInfoRepository,\n\t\t);\n\n\t\tif (isNil(this.config.logger)) {\n\t\t\tthis.logger = new winston.Logger({\n\t\t\t\tlevel: isString(this.config.logLevel) ? this.config.logLevel : 'info',\n\t\t\t\ttransports: [\n\t\t\t\t\tnew (winston.transports.Console)(),\n\t\t\t\t],\n\t\t\t});\n\t\t} else {\n\t\t\tthis.logger = this.config.logger;\n\t\t}\n\n\t\tthis.setupKoa();\n\t\tthis.nodeServer = this.server.listen(this.config.port);\n\t}\n\n\tpublic close() {\n\t\tthis.nodeServer.close();\n\t\tthis.redisClient.quit();\n\t\tmongoose.connection.close();\n\t}\n\n\tprotected getDefaultValue<T>(defaultValue: T, value?: T) {\n\t\tif (isNil(value)) {\n\t\t\treturn defaultValue;\n\t\t}\n\t\treturn value;\n\t}\n\n\tprotected setupKoa() {\n\t\tthis.setupMessenger();\n\t\tthis.sortedMiddlewares = List(this.middlewares\n\t\t\t.sortBy(\n\t\t\t(value, key) => key,\n\t\t\t(a, b) => !isNil(a) && !isNil(b) ? a - b : -1,\n\t\t)\n\t\t\t// TODO temporary fix bug: https://github.com/facebook/immutable-js/issues/1246\n\t\t\t.toArray()\n\t\t\t.map(value => value))\n\t\t\t;\n\t\tthis.server.use(BodyParser());\n\t\tthis.server.use(this.router.routes());\n\t}\n\n\tprotected createDefaultMiddlewares() {\n\t\treturn [\n\t\t\tmiddlewares.globalConfigMiddleware,\n\t\t\tmiddlewares.unitConfigMiddleware,\n\t\t\tmiddlewares.messengerWhiteListMiddleware,\n\t\t\tmiddlewares.responseMessageLoggingMiddleware,\n\t\t\tmiddlewares.messengerMiddleware,\n\t\t\tmiddlewares.senderInfoMiddleware,\n\t\t\tmiddlewares.fallbackResponseMiddleware,\n\t\t\tmiddlewares.fetchIssueMiddleware,\n\t\t\tmiddlewares.fileRequestMiddleware,\n\t\t\tmiddlewares.transcodeMiddleware,\n\t\t\tmiddlewares.sessionMiddleware,\n\t\t\tmiddlewares.requestMessageLoggingMiddleware,\n\t\t\tmiddlewares.fileRequestResponseMiddleware,\n\t\t\tmiddlewares.intentOptionMiddleware,\n\t\t\tmiddlewares.continuousOptionsToTextMiddleware,\n\t\t\tmiddlewares.nlpMiddleware,\n\t\t\tmiddlewares.suspendAutoReplyMiddleware,\n\t\t\tmiddlewares.removeDuplicateResponseMiddleware,\n\t\t\tmiddlewares.additionalResponseMessageMiddleware,\n\t\t\tmiddlewares.flattenResponsesMiddleware,\n\t\t\tmiddlewares.conversationIntentMiddleware,\n\t\t\tmiddlewares.startConversationMiddleware,\n\t\t\tmiddlewares.newIntentMiddleware,\n\t\t\tmiddlewares.commandsValidationMiddleware,\n\t\t\tmiddlewares.intentPreProcessorMiddleware,\n\t\t\tmiddlewares.memoriesFeatureMiddleware,\n\t\t\tmiddlewares.intentDefaultFeatureMiddleware,\n\t\t\tmiddlewares.intentRequiredFeatureMiddleware,\n\t\t\tmiddlewares.intentPostProcessorMiddleware,\n\t\t\tmiddlewares.intentResponseMiddleware,\n\t\t\tmiddlewares.intentExecutorMiddleware,\n\t\t].reduce((map, middleware, i) => map.set((i + 1) * 100, middleware), Map<number, Middleware>());\n\t}\n\n\tprotected createDefaultPreProcessor() {\n\t\treturn Map<string, PreProcessor>({\n\t\t\tSenderNamePreProcessor: preProcessors.senderNamePreProcessor,\n\t\t});\n\t}\n\n\tprotected createDefaultPostProcessor() {\n\t\treturn Map<string, PostProcessor>({\n\t\t\tDatePostProcessor: postProcessors.datePostProcessor,\n\t\t});\n\t}\n\n\tprotected createDefaultExecutor() {\n\t\treturn Map<string, Executor>({\n\t\t\tCloseIssueExecutor: executors.closeIssueExecutor,\n\t\t\tCreateIssueExecutor: executors.createIssueExecutor,\n\t\t});\n\t}\n\n\tprotected setupMessenger() {\n\t\tthis.messengers\n\t\t\t.forEach(\n\t\t\t\t(messenger: Messenger<any, any>, path: string) =>\n\t\t\t\t\tthis.router.all(`/:uni${path}`, this.createMessengerHandler(messenger)),\n\t\t\t);\n\t}\n\n\tprotected createMessengerHandler(messenger: Messenger<any, any>) {\n\t\treturn async (serverContext: Koa.Context) => {\n\t\t\tconst context = {\n\t\t\t\tattributes: Map<string, any>(),\n\t\t\t\tcommands: List<BotContextCommand>(),\n\t\t\t\tconfigRepository: this.configRepository,\n\t\t\t\texecutors: this.executors,\n\t\t\t\tfileService: this.fileService,\n\t\t\t\tintentRepository: this.intentRepository,\n\t\t\t\tissueRepository: this.issueRepository,\n\t\t\t\tlogger: this.logger,\n\t\t\t\tmessageRepository: this.messageRepository,\n\t\t\t\tmessenger,\n\t\t\t\tnlpService: this.nlpService,\n\t\t\t\tpostProcessors: this.postProcessors,\n\t\t\t\tpreProcessors: this.preProcessors,\n\t\t\t\trawRequest: serverContext.request.body,\n\t\t\t\tresponses: List<BotResponse>(),\n\t\t\t\tsenderInfoRepository: this.senderInfoRepository,\n\t\t\t\tserverContext,\n\t\t\t\tsessionRepository: this.sessionRepository,\n\t\t\t\ttranscodeService: this.transcodeService,\n\t\t\t\tuni: serverContext.params.uni,\n\t\t\t\tuniConfigs: Map<string, any>(),\n\t\t\t};\n\t\t\tconst start = this.createMiddlewareStartPoint(\n\t\t\t\tcontext,\n\t\t\t\tthis.sortedMiddlewares,\n\t\t\t);\n\n\t\t\ttry {\n\t\t\t\tawait start();\n\t\t\t\tif (isNil(serverContext.status)) {\n\t\t\t\t\tserverContext.status = 200;\n\t\t\t\t}\n\t\t\t} catch (err) {\n\t\t\t\tthis.logger.error('Unhandled error from middlewares', err);\n\t\t\t\tserverContext.status = 200;\n\t\t\t}\n\t\t};\n\t}\n\n\tprotected createMiddlewareStartPoint(\n\t\tbotServiceContext: BotContext,\n\t\tservices: List<Middleware>,\n\t\tindex: number = 0): () => Promise<void> {\n\t\tif (index >= services.size) {\n\t\t\treturn () => Promise.resolve();\n\t\t}\n\t\treturn async () => await services.get(index)(\n\t\t\tbotServiceContext,\n\t\t\tthis.createMiddlewareStartPoint(botServiceContext, services, index + 1),\n\t\t);\n\t}\n\n}\n\nexport default BotServer;\n"]},"_coverageSchema":"332fd63041d2c1bcb487cc26dd0d5f7d97098a6c","hash":"e6ad13412b8d611ca48a0b61954d8e986167964b"}
,"/Users/tomlai/Documents/projects/workspace/lexica-os/lexica-dialog-core/src/Utils.ts": {"path":"/Users/tomlai/Documents/projects/workspace/lexica-os/lexica-dialog-core/src/Utils.ts","statementMap":{"0":{"start":{"line":2,"column":0},"end":{"line":2,"column":62}},"1":{"start":{"line":3,"column":17},"end":{"line":3,"column":34}},"2":{"start":{"line":4,"column":14},"end":{"line":4,"column":30}},"3":{"start":{"line":5,"column":20},"end":{"line":5,"column":40}},"4":{"start":{"line":6,"column":29},"end":{"line":6,"column":58}},"5":{"start":{"line":7,"column":17},"end":{"line":7,"column":59}},"6":{"start":{"line":9,"column":4},"end":{"line":12,"column":18}},"7":{"start":{"line":10,"column":25},"end":{"line":10,"column":80}},"8":{"start":{"line":11,"column":26},"end":{"line":11,"column":37}},"9":{"start":{"line":14,"column":0},"end":{"line":14,"column":70}},"10":{"start":{"line":17,"column":4},"end":{"line":55,"column":5}},"11":{"start":{"line":18,"column":24},"end":{"line":18,"column":75}},"12":{"start":{"line":19,"column":26},"end":{"line":24,"column":11}},"13":{"start":{"line":21,"column":25},"end":{"line":24,"column":9}},"14":{"start":{"line":25,"column":8},"end":{"line":25,"column":46}},"15":{"start":{"line":27,"column":9},"end":{"line":55,"column":5}},"16":{"start":{"line":28,"column":24},"end":{"line":33,"column":11}},"17":{"start":{"line":28,"column":56},"end":{"line":33,"column":9}},"18":{"start":{"line":34,"column":8},"end":{"line":39,"column":16}},"19":{"start":{"line":41,"column":9},"end":{"line":55,"column":5}},"20":{"start":{"line":42,"column":22},"end":{"line":46,"column":11}},"21":{"start":{"line":42,"column":50},"end":{"line":46,"column":9}},"22":{"start":{"line":47,"column":8},"end":{"line":51,"column":16}},"23":{"start":{"line":54,"column":8},"end":{"line":54,"column":75}},"24":{"start":{"line":56,"column":4},"end":{"line":56,"column":19}},"25":{"start":{"line":58,"column":0},"end":{"line":58,"column":66}},"26":{"start":{"line":60,"column":17},"end":{"line":60,"column":70}},"27":{"start":{"line":61,"column":4},"end":{"line":61,"column":93}},"28":{"start":{"line":63,"column":0},"end":{"line":63,"column":40}},"29":{"start":{"line":65,"column":4},"end":{"line":65,"column":102}},"30":{"start":{"line":65,"column":43},"end":{"line":65,"column":81}},"31":{"start":{"line":67,"column":0},"end":{"line":67,"column":34}}},"fnMap":{"0":{"name":"intentResponsesToBotResponses","decl":{"start":{"line":8,"column":9},"end":{"line":8,"column":38}},"loc":{"start":{"line":8,"column":68},"end":{"line":13,"column":1}},"line":8},"1":{"name":"(anonymous_1)","decl":{"start":{"line":10,"column":13},"end":{"line":10,"column":14}},"loc":{"start":{"line":10,"column":25},"end":{"line":10,"column":80}},"line":10},"2":{"name":"(anonymous_2)","decl":{"start":{"line":11,"column":16},"end":{"line":11,"column":17}},"loc":{"start":{"line":11,"column":26},"end":{"line":11,"column":37}},"line":11},"3":{"name":"intentResponseToBotResponse","decl":{"start":{"line":15,"column":9},"end":{"line":15,"column":36}},"loc":{"start":{"line":15,"column":65},"end":{"line":57,"column":1}},"line":15},"4":{"name":"(anonymous_4)","decl":{"start":{"line":21,"column":17},"end":{"line":21,"column":18}},"loc":{"start":{"line":21,"column":25},"end":{"line":24,"column":9}},"line":21},"5":{"name":"(anonymous_5)","decl":{"start":{"line":28,"column":45},"end":{"line":28,"column":46}},"loc":{"start":{"line":28,"column":56},"end":{"line":33,"column":9}},"line":28},"6":{"name":"(anonymous_6)","decl":{"start":{"line":42,"column":41},"end":{"line":42,"column":42}},"loc":{"start":{"line":42,"column":50},"end":{"line":46,"column":9}},"line":42},"7":{"name":"extractMessage","decl":{"start":{"line":59,"column":9},"end":{"line":59,"column":23}},"loc":{"start":{"line":59,"column":51},"end":{"line":62,"column":1}},"line":59},"8":{"name":"toConfigMap","decl":{"start":{"line":64,"column":9},"end":{"line":64,"column":20}},"loc":{"start":{"line":64,"column":30},"end":{"line":66,"column":1}},"line":64},"9":{"name":"(anonymous_9)","decl":{"start":{"line":65,"column":26},"end":{"line":65,"column":27}},"loc":{"start":{"line":65,"column":43},"end":{"line":65,"column":81}},"line":65}},"branchMap":{"0":{"loc":{"start":{"line":17,"column":4},"end":{"line":55,"column":5}},"type":"if","locations":[{"start":{"line":17,"column":4},"end":{"line":55,"column":5}},{"start":{"line":17,"column":4},"end":{"line":55,"column":5}}],"line":17},"1":{"loc":{"start":{"line":17,"column":8},"end":{"line":17,"column":90}},"type":"binary-expr","locations":[{"start":{"line":17,"column":8},"end":{"line":17,"column":52}},{"start":{"line":17,"column":56},"end":{"line":17,"column":90}}],"line":17},"2":{"loc":{"start":{"line":27,"column":9},"end":{"line":55,"column":5}},"type":"if","locations":[{"start":{"line":27,"column":9},"end":{"line":55,"column":5}},{"start":{"line":27,"column":9},"end":{"line":55,"column":5}}],"line":27},"3":{"loc":{"start":{"line":27,"column":13},"end":{"line":27,"column":97}},"type":"binary-expr","locations":[{"start":{"line":27,"column":13},"end":{"line":27,"column":60}},{"start":{"line":27,"column":64},"end":{"line":27,"column":97}}],"line":27},"4":{"loc":{"start":{"line":41,"column":9},"end":{"line":55,"column":5}},"type":"if","locations":[{"start":{"line":41,"column":9},"end":{"line":55,"column":5}},{"start":{"line":41,"column":9},"end":{"line":55,"column":5}}],"line":41},"5":{"loc":{"start":{"line":41,"column":13},"end":{"line":41,"column":93}},"type":"binary-expr","locations":[{"start":{"line":41,"column":13},"end":{"line":41,"column":58}},{"start":{"line":41,"column":62},"end":{"line":41,"column":93}}],"line":41}},"s":{"0":1,"1":1,"2":1,"3":1,"4":1,"5":1,"6":5,"7":5,"8":5,"9":1,"10":45,"11":38,"12":38,"13":42,"14":38,"15":7,"16":7,"17":11,"18":7,"19":0,"20":0,"21":0,"22":0,"23":0,"24":45,"25":1,"26":56,"27":56,"28":1,"29":86,"30":308,"31":1},"f":{"0":5,"1":5,"2":5,"3":45,"4":42,"5":11,"6":0,"7":56,"8":86,"9":308},"b":{"0":[38,7],"1":[45,38],"2":[7,0],"3":[7,7],"4":[0,0],"5":[0,0]},"inputSourceMap":{"version":3,"file":"Utils.js","sourceRoot":"","sources":["Utils.ts"],"names":[],"mappings":";;AAAA,mCAA+B;AAC/B,+BAA8E;AAC9E,yCAAsC;AACtC,2DAAkE;AAElE,4DAIyC;AAEzC,SAAS,6BAA6B,CACrC,SAAqB,EACrB,QAA0B,EAC1B,MAAc;IACd,OAAO,SAAS;SACd,GAAG,CAAC,QAAQ,CAAC,EAAE,CAAC,2BAA2B,CAAC,QAAQ,EAAE,QAAQ,EAAE,MAAM,CAAC,CAAC;SACxE,MAAM,CAAC,CAAC,CAAC,EAAE,CAAC,EAAE,EAAE,CAAC,CAAC,CAAC,MAAM,CAAC,CAAC,CAAC,EAAE,gBAAI,EAAe,CAAC;SAClD,MAAM,EAAE,CAAC;AACZ,CAAC;AA6DA,sEAA6B;AA3D9B,SAAS,2BAA2B,CACnC,QAAkB,EAClB,QAA0B,EAC1B,MAAc;IACd,IAAI,OAA0B,CAAC;IAC/B,IAAI,QAAQ,CAAC,IAAI,KAAK,qBAAY,CAAC,IAAI,IAAI,CAAC,cAAK,CAAC,QAAQ,CAAC,QAAQ,CAAC,EAAE;QACrE,MAAM,OAAO,GAAW,cAAc,CAAC,QAAQ,CAAC,QAAQ,EAAE,QAAQ,EAAE,MAAM,CAAC,CAAC;QAC5E,MAAM,SAAS,GAAG,OAAO;aACvB,KAAK,CAAC,YAAY,CAAC;aACnB,GAAG,CAAC,GAAG,CAAC,EAAE,CAAC,CAAC;YACZ,OAAO,EAAE,GAAG;YACZ,IAAI,EAAE,qBAAY,CAAC,IAAI;SACvB,CAAC,CAAC,CAAC;QACL,OAAO,GAAG,gBAAI,CAAc,SAAS,CAAC,CAAC;KACvC;SAAM,IAAI,QAAQ,CAAC,IAAI,KAAK,qBAAY,CAAC,OAAO,IAAI,CAAC,cAAK,CAAC,QAAQ,CAAC,OAAO,CAAC,EAAE;QAC9E,MAAM,OAAO,GAAG,QAAQ,CAAC,OAAO,CAAC,GAAG,CAAC,MAAM,CAAC,EAAE,CAAC,CAAC;YAC/C,OAAO,EAAE,MAAM,CAAC,OAAO;YACvB,QAAQ,EAAE,MAAM,CAAC,QAAQ;YACzB,OAAO,EAAE,IAAI,CAAC,cAAc,CAAC,MAAM,CAAC,QAAQ,EAAE,QAAQ,EAAE,MAAM,CAAC;YAC/D,iBAAiB,EAAE,MAAM,CAAC,iBAAiB;SAC3C,CAAC,CAAC,CAAC;QACJ,OAAO,GAAG,gBAAI,CAAc,CAAC;gBAC5B,SAAS,EAAE,QAAQ,CAAC,SAAS;gBAC7B,OAAO,EAAE,IAAI,CAAC,cAAc,CAAC,QAAQ,CAAC,QAAQ,EAAE,QAAQ,EAAE,MAAM,CAAC;gBACjE,OAAO;gBACP,IAAI,EAAE,qBAAY,CAAC,OAAO;aAC1B,CAAC,CAAC,CAAC;KACJ;SAAM,IAAI,QAAQ,CAAC,IAAI,KAAK,qBAAY,CAAC,KAAK,IAAI,CAAC,cAAK,CAAC,QAAQ,CAAC,KAAK,CAAC,EAAE;QAC1E,MAAM,KAAK,GAAG,QAAQ,CAAC,KAAK,CAAC,GAAG,CAAC,IAAI,CAAC,EAAE,CAAC,CAAC;YACzC,OAAO,EAAE,IAAI,CAAC,cAAc,CAAC,IAAI,CAAC,QAAQ,EAAE,QAAQ,EAAE,MAAM,CAAC;YAC7D,IAAI,EAAE,IAAI,CAAC,IAAI;YACf,GAAG,EAAE,IAAI,CAAC,GAAG;SACb,CAAC,CAAC,CAAC;QACJ,OAAO,GAAG,gBAAI,CAAc,CAAC;gBAC5B,KAAK;gBACL,OAAO,EAAE,IAAI,CAAC,cAAc,CAAC,QAAQ,CAAC,QAAQ,EAAE,QAAQ,EAAE,MAAM,CAAC;gBACjE,IAAI,EAAE,qBAAY,CAAC,KAAK;aACxB,CAAC,CAAC,CAAC;KACJ;SAAM;QACN,MAAM,IAAI,cAAQ,CAAC,kBAAY,CAAC,qBAAqB,CAAC,CAAC;KACvD;IACD,OAAO,OAAO,CAAC;AAChB,CAAC;AAkBA,kEAA2B;AAhB5B,SAAS,cAAc,CACtB,QAAmB,EACnB,OAA4B,EAC5B,MAAc;IACd,MAAM,IAAI,GAAG,QAAQ,CAAC,IAAI,CAAC,KAAK,CAAC,IAAI,CAAC,MAAM,EAAE,GAAG,QAAQ,CAAC,MAAM,CAAC,CAAC,CAAC;IACnE,OAAO,IAAI,4BAAiB,CAAC,IAAI,CAAC,MAAM,CAAC,EAAE,MAAM,CAAC,CAAC,MAAM,CAAC,OAAO,CAAC,QAAQ,EAAE,CAAC,CAAC;AAC/E,CAAC;AAWA,wCAAc;AATf,SAAS,WAAW,CAAC,OAAiB;IACrC,OAAO,OAAO,CAAC,MAAM,CACpB,CAAC,GAAG,EAAE,MAAM,EAAE,EAAE,CAAC,GAAG,CAAC,GAAG,CAAC,MAAM,CAAC,GAAG,CAAC,QAAQ,EAAE,EAAE,MAAM,CAAC,EAAE,eAAG,EAAkB,CAC9E,CAAC;AACH,CAAC;AAMA,kCAAW","sourcesContent":["import { isNil } from 'lodash';\nimport { BotError, BotErrorCode, BotResponse, ConfigRepository } from './Api';\nimport { Map, List } from 'immutable';\nimport { default as IntlMessageFormat } from 'intl-messageformat';\nimport { Config } from 'lexica-dialog-model/dist/Config';\nimport {\n\tMessage,\n\tResponse,\n\tResponseType,\n} from 'lexica-dialog-model/dist/Intent';\n\nfunction intentResponsesToBotResponses(\n\tresponses: Response[],\n\tfeatures: Map<string, any>,\n\tlocale: string): List<BotResponse> {\n\treturn responses\n\t\t.map(response => intentResponseToBotResponse(response, features, locale))\n\t\t.reduce((a, b) => a.concat(b), List<BotResponse>())\n\t\t.toList();\n}\n\nfunction intentResponseToBotResponse(\n\tresponse: Response,\n\tfeatures: Map<string, any>,\n\tlocale: string): List<BotResponse> {\n\tlet results: List<BotResponse>;\n\tif (response.type === ResponseType.TEXT && !isNil(response.messages)) {\n\t\tconst message: string = extractMessage(response.messages, features, locale);\n\t\tconst responses = message\n\t\t\t.split('[^LEXICA^]')\n\t\t\t.map(msg => ({\n\t\t\t\tmessage: msg,\n\t\t\t\ttype: ResponseType.TEXT,\n\t\t\t}));\n\t\tresults = List<BotResponse>(responses);\n\t} else if (response.type === ResponseType.OPTIONS && !isNil(response.options)) {\n\t\tconst options = response.options.map(option => ({\n\t\t\tcommand: option.command,\n\t\t\tfeatures: option.features,\n\t\t\tmessage: this.extractMessage(option.messages, features, locale),\n\t\t\ttextOnlyIndicator: option.textOnlyIndicator,\n\t\t}));\n\t\tresults = List<BotResponse>([{\n\t\t\tforceShow: response.forceShow,\n\t\t\tmessage: this.extractMessage(response.messages, features, locale),\n\t\t\toptions,\n\t\t\ttype: ResponseType.OPTIONS,\n\t\t}]);\n\t} else if (response.type === ResponseType.ITEMS && !isNil(response.items)) {\n\t\tconst items = response.items.map(item => ({\n\t\t\tmessage: this.extractMessage(item.messages, features, locale),\n\t\t\ttype: item.type,\n\t\t\turl: item.url,\n\t\t}));\n\t\tresults = List<BotResponse>([{\n\t\t\titems,\n\t\t\tmessage: this.extractMessage(response.messages, features, locale),\n\t\t\ttype: ResponseType.ITEMS,\n\t\t}]);\n\t} else {\n\t\tthrow new BotError(BotErrorCode.INVALID_RESPONSE_TYPE);\n\t}\n\treturn results;\n}\n\nfunction extractMessage(\n\tmessages: Message[],\n\tfeature: Map<string, string>,\n\tlocale: string): string {\n\tconst text = messages[Math.floor(Math.random() * messages.length)];\n\treturn new IntlMessageFormat(text[locale], locale).format(feature.toObject());\n}\n\nfunction toConfigMap(configs: Config[]): Map<string, Config> {\n\treturn configs.reduce(\n\t\t(map, config) => map.set(config.key.toString(), config), Map<string, Config>(),\n\t);\n}\n\nexport {\n\tintentResponsesToBotResponses,\n\tintentResponseToBotResponse,\n\textractMessage,\n\ttoConfigMap,\n};\n"]},"_coverageSchema":"332fd63041d2c1bcb487cc26dd0d5f7d97098a6c","hash":"07f6d0535ce014c83d68120016b513f3f35e3c8c"}
,"/Users/tomlai/Documents/projects/workspace/lexica-os/lexica-dialog-core/src/index.ts": {"path":"/Users/tomlai/Documents/projects/workspace/lexica-os/lexica-dialog-core/src/index.ts","statementMap":{"0":{"start":{"line":2,"column":0},"end":{"line":2,"column":62}},"1":{"start":{"line":3,"column":20},"end":{"line":3,"column":42}},"2":{"start":{"line":4,"column":0},"end":{"line":4,"column":70}},"3":{"start":{"line":4,"column":38},"end":{"line":4,"column":69}}},"fnMap":{"0":{"name":"(anonymous_0)","decl":{"start":{"line":4,"column":26},"end":{"line":4,"column":27}},"loc":{"start":{"line":4,"column":38},"end":{"line":4,"column":69}},"line":4}},"branchMap":{},"s":{"0":1,"1":1,"2":1,"3":1},"f":{"0":1},"b":{},"inputSourceMap":{"version":3,"file":"index.js","sourceRoot":"","sources":["index.ts"],"names":[],"mappings":";;AACA,2CAAoC;AAEvB,QAAA,eAAe,GAAG,CAAC,MAAuB,EAAE,EAAE,CAAC,IAAI,mBAAS,CAAC,MAAM,CAAC,CAAC","sourcesContent":["import { BotServerConfig } from './Api';\nimport BotServer from './BotServer';\n\nexport const createBotServer = (config: BotServerConfig) => new BotServer(config);\n"]},"_coverageSchema":"332fd63041d2c1bcb487cc26dd0d5f7d97098a6c","hash":"9700333fbf431b9638ccb702c69611f0224f0edf"}
,"/Users/tomlai/Documents/projects/workspace/lexica-os/lexica-dialog-core/src/aws/ElasticTranscoderService.ts": {"path":"/Users/tomlai/Documents/projects/workspace/lexica-os/lexica-dialog-core/src/aws/ElasticTranscoderService.ts","statementMap":{"0":{"start":{"line":2,"column":0},"end":{"line":2,"column":62}},"1":{"start":{"line":3,"column":12},"end":{"line":3,"column":30}},"2":{"start":{"line":4,"column":17},"end":{"line":4,"column":34}},"3":{"start":{"line":7,"column":8},"end":{"line":7,"column":29}},"4":{"start":{"line":8,"column":8},"end":{"line":10,"column":11}},"5":{"start":{"line":13,"column":8},"end":{"line":13,"column":57}},"6":{"start":{"line":16,"column":8},"end":{"line":16,"column":57}},"7":{"start":{"line":19,"column":23},"end":{"line":19,"column":40}},"8":{"start":{"line":20,"column":21},"end":{"line":23,"column":9}},"9":{"start":{"line":24,"column":23},"end":{"line":33,"column":9}},"10":{"start":{"line":34,"column":21},"end":{"line":34,"column":70}},"11":{"start":{"line":35,"column":8},"end":{"line":55,"column":9}},"12":{"start":{"line":36,"column":26},"end":{"line":36,"column":37}},"13":{"start":{"line":37,"column":27},"end":{"line":37,"column":28}},"14":{"start":{"line":38,"column":12},"end":{"line":53,"column":13}},"15":{"start":{"line":39,"column":32},"end":{"line":39,"column":86}},"16":{"start":{"line":40,"column":16},"end":{"line":50,"column":17}},"17":{"start":{"line":41,"column":20},"end":{"line":43,"column":21}},"18":{"start":{"line":42,"column":24},"end":{"line":42,"column":36}},"19":{"start":{"line":44,"column":20},"end":{"line":46,"column":21}},"20":{"start":{"line":45,"column":24},"end":{"line":45,"column":81}},"21":{"start":{"line":47,"column":20},"end":{"line":49,"column":21}},"22":{"start":{"line":48,"column":24},"end":{"line":48,"column":84}},"23":{"start":{"line":51,"column":16},"end":{"line":51,"column":30}},"24":{"start":{"line":52,"column":16},"end":{"line":52,"column":85}},"25":{"start":{"line":52,"column":45},"end":{"line":52,"column":83}},"26":{"start":{"line":54,"column":12},"end":{"line":54,"column":78}},"27":{"start":{"line":56,"column":8},"end":{"line":56,"column":69}},"28":{"start":{"line":59,"column":0},"end":{"line":59,"column":60}},"29":{"start":{"line":60,"column":0},"end":{"line":60,"column":43}}},"fnMap":{"0":{"name":"(anonymous_0)","decl":{"start":{"line":6,"column":4},"end":{"line":6,"column":5}},"loc":{"start":{"line":6,"column":24},"end":{"line":11,"column":5}},"line":6},"1":{"name":"(anonymous_1)","decl":{"start":{"line":12,"column":4},"end":{"line":12,"column":5}},"loc":{"start":{"line":12,"column":27},"end":{"line":14,"column":5}},"line":12},"2":{"name":"(anonymous_2)","decl":{"start":{"line":15,"column":4},"end":{"line":15,"column":5}},"loc":{"start":{"line":15,"column":27},"end":{"line":17,"column":5}},"line":15},"3":{"name":"(anonymous_3)","decl":{"start":{"line":18,"column":4},"end":{"line":18,"column":5}},"loc":{"start":{"line":18,"column":40},"end":{"line":57,"column":5}},"line":18},"4":{"name":"(anonymous_4)","decl":{"start":{"line":52,"column":34},"end":{"line":52,"column":35}},"loc":{"start":{"line":52,"column":45},"end":{"line":52,"column":83}},"line":52}},"branchMap":{"0":{"loc":{"start":{"line":35,"column":8},"end":{"line":55,"column":9}},"type":"if","locations":[{"start":{"line":35,"column":8},"end":{"line":55,"column":9}},{"start":{"line":35,"column":8},"end":{"line":55,"column":9}}],"line":35},"1":{"loc":{"start":{"line":35,"column":12},"end":{"line":35,"column":69}},"type":"binary-expr","locations":[{"start":{"line":35,"column":12},"end":{"line":35,"column":37}},{"start":{"line":35,"column":41},"end":{"line":35,"column":69}}],"line":35},"2":{"loc":{"start":{"line":40,"column":16},"end":{"line":50,"column":17}},"type":"if","locations":[{"start":{"line":40,"column":16},"end":{"line":50,"column":17}},{"start":{"line":40,"column":16},"end":{"line":50,"column":17}}],"line":40},"3":{"loc":{"start":{"line":41,"column":20},"end":{"line":43,"column":21}},"type":"if","locations":[{"start":{"line":41,"column":20},"end":{"line":43,"column":21}},{"start":{"line":41,"column":20},"end":{"line":43,"column":21}}],"line":41},"4":{"loc":{"start":{"line":44,"column":20},"end":{"line":46,"column":21}},"type":"if","locations":[{"start":{"line":44,"column":20},"end":{"line":46,"column":21}},{"start":{"line":44,"column":20},"end":{"line":46,"column":21}}],"line":44},"5":{"loc":{"start":{"line":47,"column":20},"end":{"line":49,"column":21}},"type":"if","locations":[{"start":{"line":47,"column":20},"end":{"line":49,"column":21}},{"start":{"line":47,"column":20},"end":{"line":49,"column":21}}],"line":47}},"s":{"0":1,"1":1,"2":1,"3":1,"4":1,"5":1,"6":1,"7":2,"8":2,"9":2,"10":2,"11":2,"12":2,"13":2,"14":2,"15":11,"16":11,"17":11,"18":2,"19":9,"20":0,"21":9,"22":0,"23":9,"24":9,"25":9,"26":0,"27":0,"28":1,"29":1},"f":{"0":1,"1":1,"2":1,"3":2,"4":9},"b":{"0":[2,0],"1":[2,2],"2":[11,0],"3":[2,9],"4":[0,9],"5":[0,9]},"inputSourceMap":{"version":3,"file":"ElasticTranscoderService.js","sourceRoot":"","sources":["ElasticTranscoderService.ts"],"names":[],"mappings":";;AAAA,+BAA+B;AAC/B,mCAA+B;AAQ/B,MAAM,wBAAwB;IAI7B,YACS,MAA2B;QAA3B,WAAM,GAAN,MAAM,CAAqB;QACnC,IAAI,CAAC,UAAU,GAAG,IAAI,GAAG,CAAC,iBAAiB,CAAC;YAC3C,UAAU,EAAE,MAAM,CAAC,UAAU;SAC7B,CAAC,CAAC;IACJ,CAAC;IAEM,cAAc,CAAC,MAAY;QACjC,OAAO,IAAI,CAAC,SAAS,CAAC,MAAM,EAAE,IAAI,CAAC,MAAM,CAAC,KAAK,CAAC,CAAC;IAClD,CAAC;IAEM,cAAc,CAAC,MAAY;QACjC,OAAO,IAAI,CAAC,SAAS,CAAC,MAAM,EAAE,IAAI,CAAC,MAAM,CAAC,KAAK,CAAC,CAAC;IAClD,CAAC;IAEM,KAAK,CAAC,SAAS,CAAC,MAAY,EAAE,UAAmC;QACvE,MAAM,MAAM,GAAG,UAAU,CAAC,MAAM,CAAC;QACjC,MAAM,IAAI,GAAG;YACZ,WAAW,EAAE,MAAM,CAAC,WAAW;YAC/B,IAAI,EAAE,GAAG,MAAM,CAAC,IAAI,GAAG,MAAM,CAAC,MAAM,EAAE;SACtC,CAAC;QACF,MAAM,MAAM,GAAG;YACd,KAAK,EAAE;gBACN,GAAG,EAAE,MAAM,CAAC,IAAI;aAChB;YACD,OAAO,EAAE,CAAC;oBACT,GAAG,EAAE,IAAI,CAAC,IAAI;oBACd,QAAQ,EAAE,MAAM,CAAC,EAAE;iBACnB,CAAC;YACF,UAAU,EAAE,UAAU,CAAC,UAAU;SACjC,CAAC;QAEF,MAAM,IAAI,GAAG,MAAM,IAAI,CAAC,UAAU,CAAC,SAAS,CAAC,MAAM,CAAC,CAAC,OAAO,EAAE,CAAC;QAE/D,IAAI,CAAC,cAAK,CAAC,IAAI,CAAC,GAAG,CAAC,IAAI,CAAC,cAAK,CAAC,IAAI,CAAC,GAAG,CAAC,EAAE,CAAC,EAAE;YAC5C,MAAM,KAAK,GAAG,IAAI,CAAC,GAAG,CAAC,EAAE,CAAC;YAC1B,IAAI,QAAQ,GAAG,CAAC,CAAC;YAEjB,OAAO,QAAQ,GAAG,IAAI,CAAC,MAAM,CAAC,WAAW,EAAE;gBAC1C,MAAM,OAAO,GAAG,MAAM,IAAI,CAAC,UAAU,CAAC,OAAO,CAAC,EAAE,EAAE,EAAE,KAAK,EAAE,CAAC,CAAC,OAAO,EAAE,CAAC;gBAEvE,IAAI,CAAC,cAAK,CAAC,OAAO,CAAC,GAAG,CAAC,EAAE;oBACxB,IAAI,OAAO,CAAC,GAAG,CAAC,MAAM,KAAK,UAAU,EAAE;wBACtC,OAAO,IAAI,CAAC;qBACZ;oBAED,IAAI,OAAO,CAAC,GAAG,CAAC,MAAM,KAAK,UAAU,EAAE;wBACtC,MAAM,IAAI,KAAK,CAAC,gCAAgC,KAAK,EAAE,CAAC,CAAC;qBACzD;oBAED,IAAI,OAAO,CAAC,GAAG,CAAC,MAAM,KAAK,OAAO,EAAE;wBACnC,MAAM,IAAI,KAAK,CAAC,mCAAmC,KAAK,EAAE,CAAC,CAAC;qBAC5D;iBACD;gBAED,QAAQ,IAAI,CAAC,CAAC;gBACd,MAAM,IAAI,OAAO,CAAC,OAAO,CAAC,EAAE,CAAC,UAAU,CAAC,OAAO,EAAE,IAAI,CAAC,MAAM,CAAC,KAAK,CAAC,CAAC,CAAC;aACrE;YAED,MAAM,IAAI,KAAK,CAAC,yCAAyC,KAAK,EAAE,CAAC,CAAC;SAClE;QAED,MAAM,IAAI,KAAK,CAAC,2CAA2C,CAAC,CAAC;IAC9D,CAAC;CAED;AAGA,4DAAwB;AAGzB,kBAAe,wBAAwB,CAAC","sourcesContent":["import * as AWS from 'aws-sdk';\nimport { isNil } from 'lodash';\nimport {\n\tFile,\n\tTranscodeService,\n\tAwsTranscoderConfig,\n\tAwsTranscoderTypeConfig,\n} from '../Api';\n\nclass ElasticTranscoderService implements TranscodeService {\n\n\tprivate transcoder: AWS.ElasticTranscoder;\n\n\tconstructor(\n\t\tprivate config: AwsTranscoderConfig) {\n\t\tthis.transcoder = new AWS.ElasticTranscoder({\n\t\t\tapiVersion: config.apiVersion,\n\t\t});\n\t}\n\n\tpublic transcodeAudio(source: File): Promise<File> {\n\t\treturn this.transcode(source, this.config.audio);\n\t}\n\n\tpublic transcodeVideo(source: File): Promise<File> {\n\t\treturn this.transcode(source, this.config.video);\n\t}\n\n\tpublic async transcode(source: File, typeConfig: AwsTranscoderTypeConfig): Promise<File> {\n\t\tconst preset = typeConfig.preset;\n\t\tconst file = {\n\t\t\tcontentType: preset.contentType,\n\t\t\tpath: `${source.path}${preset.suffix}`,\n\t\t};\n\t\tconst params = {\n\t\t\tInput: {\n\t\t\t\tKey: source.path,\n\t\t\t},\n\t\t\tOutputs: [{\n\t\t\t\tKey: file.path,\n\t\t\t\tPresetId: preset.id,\n\t\t\t}],\n\t\t\tPipelineId: typeConfig.pipelineId,\n\t\t};\n\n\t\tconst data = await this.transcoder.createJob(params).promise();\n\n\t\tif (!isNil(data.Job) && !isNil(data.Job.Id)) {\n\t\t\tconst jobId = data.Job.Id;\n\t\t\tlet attempts = 0;\n\n\t\t\twhile (attempts < this.config.maxAttempts) {\n\t\t\t\tconst jobResp = await this.transcoder.readJob({ Id: jobId }).promise();\n\n\t\t\t\tif (!isNil(jobResp.Job)) {\n\t\t\t\t\tif (jobResp.Job.Status === 'Complete') {\n\t\t\t\t\t\treturn file;\n\t\t\t\t\t}\n\n\t\t\t\t\tif (jobResp.Job.Status === 'Canceled') {\n\t\t\t\t\t\tthrow new Error(`Transcoder job canceled. ID: ${jobId}`);\n\t\t\t\t\t}\n\n\t\t\t\t\tif (jobResp.Job.Status === 'Error') {\n\t\t\t\t\t\tthrow new Error(`Transcoder job occur error. ID: ${jobId}`);\n\t\t\t\t\t}\n\t\t\t\t}\n\n\t\t\t\tattempts += 1;\n\t\t\t\tawait new Promise(resolve => setTimeout(resolve, this.config.delay));\n\t\t\t}\n\n\t\t\tthrow new Error(`Transcoder job over max attempts. ID: ${jobId}`);\n\t\t}\n\n\t\tthrow new Error('AWS transcoder return empty Job or Job ID');\n\t}\n\n}\n\nexport {\n\tElasticTranscoderService,\n};\n\nexport default ElasticTranscoderService;\n"]},"_coverageSchema":"332fd63041d2c1bcb487cc26dd0d5f7d97098a6c","hash":"3834c0f189f2ad64f5d387730c3743008f5cdf21"}
,"/Users/tomlai/Documents/projects/workspace/lexica-os/lexica-dialog-core/src/aws/S3Service.ts": {"path":"/Users/tomlai/Documents/projects/workspace/lexica-os/lexica-dialog-core/src/aws/S3Service.ts","statementMap":{"0":{"start":{"line":2,"column":0},"end":{"line":2,"column":62}},"1":{"start":{"line":3,"column":14},"end":{"line":3,"column":30}},"2":{"start":{"line":4,"column":13},"end":{"line":4,"column":28}},"3":{"start":{"line":5,"column":12},"end":{"line":5,"column":30}},"4":{"start":{"line":6,"column":13},"end":{"line":6,"column":28}},"5":{"start":{"line":7,"column":17},"end":{"line":7,"column":34}},"6":{"start":{"line":10,"column":8},"end":{"line":10,"column":33}},"7":{"start":{"line":11,"column":8},"end":{"line":13,"column":11}},"8":{"start":{"line":16,"column":8},"end":{"line":45,"column":11}},"9":{"start":{"line":17,"column":12},"end":{"line":44,"column":13}},"10":{"start":{"line":18,"column":30},"end":{"line":18,"column":39}},"11":{"start":{"line":19,"column":28},"end":{"line":19,"column":75}},"12":{"start":{"line":20,"column":16},"end":{"line":40,"column":57}},"13":{"start":{"line":21,"column":20},"end":{"line":38,"column":21}},"14":{"start":{"line":22,"column":50},"end":{"line":22,"column":77}},"15":{"start":{"line":23,"column":44},"end":{"line":24,"column":76}},"16":{"start":{"line":25,"column":24},"end":{"line":30,"column":37}},"17":{"start":{"line":31,"column":24},"end":{"line":34,"column":27}},"18":{"start":{"line":37,"column":24},"end":{"line":37,"column":38}},"19":{"start":{"line":40,"column":42},"end":{"line":40,"column":55}},"20":{"start":{"line":43,"column":16},"end":{"line":43,"column":77}},"21":{"start":{"line":48,"column":0},"end":{"line":48,"column":30}},"22":{"start":{"line":49,"column":0},"end":{"line":49,"column":28}}},"fnMap":{"0":{"name":"(anonymous_0)","decl":{"start":{"line":9,"column":4},"end":{"line":9,"column":5}},"loc":{"start":{"line":9,"column":26},"end":{"line":14,"column":5}},"line":9},"1":{"name":"(anonymous_1)","decl":{"start":{"line":15,"column":4},"end":{"line":15,"column":5}},"loc":{"start":{"line":15,"column":15},"end":{"line":46,"column":5}},"line":15},"2":{"name":"(anonymous_2)","decl":{"start":{"line":16,"column":27},"end":{"line":16,"column":28}},"loc":{"start":{"line":16,"column":48},"end":{"line":45,"column":9}},"line":16},"3":{"name":"(anonymous_3)","decl":{"start":{"line":20,"column":26},"end":{"line":20,"column":27}},"loc":{"start":{"line":20,"column":41},"end":{"line":39,"column":17}},"line":20},"4":{"name":"(anonymous_4)","decl":{"start":{"line":40,"column":33},"end":{"line":40,"column":34}},"loc":{"start":{"line":40,"column":42},"end":{"line":40,"column":55}},"line":40}},"branchMap":{"0":{"loc":{"start":{"line":17,"column":12},"end":{"line":44,"column":13}},"type":"if","locations":[{"start":{"line":17,"column":12},"end":{"line":44,"column":13}},{"start":{"line":17,"column":12},"end":{"line":44,"column":13}}],"line":17},"1":{"loc":{"start":{"line":17,"column":16},"end":{"line":17,"column":67}},"type":"binary-expr","locations":[{"start":{"line":17,"column":16},"end":{"line":17,"column":39}},{"start":{"line":17,"column":43},"end":{"line":17,"column":67}}],"line":17},"2":{"loc":{"start":{"line":19,"column":28},"end":{"line":19,"column":75}},"type":"cond-expr","locations":[{"start":{"line":19,"column":55},"end":{"line":19,"column":64}},{"start":{"line":19,"column":67},"end":{"line":19,"column":75}}],"line":19},"3":{"loc":{"start":{"line":23,"column":44},"end":{"line":24,"column":76}},"type":"cond-expr","locations":[{"start":{"line":24,"column":30},"end":{"line":24,"column":47}},{"start":{"line":24,"column":50},"end":{"line":24,"column":76}}],"line":23}},"s":{"0":1,"1":1,"2":1,"3":1,"4":1,"5":1,"6":1,"7":1,"8":4,"9":4,"10":4,"11":4,"12":4,"13":4,"14":4,"15":4,"16":4,"17":4,"18":0,"19":0,"20":0,"21":1,"22":1},"f":{"0":1,"1":4,"2":4,"3":4,"4":0},"b":{"0":[4,0],"1":[4,0],"2":[3,1],"3":[3,1]},"inputSourceMap":{"version":3,"file":"S3Service.js","sourceRoot":"","sources":["S3Service.ts"],"names":[],"mappings":";;AAAA,+BAA+B;AAC/B,6BAA6B;AAC7B,+BAA+B;AAC/B,6BAA6B;AAC7B,mCAAkC;AAalC,MAAM,SAAS;IAId,YAAoB,QAAkB;QAAlB,aAAQ,GAAR,QAAQ,CAAU;QACrC,IAAI,CAAC,EAAE,GAAG,IAAI,GAAG,CAAC,EAAE,CAAC;YACpB,UAAU,EAAE,QAAQ,CAAC,UAAU;SAC/B,CAAC,CAAC;IACJ,CAAC;IAEM,IAAI,CAAC,IAAY;QACvB,OAAO,IAAI,OAAO,CAAC,CAAC,OAAO,EAAE,MAAM,EAAE,EAAE;YACtC,IAAI,IAAI,CAAC,UAAU,CAAC,MAAM,CAAC,IAAI,IAAI,CAAC,UAAU,CAAC,OAAO,CAAC,EAAE;gBACxD,MAAM,KAAK,GAAG,IAAI,CAAC,EAAE,EAAE,CAAC;gBACxB,MAAM,GAAG,GAAG,IAAI,CAAC,UAAU,CAAC,OAAO,CAAC,CAAC,CAAC,CAAC,KAAK,CAAC,GAAG,CAAC,CAAC,CAAC,IAAI,CAAC,GAAG,CAAC;gBAC5D,GAAG,CAAC,IAAI,EAAE,KAAK,EAAE,GAAG,EAAE,EAAE;oBACvB,IAAI;wBACH,MAAM,iBAAiB,GAAG,GAAG,CAAC,OAAO,CAAC,cAAc,CAAC,CAAC;wBACtD,MAAM,WAAW,GAAG,iBAAQ,CAAC,iBAAiB,CAAC;4BAC9C,CAAC,CAAC,iBAAiB,CAAC,CAAC,CAAC,0BAA0B,CAAC;wBAClD,MAAM,IAAI,CAAC,EAAE,CAAC,MAAM,CAAC;4BACpB,IAAI,EAAE,GAAG;4BACT,MAAM,EAAE,IAAI,CAAC,QAAQ,CAAC,MAAM;4BAC5B,WAAW,EAAE,WAAW;4BACxB,GAAG,EAAE,KAAK;yBACV,CAAC,CAAC,OAAO,EAAE,CAAC;wBACb,OAAO,CAAC;4BACP,WAAW;4BACX,IAAI,EAAE,KAAK;yBACX,CAAC,CAAC;qBACH;oBAAC,OAAO,KAAK,EAAE;wBACf,MAAM,CAAC,KAAK,CAAC,CAAC;qBACd;gBACF,CAAC,CAAC;qBACD,EAAE,CAAC,OAAO,EAAE,KAAK,CAAC,EAAE,CAAC,MAAM,CAAC,KAAK,CAAC,CAAC,CAAC;aACrC;iBAAM;gBACN,MAAM,CAAC,IAAI,KAAK,CAAC,kCAAkC,GAAG,IAAI,CAAC,CAAC,CAAC;aAC7D;QACF,CAAC,CAAC,CAAC;IACJ,CAAC;CAED;AAIA,8BAAS;AAGV,kBAAe,SAAS,CAAC","sourcesContent":["import * as https from 'https';\nimport * as http from 'http';\nimport * as AWS from 'aws-sdk';\nimport * as uuid from 'uuid';\nimport { isString } from 'lodash';\nimport { File, FileService } from '../Api';\n\n// type S3Params = {\n// \tapiVersion: string;\n// \tbucket: string;\n// };\n\ninterface S3Params {\n\tapiVersion: string;\n\tbucket: string;\n}\n\nclass S3Service implements FileService {\n\n\tprivate s3: AWS.S3;\n\n\tconstructor(private s3Params: S3Params) {\n\t\tthis.s3 = new AWS.S3({\n\t\t\tapiVersion: s3Params.apiVersion,\n\t\t});\n\t}\n\n\tpublic copy(path: string): Promise<File> {\n\t\treturn new Promise((resolve, reject) => {\n\t\t\tif (path.startsWith('http') || path.startsWith('https')) {\n\t\t\t\tconst s3Key = uuid.v4();\n\t\t\t\tconst get = path.startsWith('https') ? https.get : http.get;\n\t\t\t\tget(path, async (res) => {\n\t\t\t\t\ttry {\n\t\t\t\t\t\tconst headerContentType = res.headers['content-type'];\n\t\t\t\t\t\tconst contentType = isString(headerContentType)\n\t\t\t\t\t\t\t? headerContentType : 'application/octet-stream';\n\t\t\t\t\t\tawait this.s3.upload({\n\t\t\t\t\t\t\tBody: res,\n\t\t\t\t\t\t\tBucket: this.s3Params.bucket,\n\t\t\t\t\t\t\tContentType: contentType,\n\t\t\t\t\t\t\tKey: s3Key,\n\t\t\t\t\t\t}).promise();\n\t\t\t\t\t\tresolve({\n\t\t\t\t\t\t\tcontentType,\n\t\t\t\t\t\t\tpath: s3Key,\n\t\t\t\t\t\t});\n\t\t\t\t\t} catch (error) {\n\t\t\t\t\t\treject(error);\n\t\t\t\t\t}\n\t\t\t\t})\n\t\t\t\t.on('error', error => reject(error));\n\t\t\t} else {\n\t\t\t\treject(new Error('Unsupported path for copy file: ' + path));\n\t\t\t}\n\t\t});\n\t}\n\n}\n\nexport {\n\tS3Params,\n\tS3Service,\n};\n\nexport default S3Service;\n"]},"_coverageSchema":"332fd63041d2c1bcb487cc26dd0d5f7d97098a6c","hash":"13603a1d67dc9a413e72fe8054b50458c5be4070"}
,"/Users/tomlai/Documents/projects/workspace/lexica-os/lexica-dialog-core/src/aws/index.ts": {"path":"/Users/tomlai/Documents/projects/workspace/lexica-os/lexica-dialog-core/src/aws/index.ts","statementMap":{"0":{"start":{"line":2,"column":0},"end":{"line":2,"column":62}},"1":{"start":{"line":3,"column":18},"end":{"line":3,"column":40}},"2":{"start":{"line":4,"column":0},"end":{"line":4,"column":40}},"3":{"start":{"line":5,"column":33},"end":{"line":5,"column":70}},"4":{"start":{"line":6,"column":0},"end":{"line":6,"column":70}}},"fnMap":{},"branchMap":{},"s":{"0":1,"1":1,"2":1,"3":1,"4":1},"f":{},"b":{},"inputSourceMap":{"version":3,"file":"index.js","sourceRoot":"","sources":["index.ts"],"names":[],"mappings":";;AAAA,yCAAmD;AAA1C,gCAAA,OAAO,CAAa;AAC7B,uEAAiF;AAAxE,8DAAA,OAAO,CAA4B","sourcesContent":["export { default as S3Service } from './S3Service';\nexport { default as ElasticTranscoderService } from './ElasticTranscoderService';\n"]},"_coverageSchema":"332fd63041d2c1bcb487cc26dd0d5f7d97098a6c","hash":"84ea669554b35f693b279851ae0e70539bc78b77"}
,"/Users/tomlai/Documents/projects/workspace/lexica-os/lexica-dialog-core/src/executors/CloseIssueExecutor.ts": {"path":"/Users/tomlai/Documents/projects/workspace/lexica-os/lexica-dialog-core/src/executors/CloseIssueExecutor.ts","statementMap":{"0":{"start":{"line":2,"column":0},"end":{"line":2,"column":62}},"1":{"start":{"line":3,"column":17},"end":{"line":3,"column":34}},"2":{"start":{"line":4,"column":16},"end":{"line":4,"column":57}},"3":{"start":{"line":5,"column":27},"end":{"line":14,"column":1}},"4":{"start":{"line":6,"column":40},"end":{"line":6,"column":47}},"5":{"start":{"line":7,"column":4},"end":{"line":13,"column":5}},"6":{"start":{"line":8,"column":21},"end":{"line":8,"column":31}},"7":{"start":{"line":9,"column":8},"end":{"line":9,"column":45}},"8":{"start":{"line":10,"column":8},"end":{"line":10,"column":37}},"9":{"start":{"line":11,"column":8},"end":{"line":11,"column":32}},"10":{"start":{"line":12,"column":8},"end":{"line":12,"column":58}},"11":{"start":{"line":15,"column":0},"end":{"line":15,"column":37}}},"fnMap":{"0":{"name":"(anonymous_0)","decl":{"start":{"line":5,"column":27},"end":{"line":5,"column":28}},"loc":{"start":{"line":5,"column":46},"end":{"line":14,"column":1}},"line":5}},"branchMap":{"0":{"loc":{"start":{"line":7,"column":4},"end":{"line":13,"column":5}},"type":"if","locations":[{"start":{"line":7,"column":4},"end":{"line":13,"column":5}},{"start":{"line":7,"column":4},"end":{"line":13,"column":5}}],"line":7}},"s":{"0":1,"1":1,"2":1,"3":1,"4":2,"5":2,"6":2,"7":2,"8":2,"9":2,"10":2,"11":1},"f":{"0":2},"b":{"0":[2,0]},"inputSourceMap":{"version":3,"file":"CloseIssueExecutor.js","sourceRoot":"","sources":["CloseIssueExecutor.ts"],"names":[],"mappings":";;AAAA,mCAA+B;AAC/B,0DAAwD;AAGxD,MAAM,kBAAkB,GAAa,KAAK,EAAE,OAAO,EAAE,EAAE;IACtD,MAAM,EACL,eAAe,EACf,KAAK,GACL,GAAG,OAAO,CAAC;IACZ,IAAI,CAAC,cAAK,CAAC,KAAK,CAAC,EAAE;QAClB,MAAM,IAAI,GAAG,IAAI,IAAI,EAAE,CAAC;QAExB,KAAK,CAAC,MAAM,GAAG,cAAM,CAAC,MAAM,CAAC;QAC7B,KAAK,CAAC,eAAe,GAAG,IAAI,CAAC;QAC7B,KAAK,CAAC,UAAU,GAAG,IAAI,CAAC;QAExB,OAAO,CAAC,KAAK,GAAG,MAAM,eAAe,CAAC,IAAI,CAAC,KAAK,CAAC,CAAC;KAClD;AACF,CAAC,CAAC;AAEF,kBAAe,kBAAkB,CAAC","sourcesContent":["import { isNil } from 'lodash';\nimport { Sta
[...]
,"/Users/tomlai/Documents/projects/workspace/lexica-os/lexica-dialog-core/src/session/SessionService.ts": {"path":"/Users/tomlai/Documents/projects/workspace/lexica-os/lexica-dialog-core/src/session/SessionService.ts","statementMap":{"0":{"start":{"line":2,"column":0},"end":{"line":2,"column":62}},"1":{"start":{"line":3,"column":17},"end":{"line":3,"column":34}},"2":{"start":{"line":4,"column":20},"end":{"line":4,"column":40}},"3":{"start":{"line":5,"column":13},"end":{"line":5,"column":28}},"4":{"start":{"line":8,"column":8},"end":{"line":8,"column":51}},"5":{"start":{"line":9,"column":8},"end":{"line":9,"column":23}},"6":{"start":{"line":10,"column":8},"end":{"line":10,"column":33}},"7":{"start":{"line":11,"column":8},"end":{"line":11,"column":37}},"8":{"start":{"line":14,"column":8},"end":{"line":16,"column":9}},"9":{"start":{"line":15,"column":12},"end":{"line":15,"column":38}},"10":{"start":{"line":19,"column":8},"end":{"line":24,"column":49}},"11":{"start":{"line":21,"column":12},"end":{"line":21,"column":46}},"12":{"start":{"line":22,"column":12},"end":{"line":22,"column":26}},"13":{"start":{"line":24,"column":30},"end":{"line":24,"column":47}},"14":{"start":{"line":25,"column":8},"end":{"line":31,"column":9}},"15":{"start":{"line":26,"column":12},"end":{"line":30,"column":15}},"16":{"start":{"line":28,"column":16},"end":{"line":28,"column":45}},"17":{"start":{"line":29,"column":16},"end":{"line":29,"column":37}},"18":{"start":{"line":32,"column":8},"end":{"line":32,"column":98}},"19":{"start":{"line":35,"column":8},"end":{"line":35,"column":31}},"20":{"start":{"line":38,"column":21},"end":{"line":38,"column":65}},"21":{"start":{"line":39,"column":8},"end":{"line":39,"column":28}},"22":{"start":{"line":40,"column":8},"end":{"line":44,"column":11}},"23":{"start":{"line":47,"column":8},"end":{"line":47,"column":135}},"24":{"start":{"line":47,"column":66},"end":{"line":47,"column":114}},"25":{"start":{"line":50,"column":8},"end":{"line":53,"column":13}},"26":{"start":{"line":50,"column":69},"end":{"line":53,"column":9}},"27":{"start":{"line":56,"column":8},"end":{"line":58,"column":9}},"28":{"start":{"line":57,"column":12},"end":{"line":57,"column":55}},"29":{"start":{"line":59,"column":8},"end":{"line":62,"column":10}},"30":{"start":{"line":65,"column":8},"end":{"line":65,"column":58}},"31":{"start":{"line":68,"column":8},"end":{"line":70,"column":9}},"32":{"start":{"line":69,"column":12},"end":{"line":69,"column":47}},"33":{"start":{"line":71,"column":8},"end":{"line":71,"column":48}},"34":{"start":{"line":74,"column":8},"end":{"line":76,"column":9}},"35":{"start":{"line":75,"column":12},"end":{"line":75,"column":47}},"36":{"start":{"line":77,"column":8},"end":{"line":77,"column":67}},"37":{"start":{"line":80,"column":8},"end":{"line":82,"column":9}},"38":{"start":{"line":81,"column":12},"end":{"line":81,"column":47}},"39":{"start":{"line":83,"column":8},"end":{"line":83,"column":65}},"40":{"start":{"line":86,"column":8},"end":{"line":86,"column":41}},"41":{"start":{"line":89,"column":8},"end":{"line":89,"column":43}},"42":{"start":{"line":92,"column":8},"end":{"line":92,"column":57}},"43":{"start":{"line":95,"column":8},"end":{"line":97,"column":9}},"44":{"start":{"line":96,"column":12},"end":{"line":96,"column":42}},"45":{"start":{"line":98,"column":8},"end":{"line":98,"column":40}},"46":{"start":{"line":101,"column":8},"end":{"line":101,"column":40}},"47":{"start":{"line":104,"column":8},"end":{"line":104,"column":98}},"48":{"start":{"line":105,"column":8},"end":{"line":110,"column":9}},"49":{"start":{"line":106,"column":12},"end":{"line":109,"column":14}},"50":{"start":{"line":113,"column":0},"end":{"line":113,"column":40}}},"fnMap":{"0":{"name":"(anonymous_0)","decl":{"start":{"line":7,"column":4},"end":{"line":7,"column":5}},"loc":{"start":{"line":7,"column":62},"end":{"line":12,"column":5}},"line":7},"1":{"name":"(anonymous_1)","decl":{"start":{"line":13,"column":4},"end":{"line":13,"column":5}},"loc":{"start":{"line":13,"column":17},"end":{"line":17,"column":5}},"line":13},"2":{"name":"(anonymous_2)","decl":{"start":{"line":18,"column":4},"end":{"line":18,"column":5}},"loc":{"start":{"line":18,"column":17},"end":{"line":33,"column":5}},"line":18},"3":{"name":"(anonymous_3)","decl":{"start":{"line":20,"column":17},"end":{"line":20,"column":18}},"loc":{"start":{"line":20,"column":29},"end":{"line":23,"column":9}},"line":20},"4":{"name":"(anonymous_4)","decl":{"start":{"line":24,"column":20},"end":{"line":24,"column":21}},"loc":{"start":{"line":24,"column":30},"end":{"line":24,"column":47}},"line":24},"5":{"name":"(anonymous_5)","decl":{"start":{"line":27,"column":21},"end":{"line":27,"column":22}},"loc":{"start":{"line":27,"column":40},"end":{"line":30,"column":13}},"line":27},"6":{"name":"(anonymous_6)","decl":{"start":{"line":34,"column":4},"end":{"line":34,"column":5}},"loc":{"start":{"line":34,"column":19},"end":{"line":36,"column":5}},"line":34},"7":{"name":"(anonymous_7)","decl":{"start":{"line":37,"column":4},"end":{"line":37,"column":5}},"loc":{"start":{"line":37,"column":32},"end":{"line":45,"column":5}},"line":37},"8":{"name":"(anonymous_8)","decl":{"start":{"line":46,"column":4},"end":{"line":46,"column":5}},"loc":{"start":{"line":46,"column":26},"end":{"line":48,"column":5}},"line":46},"9":{"name":"(anonymous_9)","decl":{"start":{"line":47,"column":44},"end":{"line":47,"column":45}},"loc":{"start":{"line":47,"column":66},"end":{"line":47,"column":114}},"line":47},"10":{"name":"(anonymous_10)","decl":{"start":{"line":49,"column":4},"end":{"line":49,"column":5}},"loc":{"start":{"line":49,"column":30},"end":{"line":54,"column":5}},"line":49},"11":{"name":"(anonymous_11)","decl":{"start":{"line":50,"column":58},"end":{"line":50,"column":59}},"loc":{"start":{"line":50,"column":69},"end":{"line":53,"column":9}},"line":50},"12":{"name":"(anonymous_12)","decl":{"start":{"line":55,"column":4},"end":{"line":55,"column":5}},"loc":{"start":{"line":55,"column":40},"end":{"line":63,"column":5}},"line":55},"13":{"name":"(anonymous_13)","decl":{"start":{"line":64,"column":4},"end":{"line":64,"column":5}},"loc":{"start":{"line":64,"column":22},"end":{"line":66,"column":5}},"line":64},"14":{"name":"(anonymous_14)","decl":{"start":{"line":67,"column":4},"end":{"line":67,"column":5}},"loc":{"start":{"line":67,"column":28},"end":{"line":72,"column":5}},"line":67},"15":{"name":"(anonymous_15)","decl":{"start":{"line":73,"column":4},"end":{"line":73,"column":5}},"loc":{"start":{"line":73,"column":30},"end":{"line":78,"column":5}},"line":73},"16":{"name":"(anonymous_16)","decl":{"start":{"line":79,"column":4},"end":{"line":79,"column":5}},"loc":{"start":{"line":79,"column":41},"end":{"line":84,"column":5}},"line":79},"17":{"name":"(anonymous_17)","decl":{"start":{"line":85,"column":4},"end":{"line":85,"column":5}},"loc":{"start":{"line":85,"column":22},"end":{"line":87,"column":5}},"line":85},"18":{"name":"(anonymous_18)","decl":{"start":{"line":88,"column":4},"end":{"line":88,"column":5}},"loc":{"start":{"line":88,"column":24},"end":{"line":90,"column":5}},"line":88},"19":{"name":"(anonymous_19)","decl":{"start":{"line":91,"column":4},"end":{"line":91,"column":5}},"loc":{"start":{"line":91,"column":17},"end":{"line":93,"column":5}},"line":91},"20":{"name":"(anonymous_20)","decl":{"start":{"line":94,"column":4},"end":{"line":94,"column":5}},"loc":{"start":{"line":94,"column":17},"end":{"line":99,"column":5}},"line":94},"21":{"name":"(anonymous_21)","decl":{"start":{"line":100,"column":4},"end":{"line":100,"column":5}},"loc":{"start":{"line":100,"column":20},"end":{"line":102,"column":5}},"line":100},"22":{"name":"(anonymous_22)","decl":{"start":{"line":103,"column":4},"end":{"line":103,"column":5}},"loc":{"start":{"line":103,"column":25},"end":{"line":111,"column":5}},"line":103}},"branchMap":{"0":{"loc":{"start":{"line":14,"column":8},"end":{"line":16,"column":9}},"type":"if","locations":[{"start":{"line":14,"column":8},"end":{"line":16,"column":9}},{"start":{"line":14,"column":8},"end":{"line":16,"column":9}}],"line":14},"1":{"loc":{"start":{"line":25,"column":8},"end":{"line":31,"column":9}},"type":"if","locations":[{"start":{"line":25,"column":8},"end":{"line":31,"column":9}},{"start":{"line":25,"column":8},"end":{"line":31,"column":9}}],"line":25},"2":{"loc":{"start":{"line":56,"column":8},"end":{"line":58,"column":9}},"type":"if","locations":[{"start":{"line":56,"column":8},"end":{"line":58,"column":9}},{"start":{"line":56,"column":8},"end":{"line":58,"column":9}}],"line":56},"3":{"loc":{"start":{"line":68,"column":8},"end":{"line":70,"column":9}},"type":"if","locations":[{"start":{"line":68,"column":8},"end":{"line":70,"column":9}},{"start":{"line":68,"column":8},"end":{"line":70,"column":9}}],"line":68},"4":{"loc":{"start":{"line":74,"column":8},"end":{"line":76,"column":9}},"type":"if","locations":[{"start":{"line":74,"column":8},"end":{"line":76,"column":9}},{"start":{"line":74,"column":8},"end":{"line":76,"column":9}}],"line":74},"5":{"loc":{"start":{"line":80,"column":8},"end":{"line":82,"column":9}},"type":"if","locations":[{"start":{"line":80,"column":8},"end":{"line":82,"column":9}},{"start":{"line":80,"column":8},"end":{"line":82,"column":9}}],"line":80},"6":{"loc":{"start":{"line":95,"column":8},"end":{"line":97,"column":9}},"type":"if","locations":[{"start":{"line":95,"column":8},"end":{"line":97,"column":9}},{"start":{"line":95,"column":8},"end":{"line":97,"column":9}}],"line":95},"7":{"loc":{"start":{"line":105,"column":8},"end":{"line":110,"column":9}},"type":"if","locations":[{"start":{"line":105,"column":8},"end":{"line":110,"column":9}},{"start":{"line":105,"column":8},"end":{"line":110,"column":9}}],"line":105}},"s":{"0":1,"1":1,"2":1,"3":1,"4":42,"5":42,"6":42,"7":42,"8":42,"9":42,"10":39,"11":48,"12":48,"13":48,"14":39,"15":6,"16":10,"17":10,"18":39,"19":84,"20":32,"21":32,"22":32,"23":66,"24":30,"25":38,"26":15,"27":1,"28":0,"29":1,"30":39,"31":2,"32":0,"33":2,"34":2,"35":0,"36":2,"37":1,"38":0,"39":1,"40":0,"41":6,"42":38,"43":5,"44":0,"45":5,"46":5,"47":42,"48":42,"49":20,"50":1},"f":{"0":42,"1":42,"2":39,"3":48,"4":48,"5":10,"6":84,"7":32,"8":66,"9":30,"10":38,"11":15,"12":1,"13":39,"14":2,"15":2,"16":1,"17":0,"18":6,"19":38,"20":5,"21":5,"22":42},"b":{"0":[42,0],"1":[6,33],"2":[0,1],"3":[0,2],"4":[0,2],"5":[0,1],"6":[0,5],"7":[20,22]},"inputSourceMap":{"version":3,"file":"SessionService.js","sourceRoot":"","sources":["SessionService.ts"],"names":[],"mappings":";;AAAA,mCAA0C;AAC1C,yCAAsC;AACtC,6BAA6B;AAI7B,MAAM,qBAAqB;IAIzB,YACU,iBAAoC,EACpC,GAAW,EACX,QAAgB,EAChB,UAAkB;QAHlB,sBAAiB,GAAjB,iBAAiB,CAAmB;QACpC,QAAG,GAAH,GAAG,CAAQ;QACX,aAAQ,GAAR,QAAQ,CAAQ;QAChB,eAAU,GAAV,UAAU,CAAQ;IAE5B,CAAC;IAEM,KAAK,CAAC,IAAI;QACf,IAAI,cAAK,CAAC,IAAI,CAAC,OAAO,CAAC,EAAE;YACvB,MAAM,IAAI,CAAC,YAAY,EAAE,CAAC;SAC3B;IACH,CAAC;IAEM,KAAK,CAAC,IAAI;QACf,IAAI,CAAC,OAAO,CAAC,QAAQ,GAAG,IAAI,CAAC,OAAO,CAAC,QAAQ;aAC1C,GAAG,CAAC,CAAC,MAAM,EAAE,EAAE;YACd,MAAM,CAAC,MAAM,GAAG,MAAM,CAAC,MAAM,GAAG,CAAC,CAAC;YAClC,OAAO,MAAM,CAAC;QAChB,CAAC,CAAC;aACD,MAAM,CAAC,MAAM,CAAC,EAAE,CAAC,MAAM,CAAC,MAAM,GAAG,CAAC,CAAC,CAAC;QACvC,IAAI,CAAC,cAAK,CAAC,IAAI,CAAC,OAAO,CAAC,WAAW,CAAC,EAAE;YACpC,IAAI,CAAC,OAAO,CAAC,WAAW,GAAG,IAAI,CAAC,OAAO,CAAC,WAAW;iBAChD,GAAG,CAAC,CAAC,aAAa,EAAE,EAAE;gBACrB,aAAa,CAAC,SAAS,IAAI,CAAC,CAAC;gBAC7B,OAAO,aAAa,CAAC;YACvB,CAAC,CAAC,CAAC;SACN;QACD,MAAM,IAAI,CAAC,iBAAiB,CAAC,IAAI,CAAC,IAAI,CAAC,GAAG,EAAE,IAAI,CAAC,QAAQ,EAAE,IAAI,CAAC,OAAO,EAAE,IAAI,CAAC,UAAU,CAAC,CAAC;IAC5F,CAAC;IAEM,YAAY;QACjB,OAAO,IAAI,CAAC,OAAO,CAAC,EAAE,CAAC;IACzB,CAAC;IAEM,SAAS,CAAC,MAAc,EAAE,QAA6B;QAC5D,IAAI,MAAM,GAAG,kBAAS,CAAC,MAAM,CAAC,aAAa,EAAE,CAAC,CAAC,CAAC,CAAC;QACjD,MAAM,GAAG,MAAM,GAAG,CAAC,CAAC;QACpB,IAAI,CAAC,OAAO,CAAC,QAAQ,CAAC,IAAI,CAAC;YACzB,MAAM;YACN,QAAQ,EAAE,QAAQ,CAAC,QAAQ,EAAE;YAC7B,MAAM;SACP,CAAC,CAAC;IACL,CAAC;IAEM,mBAAmB;QACxB,OAAO,IAAI,CAAC,OAAO,CAAC,QAAQ,CAAC,MAAM,CACjC,CAAC,QAAQ,EAAE,MAAM,EAAE,EAAE,CAAC,QAAQ,CAAC,KAAK,CAAC,eAAG,CAAC,MAAM,CAAC,QAAQ,CAAC,CAAC,EAAE,eAAG,EAAkB,CAClF,CAAC;IACJ,CAAC;IAEM,uBAAuB;QAC5B,OAAO,gBAAI,CAAC,IAAI,CAAC,OAAO,CAAC,QAAQ,CAAC,GAAG,CAAC,MAAM,CAAC,EAAE,CAAC,CAAC;YAC/C,OAAO,EAAE,MAAM,CAAC,MAAM,CAAC,OAAO;YAC9B,QAAQ,EAAE,MAAM,CAAC,QAAQ;SAC1B,CAAC,CAAC,CAAC,CAAC;IACP,CAAC;IAEM,iBAAiB,CAAC,MAAc,EAAE,QAA6B;QACpE,IAAI,IAAI,CAAC,eAAe,EAAE,EAAE;YAC1B,MAAM,IAAI,KAAK,CAAC,yBAAyB,CAAC,CAAC;SAC5C;QACD,IAAI,CAAC,OAAO,CAAC,YAAY,GAAG;YAC1B,QAAQ,EAAE,QAAQ,CAAC,QAAQ,EAAE;YAC7B,MAAM;SACP,CAAC;IACJ,CAAC;IAEM,eAAe;QACpB,OAAO,CAAC,cAAK,CAAC,IAAI,CAAC,OAAO,CAAC,YAAY,CAAC,CAAC;IAC3C,CAAC;IAEM,qBAAqB;QAC1B,IAAI,cAAK,CAAC,IAAI,CAAC,OAAO,CAAC,YAAY,CAAC,EAAE;YACpC,MAAM,IAAI,KAAK,CAAC,iBAAiB,CAAC,CAAC;SACpC;QACD,OAAO,IAAI,CAAC,OAAO,CAAC,YAAY,CAAC,MAAM,CAAC;IAC1C,CAAC;IAEM,uBAAuB;QAC5B,IAAI,cAAK,CAAC,IAAI,CAAC,OAAO,CAAC,YAAY,CAAC,EAAE;YACpC,MAAM,IAAI,KAAK,CAAC,iBAAiB,CAAC,CAAC;SACpC;QACD,OAAO,eAAG,CAAC,IAAI,CAAC,OAAO,CAAC,YAAY,CAAC,QAAQ,CAAC,CAAC;IACjD,CAAC;IAEM,0BAA0B,CAAC,QAA6B;QAC7D,IAAI,cAAK,CAAC,IAAI,CAAC,OAAO,CAAC,YAAY,CAAC,EAAE;YACpC,MAAM,IAAI,KAAK,CAAC,iBAAiB,CAAC,CAAC;SACpC;QACD,IAAI,CAAC,OAAO,CAAC,YAAY,CAAC,QAAQ,GAAG,QAAQ,CAAC,QAAQ,EAAE,CAAC;IAC3D,CAAC;IAEM,eAAe;QACpB,OAAO,IAAI,CAAC,OAAO,CAAC,YAAY,CAAC;IACnC,CAAC;IAEM,UAAU,CAAC,OAAwB;QACxC,IAAI,CAAC,OAAO,CAAC,WAAW,GAAG,OAAO,CAAC;IACrC,CAAC;IAEM,UAAU;QACf,OAAO,CAAC,cAAK,CAAC,IAAI,CAAC,OAAO,CAAC,WAAW,CAAC,CAAC;IAC1C,CAAC;IAEM,UAAU;QACf,IAAI,cAAK,CAAC,IAAI,CAAC,OAAO,CAAC,WAAW,CAAC,EAAE;YACnC,MAAM,IAAI,KAAK,CAAC,YAAY,CAAC,CAAC;SAC/B;QACD,OAAO,IAAI,CAAC,OAAO,CAAC,WAAW,CAAC;IAClC,CAAC;IAEM,aAAa;QAClB,OAAO,IAAI,CAAC,OAAO,CAAC,WAAW,CAAC;IAClC,CAAC;IAES,KAAK,CAAC,YAAY;QAC1B,IAAI,CAAC,OAAO,GAAG,MAAM,IAAI,CAAC,iBAAiB,CAAC,oBAAoB,CAAC,IAAI,CAAC,GAAG,EAAE,IAAI,CAAC,QAAQ,CAAC,CAAC;QAC1F,IAAI,cAAK,CAAC,IAAI,CAAC,OAAO,CAAC,EAAE;YACvB,IAAI,CAAC,OAAO,GAAG;gBACb,EAAE,EAAE,IAAI,CAAC,EAAE,EAAE;gBACb,QAAQ,EAAE,EAAE;aACb,CAAC;SACH;IACH,CAAC;CAEF;AAED,kBAAe,qBAAqB,CAAC","sourcesContent":["import { isNil, defaultTo } from 'lodash';\nimport { Map, List } from 'immutable';\nimport * as uuid from 'uuid';\nimport { Session, SessionRepository, SessionOption, SessionService } from '../Api';\nimport { Intent } from 'lexica-dialog-model/dist/Intent';\n\nclass DefaultSessionService implements SessionService {\n\n  private session: Session;\n\n  constructor(\n    private sessionRepository: SessionRepository,\n    private uni: string,\n    private senderId: string,\n    private expireInMs: number) {\n\n  }\n\n  public async init(): Promise<void> {\n    if (isNil(this.session)) {\n      await this.findOrCreate();\n    }\n  }\n\n  public async save(): Promise<void> {\n    this.session.memories = this.session.memories\n      .map((memory) => {\n        memory.expire = memory.expire - 1;\n        return memory;\n      })\n      .filter(memory => memory.expire > 0);\n    if (!isNil(this.session.lastOptions)) {\n      this.session.lastOptions = this.session.lastOptions\n        .map((sessionOption) => {\n          sessionOption.liveCount += 1;\n          return sessionOption;\n        });\n    }\n    await this.sessionRepository.save(this.uni, this.senderId, this.session, this.expireInMs);\n  }\n\n  public getSessionId(): string {\n    return this.session.id;\n  }\n\n  public addMemory(intent: Intent, features: Map<string, string>) {\n    let expire = defaultTo(intent.sessionExpire, -1);\n    expire = expire + 1;\n    this.session.memories.push({\n      expire,\n      features: features.toObject(),\n      intent,\n    });\n  }\n\n  public getMemoriesFeatures(): Map<string, string> {\n    return this.session.memories.reduce(\n      (features, memory) => features.merge(Map(memory.features)), Map<string, string>(),\n    );\n  }\n\n  public getIntentMemoryFeatures() {\n    return List(this.session.memories.map(memory => ({\n      command: memory.intent.command,\n      features: memory.features,\n    })));\n  }\n\n  public startConversation(intent: Intent, features: Map<string, string>): void {\n    if (this.hasConversation()) {\n      throw new Error('Already in conversation');\n    }\n    this.session.conversation = {\n      features: features.toObject(),\n      intent,\n    };\n  }\n\n  public hasConversation(): boolean {\n    return !isNil(this.session.conversation);\n  }\n\n  public getConversationIntent(): Intent {\n    if (isNil(this.session.conversation)) {\n      throw new Error('No conversation');\n    }\n    return this.session.conversation.intent;\n  }\n\n  public getConversationFeatures(): Map<string, string> {\n    if (isNil(this.session.conversation)) {\n      throw new Error('No conversation');\n    }\n    return Map(this.session.conversation.features);\n  }\n\n  public updateConversationFeatures(features: Map<string, string>): void {\n    if (isNil(this.session.conversation)) {\n      throw new Error('No conversation');\n    }\n    this.session.conversation.features = features.toObject();\n  }\n\n  public endConversation(): void {\n    delete this.session.conversation;\n  }\n\n  public setOptions(options: SessionOption[]): void {\n    this.session.lastOptions = options;\n  }\n\n  public hasOptions(): boolean {\n    return !isNil(this.session.lastOptions);\n  }\n\n  public getOptions(): SessionOption[] {\n    if (isNil(this.session.lastOptions)) {\n      throw new Error('No options');\n    }\n    return this.session.lastOptions;\n  }\n\n  public removeOptions(): void {\n    delete this.session.lastOptions;\n  }\n\n  protected async findOrCreate(): Promise<void> {\n    this.session = await this.sessionRepository.findByUniAndSenderId(this.uni, this.senderId);\n    if (isNil(this.session)) {\n      this.session = {\n        id: uuid.v4(),\n        memories: [],\n      };\n    }\n  }\n\n}\n\nexport default DefaultSessionService;\n"]},"_coverageSchema":"332fd63041d2c1bcb487cc26dd0d5f7d97098a6c","hash":"9b6c4fc3f118670a010aebb722241abe21fe3a3d"}
,"/Users/tomlai/Documents/projects/workspace/lexica-os/lexica-dialog-core/src/session/index.ts": {"path":"/Users/tomlai/Documents/projects/workspace/lexica-os/lexica-dialog-core/src/session/index.ts","statementMap":{"0":{"start":{"line":2,"column":0},"end":{"line":2,"column":62}},"1":{"start":{"line":3,"column":23},"end":{"line":3,"column":50}},"2":{"start":{"line":4,"column":0},"end":{"line":4,"column":50}},"3":{"start":{"line":5,"column":31},"end":{"line":5,"column":66}},"4":{"start":{"line":6,"column":0},"end":{"line":6,"column":66}}},"fnMap":{},"branchMap":{},"s":{"0":1,"1":1,"2":1,"3":1,"4":1},"f":{},"b":{},"inputSourceMap":{"version":3,"file":"index.js","sourceRoot":"","sources":["index.ts"],"names":[],"mappings":";;AAAA,mDAA6D;AAApD,0CAAA,OAAO,CAAkB;AAClC,mEAA6E;AAApE,0DAAA,OAAO,CAA0B","sourcesContent":["export { default as SessionService } from './SessionService';\nexport { default as RedisSessionRepository } from './RedisSessionRepository';\n"]},"_coverageSchema":"332fd63041d2c1bcb487cc26dd0d5f7d97098a6c","hash":"b20ce107efc7df230cca9f217fbbecbfa5265446"}
}
