TN:
SF:/Users/tomlai/Documents/projects/workspace/lexica-os/lexica-dialog-core/src/Api.ts
FN:8,(anonymous_0)
FN:15,(anonymous_1)
FN:28,(anonymous_2)
FNF:3
FNH:3
FNDA:1,(anonymous_0)
FNDA:1,(anonymous_1)
FNDA:4,(anonymous_2)
DA:2,1
DA:3,1
DA:4,1
DA:5,1
DA:6,1
DA:8,1
DA:9,1
DA:10,1
DA:11,1
DA:13,1
DA:15,1
DA:16,1
DA:17,1
DA:18,1
DA:19,1
DA:20,1
DA:21,1
DA:22,1
DA:23,1
DA:24,1
DA:26,1
DA:29,4
DA:30,4
DA:33,1
LF:24
LH:24
BRDA:12,0,0,1
BRDA:12,0,1,1
BRDA:25,1,0,1
BRDA:25,1,1,1
BRF:4
BRH:4
end_of_record
TN:
SF:/Users/tomlai/Documents/projects/workspace/lexica-os/lexica-dialog-core/src/BotServer.ts
FN:21,(anonymous_0)
FN:31,(anonymous_1)
FN:92,(anonymous_2)
FN:97,(anonymous_3)
FN:103,(anonymous_4)
FN:106,(anonymous_5)
FN:106,(anonymous_6)
FN:108,(anonymous_7)
FN:112,(anonymous_8)
FN:145,(anonymous_9)
FN:147,(anonymous_10)
FN:152,(anonymous_11)
FN:157,(anonymous_12)
FN:163,(anonymous_13)
FN:165,(anonymous_14)
FN:167,(anonymous_15)
FN:168,(anonymous_16)
FN:205,(anonymous_17)
FN:207,(anonymous_18)
FN:209,(anonymous_19)
FNF:20
FNH:20
FNDA:1,(anonymous_0)
FNDA:1,(anonymous_1)
FNDA:1,(anonymous_2)
FNDA:6,(anonymous_3)
FNDA:1,(anonymous_4)
FNDA:32,(anonymous_5)
FNDA:127,(anonymous_6)
FNDA:32,(anonymous_7)
FNDA:1,(anonymous_8)
FNDA:31,(anonymous_9)
FNDA:1,(anonymous_10)
FNDA:1,(anonymous_11)
FNDA:1,(anonymous_12)
FNDA:1,(anonymous_13)
FNDA:1,(anonymous_14)
FNDA:1,(anonymous_15)
FNDA:43,(anonymous_16)
FNDA:1264,(anonymous_17)
FNDA:31,(anonymous_18)
FNDA:1221,(anonymous_19)
DA:2,1
DA:3,1
DA:4,1
DA:5,1
DA:6,1
DA:7,1
DA:8,1
DA:9,1
DA:10,1
DA:11,1
DA:12,1
DA:13,1
DA:14,1
DA:15,1
DA:16,1
DA:17,1
DA:18,1
DA:19,1
DA:22,1
DA:23,1
DA:24,1
DA:25,1
DA:26,1
DA:27,1
DA:28,1
DA:29,1
DA:32,1
DA:33,1
DA:34,1
DA:35,1
DA:36,1
DA:37,1
DA:42,1
DA:43,1
DA:44,0
DA:45,0
DA:48,0
DA:52,1
DA:54,1
DA:55,0
DA:57,1
DA:58,1
DA:60,0
DA:61,0
DA:63,1
DA:64,0
DA:66,1
DA:67,1
DA:69,0
DA:70,0
DA:72,1
DA:73,1
DA:74,1
DA:75,1
DA:76,1
DA:77,1
DA:78,1
DA:79,1
DA:87,0
DA:89,1
DA:90,1
DA:93,1
DA:94,1
DA:95,1
DA:98,6
DA:99,6
DA:101,0
DA:104,1
DA:105,1
DA:106,127
DA:108,32
DA:109,1
DA:110,1
DA:113,1
DA:145,31
DA:148,1
DA:153,1
DA:158,1
DA:164,1
DA:165,1
DA:168,1
DA:169,43
DA:192,43
DA:193,43
DA:194,43
DA:195,43
DA:196,0
DA:200,0
DA:201,0
DA:206,1264
DA:207,31
DA:209,1233
DA:212,1
LF:93
LH:79
BRDA:43,0,0,0
BRDA:43,0,1,1
BRDA:44,1,0,0
BRDA:44,1,1,0
BRDA:54,2,0,0
BRDA:54,2,1,1
BRDA:57,3,0,1
BRDA:57,3,1,0
BRDA:60,4,0,0
BRDA:60,4,1,0
BRDA:63,5,0,0
BRDA:63,5,1,1
BRDA:63,6,0,1
BRDA:63,6,1,0
BRDA:66,7,0,1
BRDA:66,7,1,0
BRDA:69,8,0,0
BRDA:69,8,1,0
BRDA:78,9,0,1
BRDA:78,9,1,0
BRDA:80,10,0,0
BRDA:80,10,1,1
BRDA:98,11,0,6
BRDA:98,11,1,0
BRDA:106,12,0,127
BRDA:106,12,1,0
BRDA:106,13,0,127
BRDA:106,13,1,127
BRDA:195,14,0,0
BRDA:195,14,1,43
BRDA:205,15,0,43
BRDA:206,16,0,31
BRDA:206,16,1,1233
BRF:33
BRH:16
end_of_record
TN:
SF:/Users/tomlai/Documents/projects/workspace/lexica-os/lexica-dialog-core/src/Utils.ts
FN:8,intentResponsesToBotResponses
FN:10,(anonymous_1)
FN:11,(anonymous_2)
FN:15,intentResponseToBotResponse
FN:21,(anonymous_4)
FN:28,(anonymous_5)
FN:42,(anonymous_6)
FN:59,extractMessage
FN:64,toConfigMap
FN:65,(anonymous_9)
FNF:10
FNH:9
FNDA:5,intentResponsesToBotResponses
FNDA:5,(anonymous_1)
FNDA:5,(anonymous_2)
FNDA:45,intentResponseToBotResponse
FNDA:42,(anonymous_4)
FNDA:11,(anonymous_5)
FNDA:0,(anonymous_6)
FNDA:56,extractMessage
FNDA:86,toConfigMap
FNDA:308,(anonymous_9)
DA:2,1
DA:3,1
DA:4,1
DA:5,1
DA:6,1
DA:7,1
DA:9,5
DA:10,5
DA:11,5
DA:14,1
DA:17,45
DA:18,38
DA:19,38
DA:21,42
DA:25,38
DA:27,7
DA:28,11
DA:34,7
DA:41,0
DA:42,0
DA:47,0
DA:54,0
DA:56,45
DA:58,1
DA:60,56
DA:61,56
DA:63,1
DA:65,308
DA:67,1
LF:29
LH:25
BRDA:17,0,0,38
BRDA:17,0,1,7
BRDA:17,1,0,45
BRDA:17,1,1,38
BRDA:27,2,0,7
BRDA:27,2,1,0
BRDA:27,3,0,7
BRDA:27,3,1,7
BRDA:41,4,0,0
BRDA:41,4,1,0
BRDA:41,5,0,0
BRDA:41,5,1,0
BRF:12
BRH:7
end_of_record
TN:
SF:/Users/tomlai/Documents/projects/workspace/lexica-os/lexica-dialog-core/src/index.ts
FN:4,(anonymous_0)
FNF:1
FNH:1
FNDA:1,(anonymous_0)
DA:2,1
DA:3,1
DA:4,1
LF:3
LH:3
BRF:0
BRH:0
end_of_record
TN:
SF:/Users/tomlai/Documents/projects/workspace/lexica-os/lexica-dialog-core/src/aws/ElasticTranscoderService.ts
FN:6,(anonymous_0)
FN:12,(anonymous_1)
FN:15,(anonymous_2)
FN:18,(anonymous_3)
FN:52,(anonymous_4)
FNF:5
FNH:5
FNDA:1,(anonymous_0)
FNDA:1,(anonymous_1)
FNDA:1,(anonymous_2)
FNDA:2,(anonymous_3)
FNDA:9,(anonymous_4)
DA:2,1
DA:3,1
DA:4,1
DA:7,1
DA:8,1
DA:13,1
DA:16,1
DA:19,2
DA:20,2
DA:24,2
DA:34,2
DA:35,2
DA:36,2
DA:37,2
DA:38,2
DA:39,11
DA:40,11
DA:41,11
DA:42,2
DA:44,9
DA:45,0
DA:47,9
DA:48,0
DA:51,9
DA:52,9
DA:54,0
DA:56,0
DA:59,1
DA:60,1
LF:29
LH:25
BRDA:35,0,0,2
BRDA:35,0,1,0
BRDA:35,1,0,2
BRDA:35,1,1,2
BRDA:40,2,0,11
BRDA:40,2,1,0
BRDA:41,3,0,2
BRDA:41,3,1,9
BRDA:44,4,0,0
BRDA:44,4,1,9
BRDA:47,5,0,0
BRDA:47,5,1,9
BRF:12
BRH:8
end_of_record
TN:
SF:/Users/tomlai/Documents/projects/workspace/lexica-os/lexica-dialog-core/src/aws/S3Service.ts
FN:9,(anonymous_0)
FN:15,(anonymous_1)
FN:16,(anonymous_2)
FN:20,(anonymous_3)
FN:40,(anonymous_4)
FNF:5
FNH:4
FNDA:1,(anonymous_0)
FNDA:4,(anonymous_1)
FNDA:4,(anonymous_2)
FNDA:4,(anonymous_3)
FNDA:0,(anonymous_4)
DA:2,1
DA:3,1
DA:4,1
DA:5,1
DA:6,1
DA:7,1
DA:10,1
DA:11,1
DA:16,4
DA:17,4
DA:18,4
DA:19,4
DA:20,4
DA:21,4
DA:22,4
DA:23,4
DA:25,4
DA:31,4
DA:37,0
DA:40,0
DA:43,0
DA:48,1
DA:49,1
LF:23
LH:20
BRDA:17,0,0,4
BRDA:17,0,1,0
BRDA:17,1,0,4
BRDA:17,1,1,0
BRDA:19,2,0,3
BRDA:19,2,1,1
BRDA:23,3,0,3
BRDA:23,3,1,1
BRF:8
BRH:6
end_of_record
TN:
SF:/Users/tomlai/Documents/projects/workspace/lexica-os/lexica-dialog-core/src/aws/index.ts
FNF:0
FNH:0
DA:2,1
DA:3,1
DA:4,1
DA:5,1
DA:6,1
LF:5
LH:5
BRF:0
BRH:0
end_of_record
TN:
SF:/Users/tomlai/Documents/projects/workspace/lexica-os/lexica-dialog-core/src/executors/CloseIssueExecutor.ts
FN:5,(anonymous_0)
FNF:1
FNH:1
FNDA:2,(anonymous_0)
DA:2,1
DA:3,1
DA:4,1
DA:5,1
DA:6,2
DA:7,2
DA:8,2
DA:9,2
DA:10,2
DA:11,2
DA:12,2
DA:15,1
LF:12
LH:12
BRDA:7,0,0,2
BRDA:7,0,1,0
BRF:2
BRH:1
end_of_record
TN:
SF:/Users/tomlai/Documents/projects/workspace/lexica-os/lexica-dialog-core/src/executors/CreateIssueExecutor.ts
FN:5,(anonymous_0)
FNF:1
FNH:1
FNDA:2,(anonymous_0)
DA:2,1
DA:3,1
DA:4,1
DA:5,1
DA:6,2
DA:7,2
DA:8,2
DA:9,2
DA:17,2
DA:18,2
DA:19,2
DA:20,2
DA:24,1
LF:13
LH:13
BRDA:7,0,0,2
BRDA:7,0,1,0
BRDA:7,1,0,2
BRDA:7,1,1,1
BRDA:18,2,0,2
BRDA:18,2,1,0
BRF:6
BRH:4
end_of_record
TN:
SF:/Users/tomlai/Documents/projects/workspace/lexica-os/lexica-dialog-core/src/executors/index.ts
FNF:0
FNH:0
DA:2,1
DA:3,1
DA:4,1
DA:5,1
DA:6,1
LF:5
LH:5
BRF:0
BRH:0
end_of_record
TN:
SF:/Users/tomlai/Documents/projects/workspace/lexica-os/lexica-dialog-core/src/middlewares/AdditionalResponseMessageMiddleware.ts
FN:7,(anonymous_0)
FNF:1
FNH:1
FNDA:36,(anonymous_0)
DA:2,1
DA:3,1
DA:4,1
DA:5,1
DA:6,1
DA:7,1
DA:8,36
DA:9,33
DA:10,33
DA:15,5
DA:16,5
DA:17,5
DA:18,5
DA:19,5
DA:20,5
DA:21,5
DA:22,5
DA:23,4
DA:24,4
DA:25,4
DA:26,4
DA:29,5
DA:30,5
DA:31,5
DA:32,0
DA:35,5
DA:40,1
LF:27
LH:26
BRDA:10,0,0,5
BRDA:10,0,1,28
BRDA:10,1,0,33
BRDA:10,1,1,33
BRDA:10,1,2,33
BRDA:10,1,3,33
BRDA:10,1,4,5
BRDA:22,2,0,4
BRDA:22,2,1,1
BRDA:25,3,0,4
BRDA:25,3,1,0
BRDA:25,4,0,4
BRDA:25,4,1,4
BRDA:29,5,0,5
BRDA:29,5,1,0
BRDA:31,6,0,0
BRDA:31,6,1,5
BRF:17
BRH:14
end_of_record
TN:
SF:/Users/tomlai/Documents/projects/workspace/lexica-os/lexica-dialog-core/src/middlewares/CommandsValidationMiddleware.ts
FN:5,(anonymous_0)
FN:10,(anonymous_1)
FNF:2
FNH:2
FNDA:36,(anonymous_0)
FNDA:37,(anonymous_1)
DA:2,1
DA:3,1
DA:4,1
DA:5,1
DA:6,36
DA:7,36
DA:8,0
DA:10,36
DA:11,37
DA:12,2
DA:15,34
DA:17,1
LF:12
LH:11
BRDA:7,0,0,0
BRDA:7,0,1,36
BRDA:11,1,0,2
BRDA:11,1,1,35
BRF:4
BRH:3
end_of_record
TN:
SF:/Users/tomlai/Documents/projects/workspace/lexica-os/lexica-dialog-core/src/middlewares/ContinuousOptionsToTextMiddleware.ts
FN:5,(anonymous_0)
FN:11,(anonymous_1)
FNF:2
FNH:2
FNDA:38,(anonymous_0)
FNDA:5,(anonymous_1)
DA:2,1
DA:3,1
DA:4,1
DA:5,1
DA:6,38
DA:7,38
DA:8,38
DA:9,35
DA:10,35
DA:11,5
DA:12,5
DA:13,5
DA:16,1
DA:21,5
DA:26,1
LF:15
LH:15
BRDA:10,0,0,5
BRDA:10,0,1,30
BRDA:13,1,0,1
BRDA:13,1,1,4
BRDA:13,2,0,5
BRDA:13,2,1,2
BRDA:13,2,2,1
BRF:7
BRH:7
end_of_record
TN:
SF:/Users/tomlai/Documents/projects/workspace/lexica-os/lexica-dialog-core/src/middlewares/ConversationIntentMiddleware.ts
FN:5,(anonymous_0)
FN:10,(anonymous_1)
FN:11,(anonymous_2)
FNF:3
FNH:3
FNDA:36,(anonymous_0)
FNDA:2,(anonymous_1)
FNDA:2,(anonymous_2)
DA:2,1
DA:3,1
DA:4,1
DA:5,1
DA:6,36
DA:7,36
DA:8,2
DA:10,2
DA:11,2
DA:12,2
DA:13,2
DA:21,36
DA:23,1
LF:13
LH:13
BRDA:7,0,0,2
BRDA:7,0,1,34
BRDA:7,1,0,36
BRDA:7,1,1,36
BRF:4
BRH:4
end_of_record
TN:
SF:/Users/tomlai/Documents/projects/workspace/lexica-os/lexica-dialog-core/src/middlewares/FallbackResponseMiddleware.ts
FN:8,findFallbackCommand
FN:12,(anonymous_1)
FN:18,(anonymous_2)
FN:27,(anonymous_3)
FN:47,(anonymous_4)
FN:49,(anonymous_5)
FNF:6
FNH:6
FNDA:3,findFallbackCommand
FNDA:3,(anonymous_1)
FNDA:3,(anonymous_2)
FNDA:42,(anonymous_3)
FNDA:2,(anonymous_4)
FNDA:2,(anonymous_5)
DA:2,1
DA:3,1
DA:4,1
DA:5,1
DA:6,1
DA:7,1
DA:10,3
DA:13,3
DA:14,1
DA:16,2
DA:18,3
DA:19,3
DA:20,1
DA:22,2
DA:23,2
DA:25,3
DA:27,1
DA:28,42
DA:29,42
DA:32,3
DA:33,3
DA:34,3
DA:35,3
DA:42,3
DA:43,3
DA:44,3
DA:45,3
DA:46,2
DA:47,2
DA:48,2
DA:49,2
DA:50,2
DA:53,3
DA:54,1
DA:58,1
DA:62,1
LF:36
LH:36
BRDA:13,0,0,1
BRDA:13,0,1,2
BRDA:13,1,0,3
BRDA:13,1,1,1
BRDA:19,2,0,1
BRDA:19,2,1,2
BRDA:22,3,0,2
BRDA:22,3,1,0
BRDA:42,4,0,3
BRDA:42,4,1,0
BRDA:42,5,0,3
BRDA:42,5,1,3
BRDA:45,6,0,2
BRDA:45,6,1,1
BRDA:53,7,0,1
BRDA:53,7,1,2
BRF:16
BRH:14
end_of_record
TN:
SF:/Users/tomlai/Documents/projects/workspace/lexica-os/lexica-dialog-core/src/middlewares/FetchIssueMiddleware.ts
FN:5,(anonymous_0)
FNF:1
FNH:1
FNDA:42,(anonymous_0)
DA:2,1
DA:3,1
DA:4,1
DA:5,1
DA:6,42
DA:7,42
DA:8,42
DA:9,42
DA:10,42
DA:11,9
DA:14,42
DA:16,1
LF:12
LH:12
BRDA:7,0,0,42
BRDA:7,0,1,0
BRDA:10,1,0,9
BRDA:10,1,1,33
BRF:4
BRH:3
end_of_record
TN:
SF:/Users/tomlai/Documents/projects/workspace/lexica-os/lexica-dialog-core/src/middlewares/FileRequestMiddleware.ts
FN:11,(anonymous_0)
FNF:1
FNH:1
FNDA:42,(anonymous_0)
DA:2,1
DA:3,1
DA:4,1
DA:5,1
DA:11,1
DA:12,42
DA:13,42
DA:14,4
DA:15,4
DA:16,4
DA:18,42
DA:20,1
LF:12
LH:12
BRDA:13,0,0,4
BRDA:13,0,1,38
BRDA:13,1,0,42
BRDA:13,1,1,42
BRDA:13,1,2,4
BRF:5
BRH:5
end_of_record
TN:
SF:/Users/tomlai/Documents/projects/workspace/lexica-os/lexica-dialog-core/src/middlewares/FileRequestResponseMiddleware.ts
FN:7,(anonymous_0)
FN:18,(anonymous_1)
FN:20,(anonymous_2)
FNF:3
FNH:3
FNDA:42,(anonymous_0)
FNDA:4,(anonymous_1)
FNDA:4,(anonymous_2)
DA:2,1
DA:3,1
DA:4,1
DA:5,1
DA:6,1
DA:7,1
DA:8,42
DA:9,42
DA:13,4
DA:14,4
DA:15,4
DA:16,4
DA:17,4
DA:18,4
DA:19,4
DA:20,4
DA:23,0
DA:27,38
DA:30,1
LF:19
LH:18
BRDA:9,0,0,4
BRDA:9,0,1,38
BRDA:9,1,0,42
BRDA:9,1,1,42
BRDA:9,1,2,4
BRDA:9,1,3,4
BRDA:16,2,0,4
BRDA:16,2,1,0
BRF:8
BRH:7
end_of_record
TN:
SF:/Users/tomlai/Documents/projects/workspace/lexica-os/lexica-dialog-core/src/middlewares/FlattenResponsesMiddleware.ts
FN:4,(anonymous_0)
FN:8,(anonymous_1)
FN:9,(anonymous_2)
FNF:3
FNH:3
FNDA:36,(anonymous_0)
FNDA:34,(anonymous_1)
FNDA:34,(anonymous_2)
DA:2,1
DA:3,1
DA:4,1
DA:5,36
DA:6,33
DA:8,34
DA:9,34
DA:11,1
LF:8
LH:8
BRF:0
BRH:0
end_of_record
TN:
SF:/Users/tomlai/Documents/projects/workspace/lexica-os/lexica-dialog-core/src/middlewares/GlobalConfigMiddleware.ts
FN:4,(anonymous_0)
FNF:1
FNH:1
FNDA:43,(anonymous_0)
DA:2,1
DA:3,1
DA:4,1
DA:5,43
DA:6,43
DA:7,43
DA:8,43
DA:9,43
DA:11,1
LF:9
LH:9
BRF:0
BRH:0
end_of_record
TN:
SF:/Users/tomlai/Documents/projects/workspace/lexica-os/lexica-dialog-core/src/middlewares/IntentDefaultFeatureMiddleware.ts
FN:5,(anonymous_0)
FN:9,(anonymous_1)
FN:15,(anonymous_2)
FN:16,(anonymous_3)
FNF:4
FNH:4
FNDA:33,(anonymous_0)
FNDA:34,(anonymous_1)
FNDA:2,(anonymous_2)
FNDA:2,(anonymous_3)
DA:2,1
DA:3,1
DA:4,1
DA:5,1
DA:6,33
DA:7,33
DA:8,33
DA:9,33
DA:10,34
DA:11,34
DA:12,2
DA:13,2
DA:14,2
DA:15,2
DA:16,2
DA:17,2
DA:21,33
DA:23,1
LF:18
LH:18
BRDA:7,0,0,33
BRDA:7,0,1,0
BRDA:11,1,0,2
BRDA:11,1,1,32
BRDA:11,2,0,34
BRDA:11,2,1,34
BRF:6
BRH:5
end_of_record
TN:
SF:/Users/tomlai/Documents/projects/workspace/lexica-os/lexica-dialog-core/src/middlewares/IntentExecutorMiddleware.ts
FN:4,(anonymous_0)
FN:10,(anonymous_1)
FNF:2
FNH:2
FNDA:31,(anonymous_0)
FNDA:32,(anonymous_1)
DA:2,1
DA:3,1
DA:4,1
DA:5,31
DA:6,31
DA:7,31
DA:8,31
DA:11,32
DA:14,4
DA:33,4
DA:34,5
DA:35,5
DA:38,0
DA:41,4
DA:42,4
DA:45,31
DA:47,31
DA:49,1
LF:18
LH:17
BRDA:6,0,0,31
BRDA:6,0,1,0
BRDA:6,1,0,31
BRDA:6,1,1,31
BRDA:11,2,0,4
BRDA:11,2,1,28
BRDA:11,3,0,32
BRDA:11,3,1,32
BRDA:11,3,2,32
BRDA:34,4,0,5
BRDA:34,4,1,0
BRF:11
BRH:9
end_of_record
TN:
SF:/Users/tomlai/Documents/projects/workspace/lexica-os/lexica-dialog-core/src/middlewares/IntentOptionMiddleware.ts
FN:6,(anonymous_0)
FN:15,(anonymous_1)
FN:33,(anonymous_2)
FN:37,(anonymous_3)
FNF:4
FNH:4
FNDA:38,(anonymous_0)
FNDA:9,(anonymous_1)
FNDA:42,(anonymous_2)
FNDA:10,(anonymous_3)
DA:2,1
DA:3,1
DA:4,1
DA:5,1
DA:6,1
DA:7,38
DA:8,38
DA:13,5
DA:15,9
DA:18,5
DA:19,5
DA:20,5
DA:27,5
DA:30,38
DA:31,35
DA:33,42
DA:34,35
DA:35,6
DA:36,6
DA:37,10
DA:43,6
DA:44,6
DA:49,1
LF:23
LH:23
BRDA:8,0,0,5
BRDA:8,0,1,33
BRDA:8,1,0,38
BRDA:8,1,1,38
BRDA:8,1,2,38
BRDA:8,1,3,38
BRDA:8,1,4,5
BRDA:15,2,0,9
BRDA:15,2,1,9
BRDA:18,3,0,5
BRDA:18,3,1,0
BRDA:18,4,0,5
BRDA:18,4,1,5
BRDA:34,5,0,6
BRDA:34,5,1,29
BRDA:34,6,0,35
BRDA:34,6,1,35
BRDA:34,6,2,6
BRDA:36,7,0,6
BRDA:36,7,1,0
BRDA:37,8,0,6
BRDA:37,8,1,0
BRDA:43,9,0,6
BRDA:43,9,1,0
BRF:24
BRH:20
end_of_record
TN:
SF:/Users/tomlai/Documents/projects/workspace/lexica-os/lexica-dialog-core/src/middlewares/IntentPostProcessorMiddleware.ts
FN:5,(anonymous_0)
FN:18,(anonymous_1)
FN:23,(anonymous_2)
FN:24,(anonymous_3)
FNF:4
FNH:4
FNDA:31,(anonymous_0)
FNDA:32,(anonymous_1)
FNDA:2,(anonymous_2)
FNDA:2,(anonymous_3)
DA:2,1
DA:3,1
DA:4,1
DA:5,1
DA:6,31
DA:7,31
DA:8,31
DA:9,31
DA:18,31
DA:19,32
DA:20,32
DA:21,32
DA:22,32
DA:23,2
DA:24,2
DA:25,32
DA:26,2
DA:29,32
DA:31,31
DA:33,31
DA:35,1
LF:21
LH:21
BRDA:7,0,0,31
BRDA:7,0,1,0
BRDA:21,1,0,32
BRDA:21,1,1,0
BRDA:21,2,0,32
BRDA:21,2,1,32
BRF:6
BRH:4
end_of_record
TN:
SF:/Users/tomlai/Documents/projects/workspace/lexica-os/lexica-dialog-core/src/middlewares/IntentPreProcessorMiddleware.ts
FN:5,(anonymous_0)
FN:18,(anonymous_1)
FN:23,(anonymous_2)
FN:24,(anonymous_3)
FNF:4
FNH:4
FNDA:34,(anonymous_0)
FNDA:35,(anonymous_1)
FNDA:4,(anonymous_2)
FNDA:4,(anonymous_3)
DA:2,1
DA:3,1
DA:4,1
DA:5,1
DA:6,34
DA:7,34
DA:8,34
DA:9,34
DA:18,34
DA:19,35
DA:20,35
DA:21,35
DA:22,35
DA:23,4
DA:24,4
DA:25,35
DA:26,4
DA:28,34
DA:31,34
DA:33,33
DA:35,1
LF:21
LH:21
BRDA:7,0,0,34
BRDA:7,0,1,0
BRDA:21,1,0,35
BRDA:21,1,1,0
BRDA:21,2,0,35
BRDA:21,2,1,35
BRF:6
BRH:4
end_of_record
TN:
SF:/Users/tomlai/Documents/projects/workspace/lexica-os/lexica-dialog-core/src/middlewares/IntentRequiredFeatureMiddleware.ts
FN:5,(anonymous_0)
FN:7,(anonymous_1)
FN:12,(anonymous_2)
FNF:3
FNH:3
FNDA:33,(anonymous_0)
FNDA:34,(anonymous_1)
FNDA:24,(anonymous_2)
DA:2,1
DA:3,1
DA:4,1
DA:5,1
DA:6,33
DA:7,33
DA:8,34
DA:9,34
DA:10,34
DA:11,34
DA:12,34
DA:14,34
DA:15,2
DA:19,31
DA:21,1
LF:15
LH:15
BRDA:9,0,0,34
BRDA:9,0,1,0
BRDA:11,1,0,34
BRDA:11,1,1,0
BRDA:14,2,0,2
BRDA:14,2,1,32
BRF:6
BRH:4
end_of_record
TN:
SF:/Users/tomlai/Documents/projects/workspace/lexica-os/lexica-dialog-core/src/middlewares/IntentResponseMiddleware.ts
FN:6,(anonymous_0)
FN:10,(anonymous_1)
FN:14,(anonymous_2)
FN:16,(anonymous_3)
FNF:4
FNH:4
FNDA:31,(anonymous_0)
FNDA:32,(anonymous_1)
FNDA:32,(anonymous_2)
FNDA:32,(anonymous_3)
DA:2,1
DA:3,1
DA:4,1
DA:5,1
DA:6,1
DA:7,31
DA:8,31
DA:9,31
DA:10,31
DA:11,32
DA:12,32
DA:13,32
DA:14,32
DA:15,32
DA:16,32
DA:20,31
DA:22,1
LF:17
LH:17
BRDA:8,0,0,31
BRDA:8,0,1,0
BRDA:12,1,0,32
BRDA:12,1,1,0
BRF:4
BRH:2
end_of_record
TN:
SF:/Users/tomlai/Documents/projects/workspace/lexica-os/lexica-dialog-core/src/middlewares/MemoriesFeatureMiddleware.ts
FN:4,(anonymous_0)
FN:8,(anonymous_1)
FN:20,(anonymous_2)
FNF:3
FNH:3
FNDA:33,(anonymous_0)
FNDA:34,(anonymous_1)
FNDA:32,(anonymous_2)
DA:2,1
DA:3,1
DA:4,1
DA:5,33
DA:6,33
DA:7,33
DA:8,33
DA:9,34
DA:10,34
DA:11,34
DA:14,0
DA:18,33
DA:19,31
DA:20,31
DA:21,32
DA:22,32
DA:23,32
DA:28,1
LF:18
LH:17
BRDA:6,0,0,33
BRDA:6,0,1,0
BRDA:10,1,0,34
BRDA:10,1,1,0
BRDA:19,2,0,31
BRDA:19,2,1,0
BRDA:22,3,0,32
BRDA:22,3,1,0
BRDA:22,4,0,32
BRDA:22,4,1,32
BRF:10
BRH:6
end_of_record
TN:
SF:/Users/tomlai/Documents/projects/workspace/lexica-os/lexica-dialog-core/src/middlewares/MessengerMiddleware.ts
FN:5,(anonymous_0)
FN:10,(anonymous_1)
FNF:2
FNH:1
FNDA:42,(anonymous_0)
FNDA:0,(anonymous_1)
DA:2,1
DA:3,1
DA:4,1
DA:5,1
DA:6,42
DA:7,42
DA:8,42
DA:9,42
DA:10,0
DA:18,42
DA:19,42
DA:20,42
DA:21,42
DA:23,1
LF:14
LH:13
BRDA:9,0,0,0
BRDA:9,0,1,42
BRDA:9,1,0,42
BRDA:9,1,1,0
BRF:4
BRH:2
end_of_record
TN:
SF:/Users/tomlai/Documents/projects/workspace/lexica-os/lexica-dialog-core/src/middlewares/MessengerWhiteListMiddleware.ts
FN:4,(anonymous_0)
FN:8,(anonymous_1)
FNF:2
FNH:2
FNDA:43,(anonymous_0)
FNDA:1,(anonymous_1)
DA:2,1
DA:3,1
DA:4,1
DA:5,43
DA:6,43
DA:7,1
DA:8,1
DA:9,1
DA:10,0
DA:13,1
DA:17,42
DA:20,1
LF:12
LH:11
BRDA:6,0,0,1
BRDA:6,0,1,42
BRDA:9,1,0,0
BRDA:9,1,1,1
BRF:4
BRH:3
end_of_record
TN:
SF:/Users/tomlai/Documents/projects/workspace/lexica-os/lexica-dialog-core/src/middlewares/NewIntentMiddleware.ts
FN:4,(anonymous_0)
FN:8,(anonymous_1)
FN:9,(anonymous_2)
FNF:3
FNH:3
FNDA:36,(anonymous_0)
FNDA:37,(anonymous_1)
FNDA:35,(anonymous_2)
DA:2,1
DA:3,1
DA:4,1
DA:5,36
DA:6,36
DA:8,37
DA:10,35
DA:11,35
DA:12,35
DA:15,36
DA:17,1
LF:11
LH:11
BRDA:10,0,0,35
BRDA:10,0,1,0
BRDA:12,1,0,2
BRDA:12,1,1,33
BRF:4
BRH:3
end_of_record
TN:
SF:/Users/tomlai/Documents/projects/workspace/lexica-os/lexica-dialog-core/src/middlewares/NlpMiddleware.ts
FN:5,(anonymous_0)
FN:13,(anonymous_1)
FN:21,(anonymous_2)
FNF:3
FNH:3
FNDA:38,(anonymous_0)
FNDA:34,(anonymous_1)
FNDA:34,(anonymous_2)
DA:2,1
DA:3,1
DA:4,1
DA:5,1
DA:6,38
DA:8,38
DA:9,38
DA:11,38
DA:12,33
DA:13,34
DA:20,33
DA:21,34
DA:22,33
DA:23,33
DA:26,38
DA:28,1
LF:16
LH:16
BRDA:8,0,0,38
BRDA:8,0,1,0
BRDA:11,1,0,33
BRDA:11,1,1,5
BRDA:11,2,0,38
BRDA:11,2,1,38
BRDA:11,2,2,38
BRDA:20,3,0,33
BRDA:20,3,1,0
BRF:9
BRH:7
end_of_record
TN:
SF:/Users/tomlai/Documents/projects/workspace/lexica-os/lexica-dialog-core/src/middlewares/RemoveDuplicateResponseMiddleware.ts
FN:3,(anonymous_0)
FN:8,(anonymous_1)
FN:9,(anonymous_2)
FNF:3
FNH:3
FNDA:36,(anonymous_0)
FNDA:17,(anonymous_1)
FNDA:16,(anonymous_2)
DA:2,1
DA:3,1
DA:4,36
DA:5,33
DA:6,33
DA:7,7
DA:8,17
DA:9,16
DA:13,1
LF:9
LH:9
BRDA:6,0,0,7
BRDA:6,0,1,26
BRF:2
BRH:2
end_of_record
TN:
SF:/Users/tomlai/Documents/projects/workspace/lexica-os/lexica-dialog-core/src/middlewares/RequestMessageLoggingMiddleware.ts
FN:5,(anonymous_0)
FNF:1
FNH:1
FNDA:42,(anonymous_0)
DA:2,1
DA:3,1
DA:4,1
DA:5,1
DA:6,42
DA:7,42
DA:8,42
DA:10,42
DA:11,38
DA:17,4
DA:23,42
DA:34,42
DA:35,9
DA:36,9
DA:39,42
DA:41,1
LF:16
LH:16
BRDA:7,0,0,42
BRDA:7,0,1,0
BRDA:7,1,0,42
BRDA:7,1,1,42
BRDA:10,2,0,38
BRDA:10,2,1,4
BRDA:25,3,0,9
BRDA:25,3,1,33
BRDA:34,4,0,9
BRDA:34,4,1,33
BRF:10
BRH:9
end_of_record
TN:
SF:/Users/tomlai/Documents/projects/workspace/lexica-os/lexica-dialog-core/src/middlewares/ResponseMessageLoggingMiddleware.ts
FN:5,(anonymous_0)
FN:20,(anonymous_1)
FN:25,(anonymous_2)
FN:29,(anonymous_3)
FNF:4
FNH:2
FNDA:42,(anonymous_0)
FNDA:49,(anonymous_1)
FNDA:0,(anonymous_2)
FNDA:0,(anonymous_3)
DA:2,1
DA:3,1
DA:4,1
DA:5,1
DA:6,42
DA:7,42
DA:8,42
DA:10,42
DA:19,42
DA:20,42
DA:21,49
DA:25,0
DA:26,0
DA:29,42
DA:32,1
LF:15
LH:13
BRDA:8,0,0,42
BRDA:8,0,1,0
BRDA:8,1,0,42
BRDA:8,1,1,42
BRDA:8,1,2,42
BRDA:8,1,3,42
BRDA:12,2,0,11
BRDA:12,2,1,31
BRDA:19,3,0,42
BRDA:19,3,1,0
BRF:10
BRH:8
end_of_record
TN:
SF:/Users/tomlai/Documents/projects/workspace/lexica-os/lexica-dialog-core/src/middlewares/SenderInfoMiddleware.ts
FN:4,(anonymous_0)
FNF:1
FNH:1
FNDA:42,(anonymous_0)
DA:2,1
DA:3,1
DA:4,1
DA:5,42
DA:6,42
DA:7,42
DA:9,42
DA:10,1
DA:13,42
DA:15,1
LF:10
LH:10
BRDA:6,0,0,42
BRDA:6,0,1,0
BRDA:9,1,0,1
BRDA:9,1,1,41
BRF:4
BRH:3
end_of_record
TN:
SF:/Users/tomlai/Documents/projects/workspace/lexica-os/lexica-dialog-core/src/middlewares/SessionMiddleware.ts
FN:6,(anonymous_0)
FNF:1
FNH:1
FNDA:42,(anonymous_0)
DA:2,1
DA:3,1
DA:4,1
DA:5,1
DA:6,1
DA:7,42
DA:8,42
DA:9,42
DA:10,42
DA:11,42
DA:12,42
DA:13,39
DA:16,0
DA:19,1
LF:14
LH:13
BRDA:8,0,0,42
BRDA:8,0,1,0
BRF:2
BRH:1
end_of_record
TN:
SF:/Users/tomlai/Documents/projects/workspace/lexica-os/lexica-dialog-core/src/middlewares/StartConversationMiddleware.ts
FN:7,(anonymous_0)
FN:32,(anonymous_1)
FN:34,(anonymous_2)
FN:37,(anonymous_3)
FN:39,(anonymous_4)
FNF:5
FNH:5
FNDA:36,(anonymous_0)
FNDA:4,(anonymous_1)
FNDA:1,(anonymous_2)
FNDA:2,(anonymous_3)
FNDA:2,(anonymous_4)
DA:2,1
DA:3,1
DA:4,1
DA:5,1
DA:6,1
DA:7,1
DA:8,36
DA:9,36
DA:12,5
DA:13,5
DA:18,2
DA:19,2
DA:20,2
DA:21,2
DA:22,2
DA:23,2
DA:24,2
DA:25,2
DA:26,1
DA:29,1
DA:31,2
DA:32,4
DA:34,1
DA:36,2
DA:37,2
DA:38,2
DA:39,2
DA:42,0
DA:46,3
DA:50,1
LF:30
LH:29
BRDA:13,0,0,2
BRDA:13,0,1,3
BRDA:13,1,0,5
BRDA:13,1,1,5
BRDA:13,1,2,5
BRDA:13,1,3,4
BRDA:13,1,4,2
BRDA:23,2,0,2
BRDA:23,2,1,0
BRDA:23,3,0,2
BRDA:23,3,1,2
BRDA:25,4,0,1
BRDA:25,4,1,1
BRF:13
BRH:12
end_of_record
TN:
SF:/Users/tomlai/Documents/projects/workspace/lexica-os/lexica-dialog-core/src/middlewares/SuspendAutoReplyMiddleware.ts
FN:8,(anonymous_0)
FN:12,(anonymous_1)
FN:14,(anonymous_2)
FN:17,(anonymous_3)
FN:18,(anonymous_4)
FN:24,(anonymous_5)
FN:33,(anonymous_6)
FN:127,(anonymous_7)
FN:128,(anonymous_8)
FNF:9
FNH:9
FNDA:2,(anonymous_0)
FNDA:24,(anonymous_1)
FNDA:71,(anonymous_2)
FNDA:9,(anonymous_3)
FNDA:28,(anonymous_4)
FNDA:6,(anonymous_5)
FNDA:38,(anonymous_6)
FNDA:13,(anonymous_7)
FNDA:6,(anonymous_8)
DA:2,1
DA:3,1
DA:4,1
DA:5,1
DA:6,1
DA:7,1
DA:8,1
DA:9,2
DA:10,2
DA:12,1
DA:13,24
DA:14,71
DA:15,24
DA:17,1
DA:18,28
DA:19,9
DA:20,3
DA:22,6
DA:24,1
DA:25,6
DA:26,0
DA:28,6
DA:29,6
DA:30,6
DA:31,6
DA:33,1
DA:34,38
DA:35,38
DA:36,38
DA:37,38
DA:39,38
DA:41,1
DA:42,1
DA:43,1
DA:51,1
DA:52,1
DA:54,1
DA:55,1
DA:58,37
DA:59,28
DA:62,9
DA:63,9
DA:64,9
DA:65,9
DA:66,3
DA:69,6
DA:70,6
DA:71,6
DA:72,6
DA:73,6
DA:74,6
DA:75,0
DA:77,6
DA:78,0
DA:80,6
DA:81,0
DA:83,6
DA:85,6
DA:86,6
DA:87,1
DA:88,1
DA:96,1
DA:97,1
DA:98,1
DA:99,1
DA:100,1
DA:101,1
DA:102,1
DA:104,1
DA:106,6
DA:110,2
DA:111,2
DA:118,2
DA:119,2
DA:120,2
DA:122,2
DA:124,6
DA:125,3
DA:126,3
DA:127,13
DA:129,6
DA:130,2
DA:132,4
DA:135,6
DA:136,5
DA:142,0
DA:145,1
LF:87
LH:82
BRDA:19,0,0,3
BRDA:19,0,1,6
BRDA:25,1,0,0
BRDA:25,1,1,6
BRDA:35,2,0,38
BRDA:35,2,1,0
BRDA:39,3,0,1
BRDA:39,3,1,37
BRDA:39,4,0,38
BRDA:39,4,1,38
BRDA:41,5,0,1
BRDA:41,5,1,0
BRDA:51,6,0,1
BRDA:51,6,1,0
BRDA:58,7,0,28
BRDA:58,7,1,9
BRDA:65,8,0,3
BRDA:65,8,1,6
BRDA:74,9,0,0
BRDA:74,9,1,6
BRDA:77,10,0,0
BRDA:77,10,1,6
BRDA:80,11,0,0
BRDA:80,11,1,6
BRDA:83,12,0,0
BRDA:83,12,1,6
BRDA:85,13,0,0
BRDA:85,13,1,6
BRDA:86,14,0,1
BRDA:86,14,1,5
BRDA:86,15,0,6
BRDA:86,15,1,6
BRDA:101,16,0,1
BRDA:101,16,1,0
BRDA:106,17,0,2
BRDA:106,17,1,4
BRDA:106,18,0,6
BRDA:106,18,1,5
BRDA:106,18,2,5
BRDA:106,18,3,5
BRDA:118,19,0,2
BRDA:118,19,1,0
BRDA:124,20,0,3
BRDA:124,20,1,3
BRDA:124,21,0,6
BRDA:124,21,1,3
BRDA:129,22,0,2
BRDA:129,22,1,4
BRDA:129,23,0,6
BRDA:129,23,1,6
BRDA:135,24,0,5
BRDA:135,24,1,1
BRF:52
BRH:41
end_of_record
TN:
SF:/Users/tomlai/Documents/projects/workspace/lexica-os/lexica-dialog-core/src/middlewares/TranscodeMiddleware.ts
FN:5,(anonymous_0)
FNF:1
FNH:1
FNDA:42,(anonymous_0)
DA:2,1
DA:3,1
DA:4,1
DA:5,1
DA:6,42
DA:7,42
DA:11,2
DA:14,2
DA:18,2
DA:19,2
DA:21,42
DA:23,1
LF:12
LH:12
BRDA:7,0,0,2
BRDA:7,0,1,40
BRDA:7,1,0,42
BRDA:7,1,1,42
BRDA:7,1,2,41
BRDA:7,1,3,2
BRDA:7,1,4,2
BRDA:11,2,0,1
BRDA:11,2,1,1
BRF:9
BRH:9
end_of_record
TN:
SF:/Users/tomlai/Documents/projects/workspace/lexica-os/lexica-dialog-core/src/middlewares/UnitConfigMiddleware.ts
FN:4,(anonymous_0)
FNF:1
FNH:1
FNDA:43,(anonymous_0)
DA:2,1
DA:3,1
DA:4,1
DA:5,43
DA:6,43
DA:7,43
DA:8,43
DA:10,1
LF:8
LH:8
BRF:0
BRH:0
end_of_record
TN:
SF:/Users/tomlai/Documents/projects/workspace/lexica-os/lexica-dialog-core/src/middlewares/index.ts
FNF:0
FNH:0
DA:2,1
DA:3,1
DA:4,1
DA:5,1
DA:6,1
DA:7,1
DA:8,1
DA:9,1
DA:10,1
DA:11,1
DA:12,1
DA:13,1
DA:14,1
DA:15,1
DA:16,1
DA:17,1
DA:18,1
DA:19,1
DA:20,1
DA:21,1
DA:22,1
DA:23,1
DA:24,1
DA:25,1
DA:26,1
DA:27,1
DA:28,1
DA:29,1
DA:30,1
DA:31,1
DA:32,1
DA:33,1
DA:34,1
DA:35,1
DA:36,1
DA:37,1
DA:38,1
DA:39,1
DA:40,1
DA:41,1
DA:42,1
DA:43,1
DA:44,1
DA:45,1
DA:46,1
DA:47,1
DA:48,1
DA:49,1
DA:50,1
DA:51,1
DA:52,1
DA:53,1
DA:54,1
DA:55,1
DA:56,1
DA:57,1
DA:58,1
DA:59,1
DA:60,1
DA:61,1
DA:62,1
DA:63,1
DA:64,1
LF:63
LH:63
BRF:0
BRH:0
end_of_record
TN:
SF:/Users/tomlai/Documents/projects/workspace/lexica-os/lexica-dialog-core/src/nlp/DefaultNlpService.ts
FN:7,(anonymous_0)
FN:10,(anonymous_1)
FN:22,(anonymous_2)
FNF:3
FNH:0
FNDA:0,(anonymous_0)
FNDA:0,(anonymous_1)
FNDA:0,(anonymous_2)
DA:2,1
DA:3,1
DA:4,1
DA:5,1
DA:8,0
DA:11,0
DA:12,0
DA:22,0
DA:28,1
LF:9
LH:5
BRDA:11,0,0,0
BRDA:11,0,1,0
BRF:2
BRH:0
end_of_record
TN:
SF:/Users/tomlai/Documents/projects/workspace/lexica-os/lexica-dialog-core/src/post-processors/DatePostProcessor.ts
FN:3,(anonymous_0)
FN:4,(anonymous_1)
FNF:2
FNH:2
FNDA:1,(anonymous_0)
FNDA:3,(anonymous_1)
DA:2,1
DA:3,1
DA:4,1
DA:5,3
DA:6,1
DA:8,2
DA:11,1
LF:7
LH:7
BRDA:5,0,0,1
BRDA:5,0,1,2
BRF:2
BRH:2
end_of_record
TN:
SF:/Users/tomlai/Documents/projects/workspace/lexica-os/lexica-dialog-core/src/post-processors/index.ts
FNF:0
FNH:0
DA:2,1
DA:3,1
DA:4,1
LF:3
LH:3
BRF:0
BRH:0
end_of_record
TN:
SF:/Users/tomlai/Documents/projects/workspace/lexica-os/lexica-dialog-core/src/pre-processors/SenderNamePreProcessor.ts
FN:4,(anonymous_0)
FNF:1
FNH:1
FNDA:1,(anonymous_0)
DA:2,1
DA:3,1
DA:4,1
DA:5,1
DA:6,1
DA:7,1
DA:8,1
DA:9,1
DA:10,1
DA:12,1
DA:17,1
LF:11
LH:11
BRDA:8,0,0,1
BRDA:8,0,1,0
BRF:2
BRH:1
end_of_record
TN:
SF:/Users/tomlai/Documents/projects/workspace/lexica-os/lexica-dialog-core/src/pre-processors/index.ts
FNF:0
FNH:0
DA:2,1
DA:3,1
DA:4,1
LF:3
LH:3
BRF:0
BRH:0
end_of_record
TN:
SF:/Users/tomlai/Documents/projects/workspace/lexica-os/lexica-dialog-core/src/session/RedisSessionRepository.ts
FN:5,(anonymous_0)
FN:8,(anonymous_1)
FN:9,(anonymous_2)
FN:11,(anonymous_3)
FN:21,(anonymous_4)
FN:22,(anonymous_5)
FN:24,(anonymous_6)
FN:34,(anonymous_7)
FNF:8
FNH:8
FNDA:1,(anonymous_0)
FNDA:42,(anonymous_1)
FNDA:42,(anonymous_2)
FNDA:42,(anonymous_3)
FNDA:39,(anonymous_4)
FNDA:39,(anonymous_5)
FNDA:39,(anonymous_6)
FNDA:81,(anonymous_7)
DA:2,1
DA:3,1
DA:6,1
DA:9,42
DA:10,42
DA:11,42
DA:12,42
DA:13,42
DA:16,0
DA:22,39
DA:23,39
DA:24,39
DA:25,39
DA:26,39
DA:29,0
DA:35,81
DA:38,1
LF:17
LH:15
BRDA:12,0,0,42
BRDA:12,0,1,0
BRDA:25,1,0,39
BRDA:25,1,1,0
BRF:4
BRH:2
end_of_record
TN:
SF:/Users/tomlai/Documents/projects/workspace/lexica-os/lexica-dialog-core/src/session/SessionService.ts
FN:7,(anonymous_0)
FN:13,(anonymous_1)
FN:18,(anonymous_2)
FN:20,(anonymous_3)
FN:24,(anonymous_4)
FN:27,(anonymous_5)
FN:34,(anonymous_6)
FN:37,(anonymous_7)
FN:46,(anonymous_8)
FN:47,(anonymous_9)
FN:49,(anonymous_10)
FN:50,(anonymous_11)
FN:55,(anonymous_12)
FN:64,(anonymous_13)
FN:67,(anonymous_14)
FN:73,(anonymous_15)
FN:79,(anonymous_16)
FN:85,(anonymous_17)
FN:88,(anonymous_18)
FN:91,(anonymous_19)
FN:94,(anonymous_20)
FN:100,(anonymous_21)
FN:103,(anonymous_22)
FNF:23
FNH:22
FNDA:42,(anonymous_0)
FNDA:42,(anonymous_1)
FNDA:39,(anonymous_2)
FNDA:48,(anonymous_3)
FNDA:48,(anonymous_4)
FNDA:10,(anonymous_5)
FNDA:84,(anonymous_6)
FNDA:32,(anonymous_7)
FNDA:66,(anonymous_8)
FNDA:30,(anonymous_9)
FNDA:38,(anonymous_10)
FNDA:15,(anonymous_11)
FNDA:1,(anonymous_12)
FNDA:39,(anonymous_13)
FNDA:2,(anonymous_14)
FNDA:2,(anonymous_15)
FNDA:1,(anonymous_16)
FNDA:0,(anonymous_17)
FNDA:6,(anonymous_18)
FNDA:38,(anonymous_19)
FNDA:5,(anonymous_20)
FNDA:5,(anonymous_21)
FNDA:42,(anonymous_22)
DA:2,1
DA:3,1
DA:4,1
DA:5,1
DA:8,42
DA:9,42
DA:10,42
DA:11,42
DA:14,42
DA:15,42
DA:19,39
DA:21,48
DA:22,48
DA:24,48
DA:25,39
DA:26,6
DA:28,10
DA:29,10
DA:32,39
DA:35,84
DA:38,32
DA:39,32
DA:40,32
DA:47,66
DA:50,38
DA:56,1
DA:57,0
DA:59,1
DA:65,39
DA:68,2
DA:69,0
DA:71,2
DA:74,2
DA:75,0
DA:77,2
DA:80,1
DA:81,0
DA:83,1
DA:86,0
DA:89,6
DA:92,38
DA:95,5
DA:96,0
DA:98,5
DA:101,5
DA:104,42
DA:105,42
DA:106,20
DA:113,1
LF:49
LH:43
BRDA:14,0,0,42
BRDA:14,0,1,0
BRDA:25,1,0,6
BRDA:25,1,1,33
BRDA:56,2,0,0
BRDA:56,2,1,1
BRDA:68,3,0,0
BRDA:68,3,1,2
BRDA:74,4,0,0
BRDA:74,4,1,2
BRDA:80,5,0,0
BRDA:80,5,1,1
BRDA:95,6,0,0
BRDA:95,6,1,5
BRDA:105,7,0,20
BRDA:105,7,1,22
BRF:16
BRH:10
end_of_record
TN:
SF:/Users/tomlai/Documents/projects/workspace/lexica-os/lexica-dialog-core/src/session/index.ts
FNF:0
FNH:0
DA:2,1
DA:3,1
DA:4,1
DA:5,1
DA:6,1
LF:5
LH:5
BRF:0
BRH:0
end_of_record
